
*** Running vivado
    with args -log procsys_rst_ps7_100M_0.vds -m64 -product Vivado -mode batch -messageDb vivado.pb -notrace -source procsys_rst_ps7_100M_0.tcl


****** Vivado v2016.3 (64-bit)
  **** SW Build 1682563 on Mon Oct 10 19:07:26 MDT 2016
  **** IP Build 1681267 on Mon Oct 10 21:28:31 MDT 2016
    ** Copyright 1986-2016 Xilinx, Inc. All Rights Reserved.

source procsys_rst_ps7_100M_0.tcl -notrace
Starting RTL Elaboration : Time (s): cpu = 00:00:08 ; elapsed = 00:00:12 . Memory (MB): peak = 1197.344 ; gain = 186.297 ; free physical = 152075 ; free virtual = 257738
INFO: [Synth 8-638] synthesizing module 'procsys_rst_ps7_100M_0' [/home/jf2715/BNN-PYNQ/bnn/src/network/output/vivado/lfcW1A1-pynqZ1-Z2/lfcW1A1-pynqZ1-Z2.srcs/sources_1/bd/procsys/ip/procsys_rst_ps7_100M_0/synth/procsys_rst_ps7_100M_0.vhd:71]
INFO: [Synth 8-638] synthesizing module 'proc_sys_reset' [/home/jf2715/BNN-PYNQ/bnn/src/network/output/vivado/lfcW1A1-pynqZ1-Z2/lfcW1A1-pynqZ1-Z2.srcs/sources_1/bd/procsys/ipshared/04b4/hdl/proc_sys_reset_v5_0_vh_rfs.vhd:1323]
INFO: [Synth 8-638] synthesizing module 'lpf' [/home/jf2715/BNN-PYNQ/bnn/src/network/output/vivado/lfcW1A1-pynqZ1-Z2/lfcW1A1-pynqZ1-Z2.srcs/sources_1/bd/procsys/ipshared/04b4/hdl/proc_sys_reset_v5_0_vh_rfs.vhd:816]
INFO: [Synth 8-638] synthesizing module 'SRL16' [/mnt/applications/Xilinx/16.3/Vivado/2016.3/scripts/rt/data/unisim_comp.v:43312]
INFO: [Synth 8-256] done synthesizing module 'SRL16' (1#1) [/mnt/applications/Xilinx/16.3/Vivado/2016.3/scripts/rt/data/unisim_comp.v:43312]
INFO: [Synth 8-638] synthesizing module 'cdc_sync' [/home/jf2715/BNN-PYNQ/bnn/src/network/output/vivado/lfcW1A1-pynqZ1-Z2/lfcW1A1-pynqZ1-Z2.srcs/sources_1/bd/procsys/ipshared/52cb/hdl/lib_cdc_v1_0_rfs.vhd:106]
INFO: [Synth 8-256] done synthesizing module 'cdc_sync' (2#1) [/home/jf2715/BNN-PYNQ/bnn/src/network/output/vivado/lfcW1A1-pynqZ1-Z2/lfcW1A1-pynqZ1-Z2.srcs/sources_1/bd/procsys/ipshared/52cb/hdl/lib_cdc_v1_0_rfs.vhd:106]
INFO: [Synth 8-256] done synthesizing module 'lpf' (3#1) [/home/jf2715/BNN-PYNQ/bnn/src/network/output/vivado/lfcW1A1-pynqZ1-Z2/lfcW1A1-pynqZ1-Z2.srcs/sources_1/bd/procsys/ipshared/04b4/hdl/proc_sys_reset_v5_0_vh_rfs.vhd:816]
INFO: [Synth 8-638] synthesizing module 'sequence_psr' [/home/jf2715/BNN-PYNQ/bnn/src/network/output/vivado/lfcW1A1-pynqZ1-Z2/lfcW1A1-pynqZ1-Z2.srcs/sources_1/bd/procsys/ipshared/04b4/hdl/proc_sys_reset_v5_0_vh_rfs.vhd:301]
INFO: [Synth 8-638] synthesizing module 'upcnt_n' [/home/jf2715/BNN-PYNQ/bnn/src/network/output/vivado/lfcW1A1-pynqZ1-Z2/lfcW1A1-pynqZ1-Z2.srcs/sources_1/bd/procsys/ipshared/04b4/hdl/proc_sys_reset_v5_0_vh_rfs.vhd:125]
INFO: [Synth 8-256] done synthesizing module 'upcnt_n' (4#1) [/home/jf2715/BNN-PYNQ/bnn/src/network/output/vivado/lfcW1A1-pynqZ1-Z2/lfcW1A1-pynqZ1-Z2.srcs/sources_1/bd/procsys/ipshared/04b4/hdl/proc_sys_reset_v5_0_vh_rfs.vhd:125]
INFO: [Synth 8-256] done synthesizing module 'sequence_psr' (5#1) [/home/jf2715/BNN-PYNQ/bnn/src/network/output/vivado/lfcW1A1-pynqZ1-Z2/lfcW1A1-pynqZ1-Z2.srcs/sources_1/bd/procsys/ipshared/04b4/hdl/proc_sys_reset_v5_0_vh_rfs.vhd:301]
INFO: [Synth 8-256] done synthesizing module 'proc_sys_reset' (6#1) [/home/jf2715/BNN-PYNQ/bnn/src/network/output/vivado/lfcW1A1-pynqZ1-Z2/lfcW1A1-pynqZ1-Z2.srcs/sources_1/bd/procsys/ipshared/04b4/hdl/proc_sys_reset_v5_0_vh_rfs.vhd:1323]
INFO: [Synth 8-256] done synthesizing module 'procsys_rst_ps7_100M_0' (7#1) [/home/jf2715/BNN-PYNQ/bnn/src/network/output/vivado/lfcW1A1-pynqZ1-Z2/lfcW1A1-pynqZ1-Z2.srcs/sources_1/bd/procsys/ip/procsys_rst_ps7_100M_0/synth/procsys_rst_ps7_100M_0.vhd:71]
Finished RTL Elaboration : Time (s): cpu = 00:00:09 ; elapsed = 00:00:14 . Memory (MB): peak = 1238.828 ; gain = 227.781 ; free physical = 151987 ; free virtual = 257653
Finished RTL Optimization Phase 1 : Time (s): cpu = 00:00:10 ; elapsed = 00:00:15 . Memory (MB): peak = 1238.828 ; gain = 227.781 ; free physical = 151987 ; free virtual = 257653
INFO: [Device 21-403] Loading part xc7z020clg400-1
Constraint Validation Runtime : Time (s): cpu = 00:00:00.02 ; elapsed = 00:00:00.07 . Memory (MB): peak = 1641.926 ; gain = 0.008 ; free physical = 151582 ; free virtual = 257282
Finished Constraint Validation : Time (s): cpu = 00:00:19 ; elapsed = 00:00:27 . Memory (MB): peak = 1641.926 ; gain = 630.879 ; free physical = 151583 ; free virtual = 257282
Finished Loading Part and Timing Information : Time (s): cpu = 00:00:19 ; elapsed = 00:00:27 . Memory (MB): peak = 1641.926 ; gain = 630.879 ; free physical = 151583 ; free virtual = 257282
Finished applying 'set_property' XDC Constraints : Time (s): cpu = 00:00:19 ; elapsed = 00:00:27 . Memory (MB): peak = 1641.926 ; gain = 630.879 ; free physical = 151583 ; free virtual = 257282
Finished RTL Optimization Phase 2 : Time (s): cpu = 00:00:20 ; elapsed = 00:00:27 . Memory (MB): peak = 1641.926 ; gain = 630.879 ; free physical = 151575 ; free virtual = 257275
Finished Cross Boundary and Area Optimization : Time (s): cpu = 00:00:20 ; elapsed = 00:00:28 . Memory (MB): peak = 1641.926 ; gain = 630.879 ; free physical = 151559 ; free virtual = 257260
Finished Applying XDC Timing Constraints : Time (s): cpu = 00:00:27 ; elapsed = 00:00:35 . Memory (MB): peak = 1641.926 ; gain = 630.879 ; free physical = 151488 ; free virtual = 257195
Finished Timing Optimization : Time (s): cpu = 00:00:27 ; elapsed = 00:00:35 . Memory (MB): peak = 1641.926 ; gain = 630.879 ; free physical = 151488 ; free virtual = 257195
Finished Technology Mapping : Time (s): cpu = 00:00:27 ; elapsed = 00:00:35 . Memory (MB): peak = 1641.926 ; gain = 630.879 ; free physical = 151471 ; free virtual = 257178
Finished IO Insertion : Time (s): cpu = 00:00:27 ; elapsed = 00:00:35 . Memory (MB): peak = 1641.926 ; gain = 630.879 ; free physical = 151471 ; free virtual = 257178
Finished Renaming Generated Instances : Time (s): cpu = 00:00:27 ; elapsed = 00:00:35 . Memory (MB): peak = 1641.926 ; gain = 630.879 ; free physical = 151471 ; free virtual = 257178
Finished Rebuilding User Hierarchy : Time (s): cpu = 00:00:27 ; elapsed = 00:00:35 . Memory (MB): peak = 1641.926 ; gain = 630.879 ; free physical = 151471 ; free virtual = 257178
Finished Renaming Generated Ports : Time (s): cpu = 00:00:27 ; elapsed = 00:00:35 . Memory (MB): peak = 1641.926 ; gain = 630.879 ; free physical = 151471 ; free virtual = 257178
Finished Handling Custom Attributes : Time (s): cpu = 00:00:27 ; elapsed = 00:00:35 . Memory (MB): peak = 1641.926 ; gain = 630.879 ; free physical = 151471 ; free virtual = 257177
Finished Renaming Generated Nets : Time (s): cpu = 00:00:27 ; elapsed = 00:00:35 . Memory (MB): peak = 1641.926 ; gain = 630.879 ; free physical = 151471 ; free virtual = 257177

Report Cell Usage: 
+------+------+------+
|      |Cell  |Count |
+------+------+------+
|1     |LUT1  |     5|
|2     |LUT2  |     9|
|3     |LUT3  |     1|
|4     |LUT4  |     6|
|5     |LUT5  |     3|
|6     |LUT6  |     1|
|7     |SRL16 |     1|
|8     |FDR   |     8|
|9     |FDRE  |    28|
|10    |FDSE  |     4|
+------+------+------+
Finished Writing Synthesis Report : Time (s): cpu = 00:00:27 ; elapsed = 00:00:35 . Memory (MB): peak = 1641.926 ; gain = 630.879 ; free physical = 151471 ; free virtual = 257177
synth_design: Time (s): cpu = 00:00:24 ; elapsed = 00:00:29 . Memory (MB): peak = 1641.926 ; gain = 524.164 ; free physical = 151280 ; free virtual = 256986
