
*** Running vivado
    with args -log procsys_auto_pc_0.vds -m64 -product Vivado -mode batch -messageDb vivado.pb -notrace -source procsys_auto_pc_0.tcl


****** Vivado v2016.3 (64-bit)
  **** SW Build 1682563 on Mon Oct 10 19:07:26 MDT 2016
  **** IP Build 1681267 on Mon Oct 10 21:28:31 MDT 2016
    ** Copyright 1986-2016 Xilinx, Inc. All Rights Reserved.

source procsys_auto_pc_0.tcl -notrace
Starting RTL Elaboration : Time (s): cpu = 00:00:09 ; elapsed = 00:00:12 . Memory (MB): peak = 1205.344 ; gain = 194.301 ; free physical = 151789 ; free virtual = 257496
INFO: [Synth 8-638] synthesizing module 'procsys_auto_pc_0' [/home/jf2715/BNN-PYNQ/bnn/src/network/output/vivado/lfcW1A1-pynqZ1-Z2/lfcW1A1-pynqZ1-Z2.srcs/sources_1/bd/procsys/ip/procsys_auto_pc_0/synth/procsys_auto_pc_0.v:58]
INFO: [Synth 8-638] synthesizing module 'axi_protocol_converter_v2_1_10_axi_protocol_converter' [/home/jf2715/BNN-PYNQ/bnn/src/network/output/vivado/lfcW1A1-pynqZ1-Z2/lfcW1A1-pynqZ1-Z2.srcs/sources_1/bd/procsys/ipshared/4a8b/hdl/axi_protocol_converter_v2_1_vl_rfs.v:4806]
INFO: [Synth 8-638] synthesizing module 'axi_protocol_converter_v2_1_10_axi3_conv' [/home/jf2715/BNN-PYNQ/bnn/src/network/output/vivado/lfcW1A1-pynqZ1-Z2/lfcW1A1-pynqZ1-Z2.srcs/sources_1/bd/procsys/ipshared/4a8b/hdl/axi_protocol_converter_v2_1_vl_rfs.v:954]
INFO: [Synth 8-638] synthesizing module 'axi_protocol_converter_v2_1_10_b_downsizer' [/home/jf2715/BNN-PYNQ/bnn/src/network/output/vivado/lfcW1A1-pynqZ1-Z2/lfcW1A1-pynqZ1-Z2.srcs/sources_1/bd/procsys/ipshared/4a8b/hdl/axi_protocol_converter_v2_1_vl_rfs.v:2276]
INFO: [Synth 8-256] done synthesizing module 'axi_protocol_converter_v2_1_10_b_downsizer' (1#1) [/home/jf2715/BNN-PYNQ/bnn/src/network/output/vivado/lfcW1A1-pynqZ1-Z2/lfcW1A1-pynqZ1-Z2.srcs/sources_1/bd/procsys/ipshared/4a8b/hdl/axi_protocol_converter_v2_1_vl_rfs.v:2276]
INFO: [Synth 8-638] synthesizing module 'axi_protocol_converter_v2_1_10_a_axi3_conv' [/home/jf2715/BNN-PYNQ/bnn/src/network/output/vivado/lfcW1A1-pynqZ1-Z2/lfcW1A1-pynqZ1-Z2.srcs/sources_1/bd/procsys/ipshared/4a8b/hdl/axi_protocol_converter_v2_1_vl_rfs.v:62]
INFO: [Synth 8-638] synthesizing module 'axi_data_fifo_v2_1_9_axic_fifo' [/home/jf2715/BNN-PYNQ/bnn/src/network/output/vivado/lfcW1A1-pynqZ1-Z2/lfcW1A1-pynqZ1-Z2.srcs/sources_1/bd/procsys/ipshared/10b8/hdl/axi_data_fifo_v2_1_vl_rfs.v:64]
INFO: [Synth 8-638] synthesizing module 'axi_data_fifo_v2_1_9_fifo_gen' [/home/jf2715/BNN-PYNQ/bnn/src/network/output/vivado/lfcW1A1-pynqZ1-Z2/lfcW1A1-pynqZ1-Z2.srcs/sources_1/bd/procsys/ipshared/10b8/hdl/axi_data_fifo_v2_1_vl_rfs.v:168]
INFO: [Synth 8-256] done synthesizing module 'axi_data_fifo_v2_1_9_fifo_gen' (20#1) [/home/jf2715/BNN-PYNQ/bnn/src/network/output/vivado/lfcW1A1-pynqZ1-Z2/lfcW1A1-pynqZ1-Z2.srcs/sources_1/bd/procsys/ipshared/10b8/hdl/axi_data_fifo_v2_1_vl_rfs.v:168]
INFO: [Synth 8-256] done synthesizing module 'axi_data_fifo_v2_1_9_axic_fifo' (21#1) [/home/jf2715/BNN-PYNQ/bnn/src/network/output/vivado/lfcW1A1-pynqZ1-Z2/lfcW1A1-pynqZ1-Z2.srcs/sources_1/bd/procsys/ipshared/10b8/hdl/axi_data_fifo_v2_1_vl_rfs.v:64]
INFO: [Synth 8-256] done synthesizing module 'axi_protocol_converter_v2_1_10_a_axi3_conv' (22#1) [/home/jf2715/BNN-PYNQ/bnn/src/network/output/vivado/lfcW1A1-pynqZ1-Z2/lfcW1A1-pynqZ1-Z2.srcs/sources_1/bd/procsys/ipshared/4a8b/hdl/axi_protocol_converter_v2_1_vl_rfs.v:62]
INFO: [Synth 8-638] synthesizing module 'axi_protocol_converter_v2_1_10_w_axi3_conv' [/home/jf2715/BNN-PYNQ/bnn/src/network/output/vivado/lfcW1A1-pynqZ1-Z2/lfcW1A1-pynqZ1-Z2.srcs/sources_1/bd/procsys/ipshared/4a8b/hdl/axi_protocol_converter_v2_1_vl_rfs.v:2004]
INFO: [Synth 8-256] done synthesizing module 'axi_protocol_converter_v2_1_10_w_axi3_conv' (23#1) [/home/jf2715/BNN-PYNQ/bnn/src/network/output/vivado/lfcW1A1-pynqZ1-Z2/lfcW1A1-pynqZ1-Z2.srcs/sources_1/bd/procsys/ipshared/4a8b/hdl/axi_protocol_converter_v2_1_vl_rfs.v:2004]
INFO: [Synth 8-638] synthesizing module 'axi_protocol_converter_v2_1_10_a_axi3_conv__parameterized0' [/home/jf2715/BNN-PYNQ/bnn/src/network/output/vivado/lfcW1A1-pynqZ1-Z2/lfcW1A1-pynqZ1-Z2.srcs/sources_1/bd/procsys/ipshared/4a8b/hdl/axi_protocol_converter_v2_1_vl_rfs.v:62]
INFO: [Synth 8-638] synthesizing module 'axi_data_fifo_v2_1_9_axic_fifo__parameterized0' [/home/jf2715/BNN-PYNQ/bnn/src/network/output/vivado/lfcW1A1-pynqZ1-Z2/lfcW1A1-pynqZ1-Z2.srcs/sources_1/bd/procsys/ipshared/10b8/hdl/axi_data_fifo_v2_1_vl_rfs.v:64]
INFO: [Synth 8-638] synthesizing module 'axi_data_fifo_v2_1_9_fifo_gen__parameterized0' [/home/jf2715/BNN-PYNQ/bnn/src/network/output/vivado/lfcW1A1-pynqZ1-Z2/lfcW1A1-pynqZ1-Z2.srcs/sources_1/bd/procsys/ipshared/10b8/hdl/axi_data_fifo_v2_1_vl_rfs.v:168]
INFO: [Synth 8-256] done synthesizing module 'axi_data_fifo_v2_1_9_fifo_gen__parameterized0' (23#1) [/home/jf2715/BNN-PYNQ/bnn/src/network/output/vivado/lfcW1A1-pynqZ1-Z2/lfcW1A1-pynqZ1-Z2.srcs/sources_1/bd/procsys/ipshared/10b8/hdl/axi_data_fifo_v2_1_vl_rfs.v:168]
INFO: [Synth 8-256] done synthesizing module 'axi_data_fifo_v2_1_9_axic_fifo__parameterized0' (23#1) [/home/jf2715/BNN-PYNQ/bnn/src/network/output/vivado/lfcW1A1-pynqZ1-Z2/lfcW1A1-pynqZ1-Z2.srcs/sources_1/bd/procsys/ipshared/10b8/hdl/axi_data_fifo_v2_1_vl_rfs.v:64]
INFO: [Synth 8-256] done synthesizing module 'axi_protocol_converter_v2_1_10_a_axi3_conv__parameterized0' (23#1) [/home/jf2715/BNN-PYNQ/bnn/src/network/output/vivado/lfcW1A1-pynqZ1-Z2/lfcW1A1-pynqZ1-Z2.srcs/sources_1/bd/procsys/ipshared/4a8b/hdl/axi_protocol_converter_v2_1_vl_rfs.v:62]
INFO: [Synth 8-638] synthesizing module 'axi_protocol_converter_v2_1_10_r_axi3_conv' [/home/jf2715/BNN-PYNQ/bnn/src/network/output/vivado/lfcW1A1-pynqZ1-Z2/lfcW1A1-pynqZ1-Z2.srcs/sources_1/bd/procsys/ipshared/4a8b/hdl/axi_protocol_converter_v2_1_vl_rfs.v:1789]
INFO: [Synth 8-256] done synthesizing module 'axi_protocol_converter_v2_1_10_r_axi3_conv' (24#1) [/home/jf2715/BNN-PYNQ/bnn/src/network/output/vivado/lfcW1A1-pynqZ1-Z2/lfcW1A1-pynqZ1-Z2.srcs/sources_1/bd/procsys/ipshared/4a8b/hdl/axi_protocol_converter_v2_1_vl_rfs.v:1789]
INFO: [Synth 8-256] done synthesizing module 'axi_protocol_converter_v2_1_10_axi3_conv' (25#1) [/home/jf2715/BNN-PYNQ/bnn/src/network/output/vivado/lfcW1A1-pynqZ1-Z2/lfcW1A1-pynqZ1-Z2.srcs/sources_1/bd/procsys/ipshared/4a8b/hdl/axi_protocol_converter_v2_1_vl_rfs.v:954]
INFO: [Synth 8-256] done synthesizing module 'axi_protocol_converter_v2_1_10_axi_protocol_converter' (26#1) [/home/jf2715/BNN-PYNQ/bnn/src/network/output/vivado/lfcW1A1-pynqZ1-Z2/lfcW1A1-pynqZ1-Z2.srcs/sources_1/bd/procsys/ipshared/4a8b/hdl/axi_protocol_converter_v2_1_vl_rfs.v:4806]
INFO: [Synth 8-256] done synthesizing module 'procsys_auto_pc_0' (27#1) [/home/jf2715/BNN-PYNQ/bnn/src/network/output/vivado/lfcW1A1-pynqZ1-Z2/lfcW1A1-pynqZ1-Z2.srcs/sources_1/bd/procsys/ip/procsys_auto_pc_0/synth/procsys_auto_pc_0.v:58]
Finished RTL Elaboration : Time (s): cpu = 00:00:28 ; elapsed = 00:00:32 . Memory (MB): peak = 1328.824 ; gain = 317.781 ; free physical = 151217 ; free virtual = 257020
Finished RTL Optimization Phase 1 : Time (s): cpu = 00:00:29 ; elapsed = 00:00:33 . Memory (MB): peak = 1328.824 ; gain = 317.781 ; free physical = 151212 ; free virtual = 257020
INFO: [Device 21-403] Loading part xc7z020clg400-1
Constraint Validation Runtime : Time (s): cpu = 00:00:00.10 ; elapsed = 00:00:00.23 . Memory (MB): peak = 1665.211 ; gain = 0.008 ; free physical = 151181 ; free virtual = 256901
Finished Constraint Validation : Time (s): cpu = 00:00:38 ; elapsed = 00:00:45 . Memory (MB): peak = 1665.211 ; gain = 654.168 ; free physical = 151181 ; free virtual = 256900
Finished Loading Part and Timing Information : Time (s): cpu = 00:00:38 ; elapsed = 00:00:45 . Memory (MB): peak = 1665.211 ; gain = 654.168 ; free physical = 151181 ; free virtual = 256900
Finished applying 'set_property' XDC Constraints : Time (s): cpu = 00:00:38 ; elapsed = 00:00:45 . Memory (MB): peak = 1665.211 ; gain = 654.168 ; free physical = 151181 ; free virtual = 256901
Finished RTL Optimization Phase 2 : Time (s): cpu = 00:00:39 ; elapsed = 00:00:46 . Memory (MB): peak = 1665.211 ; gain = 654.168 ; free physical = 151166 ; free virtual = 256886
Finished Cross Boundary and Area Optimization : Time (s): cpu = 00:00:41 ; elapsed = 00:00:49 . Memory (MB): peak = 1665.211 ; gain = 654.168 ; free physical = 151152 ; free virtual = 256871
---------------------------------------------------------------------------------
Start ROM, RAM, DSP and Shift Register Reporting
---------------------------------------------------------------------------------

Distributed RAM: Preliminary Mapping  Report (see note below)
+-----------------------+-------------------------------------------------------------------------------+----------------+----------------------+----------------+
|Module Name            | RTL Object                                                                    | Inference      | Size (Depth x Width) | Primitives     | 
+-----------------------+-------------------------------------------------------------------------------+----------------+----------------------+----------------+
|fifo_generator_v13_1_2 | inst_fifo_gen/gconvfifo.rf/grf.rf/gntv_or_sync_fifo.mem/gdm.dm_gen.dm/RAM_reg | User Attribute | 32 x 5               | RAM32M x 1     | 
|fifo_generator_v13_1_2 | inst_fifo_gen/gconvfifo.rf/grf.rf/gntv_or_sync_fifo.mem/gdm.dm_gen.dm/RAM_reg | User Attribute | 32 x 5               | RAM32M x 1     | 
|fifo_generator_v13_1_2 | inst_fifo_gen/gconvfifo.rf/grf.rf/gntv_or_sync_fifo.mem/gdm.dm_gen.dm/RAM_reg | User Attribute | 32 x 1               | RAM32X1D x 1   | 
+-----------------------+-------------------------------------------------------------------------------+----------------+----------------------+----------------+

Note: The table above is a preliminary report that shows the Distributed RAMs at the current stage of the synthesis flow. Some Distributed RAMs may be reimplemented as non Distributed RAM primitives later in the synthesis flow. Multiple instantiated RAMs are reported only once.
---------------------------------------------------------------------------------
Finished ROM, RAM, DSP and Shift Register Reporting
---------------------------------------------------------------------------------
Finished Applying XDC Timing Constraints : Time (s): cpu = 00:00:48 ; elapsed = 00:00:56 . Memory (MB): peak = 1665.211 ; gain = 654.168 ; free physical = 151043 ; free virtual = 256763
Finished Timing Optimization : Time (s): cpu = 00:00:49 ; elapsed = 00:00:57 . Memory (MB): peak = 1665.211 ; gain = 654.168 ; free physical = 150965 ; free virtual = 256685
Finished Technology Mapping : Time (s): cpu = 00:00:50 ; elapsed = 00:00:57 . Memory (MB): peak = 1665.211 ; gain = 654.168 ; free physical = 150941 ; free virtual = 256661
Finished IO Insertion : Time (s): cpu = 00:00:50 ; elapsed = 00:00:58 . Memory (MB): peak = 1665.211 ; gain = 654.168 ; free physical = 150939 ; free virtual = 256659
Finished Renaming Generated Instances : Time (s): cpu = 00:00:50 ; elapsed = 00:00:58 . Memory (MB): peak = 1665.211 ; gain = 654.168 ; free physical = 150939 ; free virtual = 256659
Finished Rebuilding User Hierarchy : Time (s): cpu = 00:00:50 ; elapsed = 00:00:58 . Memory (MB): peak = 1665.211 ; gain = 654.168 ; free physical = 150938 ; free virtual = 256658
Finished Renaming Generated Ports : Time (s): cpu = 00:00:50 ; elapsed = 00:00:58 . Memory (MB): peak = 1665.211 ; gain = 654.168 ; free physical = 150938 ; free virtual = 256658
Finished Handling Custom Attributes : Time (s): cpu = 00:00:50 ; elapsed = 00:00:58 . Memory (MB): peak = 1665.211 ; gain = 654.168 ; free physical = 150938 ; free virtual = 256658
Finished Renaming Generated Nets : Time (s): cpu = 00:00:50 ; elapsed = 00:00:58 . Memory (MB): peak = 1665.211 ; gain = 654.168 ; free physical = 150938 ; free virtual = 256658

Report Cell Usage: 
+------+---------+------+
|      |Cell     |Count |
+------+---------+------+
|1     |CARRY4   |    32|
|2     |LUT1     |    22|
|3     |LUT2     |    53|
|4     |LUT3     |    54|
|5     |LUT4     |    71|
|6     |LUT5     |   287|
|7     |LUT6     |    80|
|8     |RAM32M   |     2|
|9     |RAM32X1D |     1|
|10    |FDCE     |    69|
|11    |FDPE     |    63|
|12    |FDRE     |   463|
|13    |FDSE     |     5|
+------+---------+------+
Finished Writing Synthesis Report : Time (s): cpu = 00:00:50 ; elapsed = 00:00:58 . Memory (MB): peak = 1665.211 ; gain = 654.168 ; free physical = 150938 ; free virtual = 256658
synth_design: Time (s): cpu = 00:00:48 ; elapsed = 00:00:53 . Memory (MB): peak = 1673.219 ; gain = 554.453 ; free physical = 150916 ; free virtual = 256635
