

================================================================
== Vivado HLS Report for 'Matrix_Vector_Activa_1'
================================================================
* Date:           Thu May  7 18:40:55 2020

* Version:        2016.3 (Build 1682563 on Mon Oct 10 19:41:59 MDT 2016)
* Project:        lfcW1A1-pynqZ1-Z2
* Solution:       sol1
* Product family: zynq
* Target device:  xc7z020clg400-1


================================================================
== Performance Estimates
================================================================
+ Timing (ns): 
    * Summary: 
    +--------+-------+----------+------------+
    |  Clock | Target| Estimated| Uncertainty|
    +--------+-------+----------+------------+
    |ap_clk  |   5.00|      7.90|        0.62|
    +--------+-------+----------+------------+

+ Latency (clock cycles): 
    * Summary: 
    +-----+-----+-----+-----+---------+
    |  Latency  |  Interval | Pipeline|
    | min | max | min | max |   Type  |
    +-----+-----+-----+-----+---------+
    |    ?|    ?|    ?|    ?|   none  |
    +-----+-----+-----+-----+---------+

    + Detail: 
        * Instance: 
        N/A

        * Loop: 
        +----------+-----+-----+----------+-----------+-----------+------+----------+
        |          |  Latency  | Iteration|  Initiation Interval  | Trip |          |
        | Loop Name| min | max |  Latency |  achieved |   target  | Count| Pipelined|
        +----------+-----+-----+----------+-----------+-----------+------+----------+
        |- Loop 1  |    ?|    ?|         5|          1|          1|     ?|    yes   |
        +----------+-----+-----+----------+-----------+-----------+------+----------+



================================================================
== Utilization Estimates
================================================================
* Summary: 
+-----------------+---------+-------+--------+-------+
|       Name      | BRAM_18K| DSP48E|   FF   |  LUT  |
+-----------------+---------+-------+--------+-------+
|DSP              |        -|      -|       -|      -|
|Expression       |        -|      -|       0|   1450|
|FIFO             |        -|      -|       -|      -|
|Instance         |        -|      -|       0|    272|
|Memory           |        -|      -|       -|      -|
|Multiplexer      |        -|      -|       -|    151|
|Register         |        -|      -|    2182|      4|
+-----------------+---------+-------+--------+-------+
|Total            |        0|      0|    2182|   1877|
+-----------------+---------+-------+--------+-------+
|Available        |      280|    220|  106400|  53200|
+-----------------+---------+-------+--------+-------+
|Utilization (%)  |        0|      0|       2|      3|
+-----------------+---------+-------+--------+-------+

+ Detail: 
    * Instance: 
    +---------------------------+----------------------+---------+-------+---+-----+
    |          Instance         |        Module        | BRAM_18K| DSP48E| FF| LUT |
    +---------------------------+----------------------+---------+-------+---+-----+
    |BlackBoxJam_mux_1g8j_U293  |BlackBoxJam_mux_1g8j  |        0|      0|  0|  272|
    +---------------------------+----------------------+---------+-------+---+-----+
    |Total                      |                      |        0|      0|  0|  272|
    +---------------------------+----------------------+---------+-------+---+-----+

    * DSP48: 
    N/A

    * Memory: 
    N/A

    * FIFO: 
    N/A

    * Expression: 
    +----------------------------+----------+-------+---+----+------------+------------+
    |        Variable Name       | Operation| DSP48E| FF| LUT| Bitwidth P0| Bitwidth P1|
    +----------------------------+----------+-------+---+----+------------+------------+
    |accu_0_0_V_fu_5919_p2       |     +    |      0|  0|   1|          16|          16|
    |accu_0_10_V_fu_6799_p2      |     +    |      0|  0|   1|          16|          16|
    |accu_0_11_V_fu_6887_p2      |     +    |      0|  0|   1|          16|          16|
    |accu_0_12_V_fu_6975_p2      |     +    |      0|  0|   1|          16|          16|
    |accu_0_13_V_fu_7063_p2      |     +    |      0|  0|   1|          16|          16|
    |accu_0_14_V_fu_7151_p2      |     +    |      0|  0|   1|          16|          16|
    |accu_0_15_V_fu_7239_p2      |     +    |      0|  0|   1|          16|          16|
    |accu_0_1_V_fu_6007_p2       |     +    |      0|  0|   1|          16|          16|
    |accu_0_2_V_fu_6095_p2       |     +    |      0|  0|   1|          16|          16|
    |accu_0_3_V_fu_6183_p2       |     +    |      0|  0|   1|          16|          16|
    |accu_0_4_V_fu_6271_p2       |     +    |      0|  0|   1|          16|          16|
    |accu_0_5_V_fu_6359_p2       |     +    |      0|  0|   1|          16|          16|
    |accu_0_6_V_fu_6447_p2       |     +    |      0|  0|   1|          16|          16|
    |accu_0_7_V_fu_6535_p2       |     +    |      0|  0|   1|          16|          16|
    |accu_0_8_V_fu_6623_p2       |     +    |      0|  0|   1|          16|          16|
    |accu_0_9_V_fu_6711_p2       |     +    |      0|  0|   1|          16|          16|
    |i_fu_1691_p2                |     +    |      0|  0|  32|          32|           1|
    |nf_fu_1746_p2               |     +    |      0|  0|  32|          32|           1|
    |sf_fu_1726_p2               |     +    |      0|  0|  32|           1|          32|
    |tile_fu_3079_p2             |     +    |      0|  0|  32|           1|          32|
    |tmp142_fu_5877_p2           |     +    |      0|  0|   1|          16|          16|
    |tmp143_fu_5861_p2           |     +    |      0|  0|  16|          16|          16|
    |tmp144_fu_5867_p2           |     +    |      0|  0|   2|           2|           2|
    |tmp145_fu_5909_p2           |     +    |      0|  0|   3|           3|           3|
    |tmp146_fu_5883_p2           |     +    |      0|  0|   2|           2|           2|
    |tmp147_fu_5899_p2           |     +    |      0|  0|   1|           2|           2|
    |tmp148_fu_5893_p2           |     +    |      0|  0|   1|           2|           2|
    |tmp163_fu_5965_p2           |     +    |      0|  0|   1|          16|          16|
    |tmp164_fu_5949_p2           |     +    |      0|  0|  16|          16|          16|
    |tmp165_fu_5955_p2           |     +    |      0|  0|   2|           2|           2|
    |tmp166_fu_5997_p2           |     +    |      0|  0|   3|           3|           3|
    |tmp167_fu_5971_p2           |     +    |      0|  0|   2|           2|           2|
    |tmp168_fu_5987_p2           |     +    |      0|  0|   1|           2|           2|
    |tmp169_fu_5981_p2           |     +    |      0|  0|   1|           2|           2|
    |tmp184_fu_6053_p2           |     +    |      0|  0|   1|          16|          16|
    |tmp185_fu_6037_p2           |     +    |      0|  0|  16|          16|          16|
    |tmp186_fu_6043_p2           |     +    |      0|  0|   2|           2|           2|
    |tmp187_fu_6085_p2           |     +    |      0|  0|   3|           3|           3|
    |tmp188_fu_6059_p2           |     +    |      0|  0|   2|           2|           2|
    |tmp189_fu_6075_p2           |     +    |      0|  0|   1|           2|           2|
    |tmp190_fu_6069_p2           |     +    |      0|  0|   1|           2|           2|
    |tmp205_fu_6141_p2           |     +    |      0|  0|   1|          16|          16|
    |tmp206_fu_6125_p2           |     +    |      0|  0|  16|          16|          16|
    |tmp207_fu_6131_p2           |     +    |      0|  0|   2|           2|           2|
    |tmp208_fu_6173_p2           |     +    |      0|  0|   3|           3|           3|
    |tmp209_fu_6147_p2           |     +    |      0|  0|   2|           2|           2|
    |tmp210_fu_6163_p2           |     +    |      0|  0|   1|           2|           2|
    |tmp211_fu_6157_p2           |     +    |      0|  0|   1|           2|           2|
    |tmp226_fu_6229_p2           |     +    |      0|  0|   1|          16|          16|
    |tmp227_fu_6213_p2           |     +    |      0|  0|  16|          16|          16|
    |tmp228_fu_6219_p2           |     +    |      0|  0|   2|           2|           2|
    |tmp229_fu_6261_p2           |     +    |      0|  0|   3|           3|           3|
    |tmp230_fu_6235_p2           |     +    |      0|  0|   2|           2|           2|
    |tmp231_fu_6251_p2           |     +    |      0|  0|   1|           2|           2|
    |tmp232_fu_6245_p2           |     +    |      0|  0|   1|           2|           2|
    |tmp247_fu_6317_p2           |     +    |      0|  0|   1|          16|          16|
    |tmp248_fu_6301_p2           |     +    |      0|  0|  16|          16|          16|
    |tmp249_fu_6307_p2           |     +    |      0|  0|   2|           2|           2|
    |tmp250_fu_6349_p2           |     +    |      0|  0|   3|           3|           3|
    |tmp251_fu_6323_p2           |     +    |      0|  0|   2|           2|           2|
    |tmp252_fu_6339_p2           |     +    |      0|  0|   1|           2|           2|
    |tmp253_fu_6333_p2           |     +    |      0|  0|   1|           2|           2|
    |tmp268_fu_6405_p2           |     +    |      0|  0|   1|          16|          16|
    |tmp269_fu_6389_p2           |     +    |      0|  0|  16|          16|          16|
    |tmp270_fu_6395_p2           |     +    |      0|  0|   2|           2|           2|
    |tmp271_fu_6437_p2           |     +    |      0|  0|   3|           3|           3|
    |tmp272_fu_6411_p2           |     +    |      0|  0|   2|           2|           2|
    |tmp273_fu_6427_p2           |     +    |      0|  0|   1|           2|           2|
    |tmp274_fu_6421_p2           |     +    |      0|  0|   1|           2|           2|
    |tmp289_fu_6493_p2           |     +    |      0|  0|   1|          16|          16|
    |tmp290_fu_6477_p2           |     +    |      0|  0|  16|          16|          16|
    |tmp291_fu_6483_p2           |     +    |      0|  0|   2|           2|           2|
    |tmp292_fu_6525_p2           |     +    |      0|  0|   3|           3|           3|
    |tmp293_fu_6499_p2           |     +    |      0|  0|   2|           2|           2|
    |tmp294_fu_6515_p2           |     +    |      0|  0|   1|           2|           2|
    |tmp295_fu_6509_p2           |     +    |      0|  0|   1|           2|           2|
    |tmp310_fu_6581_p2           |     +    |      0|  0|   1|          16|          16|
    |tmp311_fu_6565_p2           |     +    |      0|  0|  16|          16|          16|
    |tmp312_fu_6571_p2           |     +    |      0|  0|   2|           2|           2|
    |tmp313_fu_6613_p2           |     +    |      0|  0|   3|           3|           3|
    |tmp314_fu_6587_p2           |     +    |      0|  0|   2|           2|           2|
    |tmp315_fu_6603_p2           |     +    |      0|  0|   1|           2|           2|
    |tmp316_fu_6597_p2           |     +    |      0|  0|   1|           2|           2|
    |tmp331_fu_6669_p2           |     +    |      0|  0|   1|          16|          16|
    |tmp332_fu_6653_p2           |     +    |      0|  0|  16|          16|          16|
    |tmp333_fu_6659_p2           |     +    |      0|  0|   2|           2|           2|
    |tmp334_fu_6701_p2           |     +    |      0|  0|   3|           3|           3|
    |tmp335_fu_6675_p2           |     +    |      0|  0|   2|           2|           2|
    |tmp336_fu_6691_p2           |     +    |      0|  0|   1|           2|           2|
    |tmp337_fu_6685_p2           |     +    |      0|  0|   1|           2|           2|
    |tmp352_fu_6757_p2           |     +    |      0|  0|   1|          16|          16|
    |tmp353_fu_6741_p2           |     +    |      0|  0|  16|          16|          16|
    |tmp354_fu_6747_p2           |     +    |      0|  0|   2|           2|           2|
    |tmp355_fu_6789_p2           |     +    |      0|  0|   3|           3|           3|
    |tmp356_fu_6763_p2           |     +    |      0|  0|   2|           2|           2|
    |tmp357_fu_6779_p2           |     +    |      0|  0|   1|           2|           2|
    |tmp358_fu_6773_p2           |     +    |      0|  0|   1|           2|           2|
    |tmp373_fu_6845_p2           |     +    |      0|  0|   1|          16|          16|
    |tmp374_fu_6829_p2           |     +    |      0|  0|  16|          16|          16|
    |tmp375_fu_6835_p2           |     +    |      0|  0|   2|           2|           2|
    |tmp376_fu_6877_p2           |     +    |      0|  0|   3|           3|           3|
    |tmp377_fu_6851_p2           |     +    |      0|  0|   2|           2|           2|
    |tmp378_fu_6867_p2           |     +    |      0|  0|   1|           2|           2|
    |tmp379_fu_6861_p2           |     +    |      0|  0|   1|           2|           2|
    |tmp394_fu_6933_p2           |     +    |      0|  0|   1|          16|          16|
    |tmp395_fu_6917_p2           |     +    |      0|  0|  16|          16|          16|
    |tmp396_fu_6923_p2           |     +    |      0|  0|   2|           2|           2|
    |tmp397_fu_6965_p2           |     +    |      0|  0|   3|           3|           3|
    |tmp398_fu_6939_p2           |     +    |      0|  0|   2|           2|           2|
    |tmp399_fu_6955_p2           |     +    |      0|  0|   1|           2|           2|
    |tmp400_fu_6949_p2           |     +    |      0|  0|   1|           2|           2|
    |tmp415_fu_7021_p2           |     +    |      0|  0|   1|          16|          16|
    |tmp416_fu_7005_p2           |     +    |      0|  0|  16|          16|          16|
    |tmp417_fu_7011_p2           |     +    |      0|  0|   2|           2|           2|
    |tmp418_fu_7053_p2           |     +    |      0|  0|   3|           3|           3|
    |tmp419_fu_7027_p2           |     +    |      0|  0|   2|           2|           2|
    |tmp420_fu_7043_p2           |     +    |      0|  0|   1|           2|           2|
    |tmp421_fu_7037_p2           |     +    |      0|  0|   1|           2|           2|
    |tmp436_fu_7109_p2           |     +    |      0|  0|   1|          16|          16|
    |tmp437_fu_7093_p2           |     +    |      0|  0|  16|          16|          16|
    |tmp438_fu_7099_p2           |     +    |      0|  0|   2|           2|           2|
    |tmp439_fu_7141_p2           |     +    |      0|  0|   3|           3|           3|
    |tmp440_fu_7115_p2           |     +    |      0|  0|   2|           2|           2|
    |tmp441_fu_7131_p2           |     +    |      0|  0|   1|           2|           2|
    |tmp442_fu_7125_p2           |     +    |      0|  0|   1|           2|           2|
    |tmp457_fu_7197_p2           |     +    |      0|  0|   1|          16|          16|
    |tmp458_fu_7181_p2           |     +    |      0|  0|  16|          16|          16|
    |tmp459_fu_7187_p2           |     +    |      0|  0|   2|           2|           2|
    |tmp460_fu_7229_p2           |     +    |      0|  0|   3|           3|           3|
    |tmp461_fu_7203_p2           |     +    |      0|  0|   2|           2|           2|
    |tmp462_fu_7219_p2           |     +    |      0|  0|   1|           2|           2|
    |tmp463_fu_7213_p2           |     +    |      0|  0|   1|           2|           2|
    |ap_condition_308            |    and   |      0|  0|   1|           1|           1|
    |start_write                 |    and   |      0|  0|   1|           1|           1|
    |exitcond_i_fu_1686_p2       |   icmp   |      0|  0|  11|          32|          32|
    |tmp_4_i_fu_1720_p2          |   icmp   |      0|  0|  11|          32|           1|
    |tmp_5_i_fu_1732_p2          |   icmp   |      0|  0|  11|          32|           8|
    |tmp_6_i_fu_1752_p2          |   icmp   |      0|  0|  11|          32|           3|
    |tmp_i1436_i_fu_7329_p2      |   icmp   |      0|  0|   6|          16|          16|
    |tmp_i1437_i_fu_7333_p2      |   icmp   |      0|  0|   6|          16|          16|
    |tmp_i1438_i_fu_7337_p2      |   icmp   |      0|  0|   6|          16|          16|
    |tmp_i1439_i_fu_7341_p2      |   icmp   |      0|  0|   6|          16|          16|
    |tmp_i1440_i_fu_7345_p2      |   icmp   |      0|  0|   6|          16|          16|
    |tmp_i1441_i_fu_7349_p2      |   icmp   |      0|  0|   6|          16|          16|
    |tmp_i1442_i_fu_7353_p2      |   icmp   |      0|  0|   6|          16|          16|
    |tmp_i1443_i_fu_7357_p2      |   icmp   |      0|  0|   6|          16|          16|
    |tmp_i1444_i_fu_7361_p2      |   icmp   |      0|  0|   6|          16|          16|
    |tmp_i1445_i_fu_7365_p2      |   icmp   |      0|  0|   6|          16|          16|
    |tmp_i1446_i_fu_7369_p2      |   icmp   |      0|  0|   6|          16|          16|
    |tmp_i1447_i_fu_7373_p2      |   icmp   |      0|  0|   6|          16|          16|
    |tmp_i1448_i_fu_7377_p2      |   icmp   |      0|  0|   6|          16|          16|
    |tmp_i1449_i_fu_7381_p2      |   icmp   |      0|  0|   6|          16|          16|
    |tmp_i1450_i_fu_7385_p2      |   icmp   |      0|  0|   6|          16|          16|
    |tmp_i_fu_1700_p2            |   icmp   |      0|  0|  11|          32|           1|
    |tmp_i_i_fu_7325_p2          |   icmp   |      0|  0|   6|          16|          16|
    |ap_condition_300            |    or    |      0|  0|   1|           1|           1|
    |p_2_i_fu_3090_p3            |  select  |      0|  0|  32|           1|           1|
    |p_accu_V_0_0_i_fu_5830_p3   |  select  |      0|  0|  16|           1|           1|
    |p_accu_V_0_10_i_fu_5760_p3  |  select  |      0|  0|  16|           1|           1|
    |p_accu_V_0_11_i_fu_5753_p3  |  select  |      0|  0|  16|           1|           1|
    |p_accu_V_0_12_i_fu_5746_p3  |  select  |      0|  0|  16|           1|           1|
    |p_accu_V_0_13_i_fu_5739_p3  |  select  |      0|  0|  16|           1|           1|
    |p_accu_V_0_14_i_fu_5732_p3  |  select  |      0|  0|  16|           1|           1|
    |p_accu_V_0_15_i_fu_5725_p3  |  select  |      0|  0|  16|           1|           1|
    |p_accu_V_0_1_i_fu_5823_p3   |  select  |      0|  0|  16|           1|           1|
    |p_accu_V_0_2_i_fu_5816_p3   |  select  |      0|  0|  16|           1|           1|
    |p_accu_V_0_3_i_fu_5809_p3   |  select  |      0|  0|  16|           1|           1|
    |p_accu_V_0_4_i_fu_5802_p3   |  select  |      0|  0|  16|           1|           1|
    |p_accu_V_0_5_i_fu_5795_p3   |  select  |      0|  0|  16|           1|           1|
    |p_accu_V_0_6_i_fu_5788_p3   |  select  |      0|  0|  16|           1|           1|
    |p_accu_V_0_7_i_fu_5781_p3   |  select  |      0|  0|  16|           1|           1|
    |p_accu_V_0_8_i_fu_5774_p3   |  select  |      0|  0|  16|           1|           1|
    |p_accu_V_0_9_i_fu_5767_p3   |  select  |      0|  0|  16|           1|           1|
    |p_i_fu_1758_p3              |  select  |      0|  0|  32|           1|           1|
    |tmp129_fu_3138_p2           |    xor   |      0|  0|   1|           1|           1|
    |tmp130_fu_3166_p2           |    xor   |      0|  0|   1|           1|           1|
    |tmp131_fu_3194_p2           |    xor   |      0|  0|   1|           1|           1|
    |tmp132_fu_3222_p2           |    xor   |      0|  0|   1|           1|           1|
    |tmp133_fu_3250_p2           |    xor   |      0|  0|   1|           1|           1|
    |tmp134_fu_3278_p2           |    xor   |      0|  0|   1|           1|           1|
    |tmp141_fu_3306_p2           |    xor   |      0|  0|   1|           1|           1|
    |tmp149_fu_3322_p2           |    xor   |      0|  0|   1|           1|           1|
    |tmp150_fu_3342_p2           |    xor   |      0|  0|   1|           1|           1|
    |tmp151_fu_3362_p2           |    xor   |      0|  0|   1|           1|           1|
    |tmp152_fu_3382_p2           |    xor   |      0|  0|   1|           1|           1|
    |tmp153_fu_3402_p2           |    xor   |      0|  0|   1|           1|           1|
    |tmp154_fu_3422_p2           |    xor   |      0|  0|   1|           1|           1|
    |tmp155_fu_3442_p2           |    xor   |      0|  0|   1|           1|           1|
    |tmp162_fu_3462_p2           |    xor   |      0|  0|   1|           1|           1|
    |tmp170_fu_3478_p2           |    xor   |      0|  0|   1|           1|           1|
    |tmp171_fu_3498_p2           |    xor   |      0|  0|   1|           1|           1|
    |tmp172_fu_3518_p2           |    xor   |      0|  0|   1|           1|           1|
    |tmp173_fu_3538_p2           |    xor   |      0|  0|   1|           1|           1|
    |tmp174_fu_3558_p2           |    xor   |      0|  0|   1|           1|           1|
    |tmp175_fu_3578_p2           |    xor   |      0|  0|   1|           1|           1|
    |tmp176_fu_3598_p2           |    xor   |      0|  0|   1|           1|           1|
    |tmp183_fu_3618_p2           |    xor   |      0|  0|   1|           1|           1|
    |tmp191_fu_3634_p2           |    xor   |      0|  0|   1|           1|           1|
    |tmp192_fu_3654_p2           |    xor   |      0|  0|   1|           1|           1|
    |tmp193_fu_3674_p2           |    xor   |      0|  0|   1|           1|           1|
    |tmp194_fu_3694_p2           |    xor   |      0|  0|   1|           1|           1|
    |tmp195_fu_3714_p2           |    xor   |      0|  0|   1|           1|           1|
    |tmp196_fu_3734_p2           |    xor   |      0|  0|   1|           1|           1|
    |tmp197_fu_3754_p2           |    xor   |      0|  0|   1|           1|           1|
    |tmp204_fu_3774_p2           |    xor   |      0|  0|   1|           1|           1|
    |tmp212_fu_3790_p2           |    xor   |      0|  0|   1|           1|           1|
    |tmp213_fu_3810_p2           |    xor   |      0|  0|   1|           1|           1|
    |tmp214_fu_3830_p2           |    xor   |      0|  0|   1|           1|           1|
    |tmp215_fu_3850_p2           |    xor   |      0|  0|   1|           1|           1|
    |tmp216_fu_3870_p2           |    xor   |      0|  0|   1|           1|           1|
    |tmp217_fu_3890_p2           |    xor   |      0|  0|   1|           1|           1|
    |tmp218_fu_3910_p2           |    xor   |      0|  0|   1|           1|           1|
    |tmp225_fu_3930_p2           |    xor   |      0|  0|   1|           1|           1|
    |tmp233_fu_3946_p2           |    xor   |      0|  0|   1|           1|           1|
    |tmp234_fu_3966_p2           |    xor   |      0|  0|   1|           1|           1|
    |tmp235_fu_3986_p2           |    xor   |      0|  0|   1|           1|           1|
    |tmp236_fu_4006_p2           |    xor   |      0|  0|   1|           1|           1|
    |tmp237_fu_4026_p2           |    xor   |      0|  0|   1|           1|           1|
    |tmp238_fu_4046_p2           |    xor   |      0|  0|   1|           1|           1|
    |tmp239_fu_4066_p2           |    xor   |      0|  0|   1|           1|           1|
    |tmp246_fu_4086_p2           |    xor   |      0|  0|   1|           1|           1|
    |tmp254_fu_4102_p2           |    xor   |      0|  0|   1|           1|           1|
    |tmp255_fu_4122_p2           |    xor   |      0|  0|   1|           1|           1|
    |tmp256_fu_4142_p2           |    xor   |      0|  0|   1|           1|           1|
    |tmp257_fu_4162_p2           |    xor   |      0|  0|   1|           1|           1|
    |tmp258_fu_4182_p2           |    xor   |      0|  0|   1|           1|           1|
    |tmp259_fu_4202_p2           |    xor   |      0|  0|   1|           1|           1|
    |tmp260_fu_4222_p2           |    xor   |      0|  0|   1|           1|           1|
    |tmp267_fu_4242_p2           |    xor   |      0|  0|   1|           1|           1|
    |tmp275_fu_4258_p2           |    xor   |      0|  0|   1|           1|           1|
    |tmp276_fu_4278_p2           |    xor   |      0|  0|   1|           1|           1|
    |tmp277_fu_4298_p2           |    xor   |      0|  0|   1|           1|           1|
    |tmp278_fu_4318_p2           |    xor   |      0|  0|   1|           1|           1|
    |tmp279_fu_4338_p2           |    xor   |      0|  0|   1|           1|           1|
    |tmp280_fu_4358_p2           |    xor   |      0|  0|   1|           1|           1|
    |tmp281_fu_4378_p2           |    xor   |      0|  0|   1|           1|           1|
    |tmp288_fu_4398_p2           |    xor   |      0|  0|   1|           1|           1|
    |tmp296_fu_4414_p2           |    xor   |      0|  0|   1|           1|           1|
    |tmp297_fu_4434_p2           |    xor   |      0|  0|   1|           1|           1|
    |tmp298_fu_4454_p2           |    xor   |      0|  0|   1|           1|           1|
    |tmp299_fu_4474_p2           |    xor   |      0|  0|   1|           1|           1|
    |tmp300_fu_4494_p2           |    xor   |      0|  0|   1|           1|           1|
    |tmp301_fu_4514_p2           |    xor   |      0|  0|   1|           1|           1|
    |tmp302_fu_4534_p2           |    xor   |      0|  0|   1|           1|           1|
    |tmp309_fu_4554_p2           |    xor   |      0|  0|   1|           1|           1|
    |tmp317_fu_4570_p2           |    xor   |      0|  0|   1|           1|           1|
    |tmp318_fu_4590_p2           |    xor   |      0|  0|   1|           1|           1|
    |tmp319_fu_4610_p2           |    xor   |      0|  0|   1|           1|           1|
    |tmp320_fu_4630_p2           |    xor   |      0|  0|   1|           1|           1|
    |tmp321_fu_4650_p2           |    xor   |      0|  0|   1|           1|           1|
    |tmp322_fu_4670_p2           |    xor   |      0|  0|   1|           1|           1|
    |tmp323_fu_4690_p2           |    xor   |      0|  0|   1|           1|           1|
    |tmp330_fu_4710_p2           |    xor   |      0|  0|   1|           1|           1|
    |tmp338_fu_4726_p2           |    xor   |      0|  0|   1|           1|           1|
    |tmp339_fu_4746_p2           |    xor   |      0|  0|   1|           1|           1|
    |tmp340_fu_4766_p2           |    xor   |      0|  0|   1|           1|           1|
    |tmp341_fu_4786_p2           |    xor   |      0|  0|   1|           1|           1|
    |tmp342_fu_4806_p2           |    xor   |      0|  0|   1|           1|           1|
    |tmp343_fu_4826_p2           |    xor   |      0|  0|   1|           1|           1|
    |tmp344_fu_4846_p2           |    xor   |      0|  0|   1|           1|           1|
    |tmp351_fu_4866_p2           |    xor   |      0|  0|   1|           1|           1|
    |tmp359_fu_4882_p2           |    xor   |      0|  0|   1|           1|           1|
    |tmp360_fu_4902_p2           |    xor   |      0|  0|   1|           1|           1|
    |tmp361_fu_4922_p2           |    xor   |      0|  0|   1|           1|           1|
    |tmp362_fu_4942_p2           |    xor   |      0|  0|   1|           1|           1|
    |tmp363_fu_4962_p2           |    xor   |      0|  0|   1|           1|           1|
    |tmp364_fu_4982_p2           |    xor   |      0|  0|   1|           1|           1|
    |tmp365_fu_5002_p2           |    xor   |      0|  0|   1|           1|           1|
    |tmp372_fu_5022_p2           |    xor   |      0|  0|   1|           1|           1|
    |tmp380_fu_5038_p2           |    xor   |      0|  0|   1|           1|           1|
    |tmp381_fu_5058_p2           |    xor   |      0|  0|   1|           1|           1|
    |tmp382_fu_5078_p2           |    xor   |      0|  0|   1|           1|           1|
    |tmp383_fu_5098_p2           |    xor   |      0|  0|   1|           1|           1|
    |tmp384_fu_5118_p2           |    xor   |      0|  0|   1|           1|           1|
    |tmp385_fu_5138_p2           |    xor   |      0|  0|   1|           1|           1|
    |tmp386_fu_5158_p2           |    xor   |      0|  0|   1|           1|           1|
    |tmp393_fu_5178_p2           |    xor   |      0|  0|   1|           1|           1|
    |tmp401_fu_5194_p2           |    xor   |      0|  0|   1|           1|           1|
    |tmp402_fu_5214_p2           |    xor   |      0|  0|   1|           1|           1|
    |tmp403_fu_5234_p2           |    xor   |      0|  0|   1|           1|           1|
    |tmp404_fu_5254_p2           |    xor   |      0|  0|   1|           1|           1|
    |tmp405_fu_5274_p2           |    xor   |      0|  0|   1|           1|           1|
    |tmp406_fu_5294_p2           |    xor   |      0|  0|   1|           1|           1|
    |tmp407_fu_5314_p2           |    xor   |      0|  0|   1|           1|           1|
    |tmp414_fu_5334_p2           |    xor   |      0|  0|   1|           1|           1|
    |tmp422_fu_5350_p2           |    xor   |      0|  0|   1|           1|           1|
    |tmp423_fu_5370_p2           |    xor   |      0|  0|   1|           1|           1|
    |tmp424_fu_5390_p2           |    xor   |      0|  0|   1|           1|           1|
    |tmp425_fu_5410_p2           |    xor   |      0|  0|   1|           1|           1|
    |tmp426_fu_5430_p2           |    xor   |      0|  0|   1|           1|           1|
    |tmp427_fu_5450_p2           |    xor   |      0|  0|   1|           1|           1|
    |tmp428_fu_5470_p2           |    xor   |      0|  0|   1|           1|           1|
    |tmp435_fu_5490_p2           |    xor   |      0|  0|   1|           1|           1|
    |tmp443_fu_5506_p2           |    xor   |      0|  0|   1|           1|           1|
    |tmp444_fu_5526_p2           |    xor   |      0|  0|   1|           1|           1|
    |tmp445_fu_5546_p2           |    xor   |      0|  0|   1|           1|           1|
    |tmp446_fu_5566_p2           |    xor   |      0|  0|   1|           1|           1|
    |tmp447_fu_5586_p2           |    xor   |      0|  0|   1|           1|           1|
    |tmp448_fu_5606_p2           |    xor   |      0|  0|   1|           1|           1|
    |tmp449_fu_5626_p2           |    xor   |      0|  0|   1|           1|           1|
    |tmp456_fu_5646_p2           |    xor   |      0|  0|   1|           1|           1|
    |tmp_41_0_1_i_fu_3144_p2     |    xor   |      0|  0|   2|           1|           2|
    |tmp_41_0_2_i_fu_3172_p2     |    xor   |      0|  0|   2|           1|           2|
    |tmp_41_0_3_i_fu_3200_p2     |    xor   |      0|  0|   2|           1|           2|
    |tmp_41_0_4_i_fu_3228_p2     |    xor   |      0|  0|   2|           1|           2|
    |tmp_41_0_5_i_fu_3256_p2     |    xor   |      0|  0|   2|           1|           2|
    |tmp_41_0_6_i_fu_3284_p2     |    xor   |      0|  0|   2|           1|           2|
    |tmp_41_0_7_i_fu_3312_p2     |    xor   |      0|  0|   2|           1|           2|
    |tmp_41_0_i_fu_3116_p2       |    xor   |      0|  0|   2|           1|           2|
    |tmp_41_10_1_i_fu_4752_p2    |    xor   |      0|  0|   2|           1|           2|
    |tmp_41_10_2_i_fu_4772_p2    |    xor   |      0|  0|   2|           1|           2|
    |tmp_41_10_3_i_fu_4792_p2    |    xor   |      0|  0|   2|           1|           2|
    |tmp_41_10_4_i_fu_4812_p2    |    xor   |      0|  0|   2|           1|           2|
    |tmp_41_10_5_i_fu_4832_p2    |    xor   |      0|  0|   2|           1|           2|
    |tmp_41_10_6_i_fu_4852_p2    |    xor   |      0|  0|   2|           1|           2|
    |tmp_41_10_7_i_fu_4872_p2    |    xor   |      0|  0|   2|           1|           2|
    |tmp_41_10_i_fu_4732_p2      |    xor   |      0|  0|   2|           1|           2|
    |tmp_41_11_1_i_fu_4908_p2    |    xor   |      0|  0|   2|           1|           2|
    |tmp_41_11_2_i_fu_4928_p2    |    xor   |      0|  0|   2|           1|           2|
    |tmp_41_11_3_i_fu_4948_p2    |    xor   |      0|  0|   2|           1|           2|
    |tmp_41_11_4_i_fu_4968_p2    |    xor   |      0|  0|   2|           1|           2|
    |tmp_41_11_5_i_fu_4988_p2    |    xor   |      0|  0|   2|           1|           2|
    |tmp_41_11_6_i_fu_5008_p2    |    xor   |      0|  0|   2|           1|           2|
    |tmp_41_11_7_i_fu_5028_p2    |    xor   |      0|  0|   2|           1|           2|
    |tmp_41_11_i_fu_4888_p2      |    xor   |      0|  0|   2|           1|           2|
    |tmp_41_12_1_i_fu_5064_p2    |    xor   |      0|  0|   2|           1|           2|
    |tmp_41_12_2_i_fu_5084_p2    |    xor   |      0|  0|   2|           1|           2|
    |tmp_41_12_3_i_fu_5104_p2    |    xor   |      0|  0|   2|           1|           2|
    |tmp_41_12_4_i_fu_5124_p2    |    xor   |      0|  0|   2|           1|           2|
    |tmp_41_12_5_i_fu_5144_p2    |    xor   |      0|  0|   2|           1|           2|
    |tmp_41_12_6_i_fu_5164_p2    |    xor   |      0|  0|   2|           1|           2|
    |tmp_41_12_7_i_fu_5184_p2    |    xor   |      0|  0|   2|           1|           2|
    |tmp_41_12_i_fu_5044_p2      |    xor   |      0|  0|   2|           1|           2|
    |tmp_41_13_1_i_fu_5220_p2    |    xor   |      0|  0|   2|           1|           2|
    |tmp_41_13_2_i_fu_5240_p2    |    xor   |      0|  0|   2|           1|           2|
    |tmp_41_13_3_i_fu_5260_p2    |    xor   |      0|  0|   2|           1|           2|
    |tmp_41_13_4_i_fu_5280_p2    |    xor   |      0|  0|   2|           1|           2|
    |tmp_41_13_5_i_fu_5300_p2    |    xor   |      0|  0|   2|           1|           2|
    |tmp_41_13_6_i_fu_5320_p2    |    xor   |      0|  0|   2|           1|           2|
    |tmp_41_13_7_i_fu_5340_p2    |    xor   |      0|  0|   2|           1|           2|
    |tmp_41_13_i_fu_5200_p2      |    xor   |      0|  0|   2|           1|           2|
    |tmp_41_14_1_i_fu_5376_p2    |    xor   |      0|  0|   2|           1|           2|
    |tmp_41_14_2_i_fu_5396_p2    |    xor   |      0|  0|   2|           1|           2|
    |tmp_41_14_3_i_fu_5416_p2    |    xor   |      0|  0|   2|           1|           2|
    |tmp_41_14_4_i_fu_5436_p2    |    xor   |      0|  0|   2|           1|           2|
    |tmp_41_14_5_i_fu_5456_p2    |    xor   |      0|  0|   2|           1|           2|
    |tmp_41_14_6_i_fu_5476_p2    |    xor   |      0|  0|   2|           1|           2|
    |tmp_41_14_7_i_fu_5496_p2    |    xor   |      0|  0|   2|           1|           2|
    |tmp_41_14_i_fu_5356_p2      |    xor   |      0|  0|   2|           1|           2|
    |tmp_41_15_1_i_fu_5532_p2    |    xor   |      0|  0|   2|           1|           2|
    |tmp_41_15_2_i_fu_5552_p2    |    xor   |      0|  0|   2|           1|           2|
    |tmp_41_15_3_i_fu_5572_p2    |    xor   |      0|  0|   2|           1|           2|
    |tmp_41_15_4_i_fu_5592_p2    |    xor   |      0|  0|   2|           1|           2|
    |tmp_41_15_5_i_fu_5612_p2    |    xor   |      0|  0|   2|           1|           2|
    |tmp_41_15_6_i_fu_5632_p2    |    xor   |      0|  0|   2|           1|           2|
    |tmp_41_15_7_i_fu_5652_p2    |    xor   |      0|  0|   2|           1|           2|
    |tmp_41_15_i_fu_5512_p2      |    xor   |      0|  0|   2|           1|           2|
    |tmp_41_1_1_i_fu_3348_p2     |    xor   |      0|  0|   2|           1|           2|
    |tmp_41_1_2_i_fu_3368_p2     |    xor   |      0|  0|   2|           1|           2|
    |tmp_41_1_3_i_fu_3388_p2     |    xor   |      0|  0|   2|           1|           2|
    |tmp_41_1_4_i_fu_3408_p2     |    xor   |      0|  0|   2|           1|           2|
    |tmp_41_1_5_i_fu_3428_p2     |    xor   |      0|  0|   2|           1|           2|
    |tmp_41_1_6_i_fu_3448_p2     |    xor   |      0|  0|   2|           1|           2|
    |tmp_41_1_7_i_fu_3468_p2     |    xor   |      0|  0|   2|           1|           2|
    |tmp_41_1_i_fu_3328_p2       |    xor   |      0|  0|   2|           1|           2|
    |tmp_41_2_1_i_fu_3504_p2     |    xor   |      0|  0|   2|           1|           2|
    |tmp_41_2_2_i_fu_3524_p2     |    xor   |      0|  0|   2|           1|           2|
    |tmp_41_2_3_i_fu_3544_p2     |    xor   |      0|  0|   2|           1|           2|
    |tmp_41_2_4_i_fu_3564_p2     |    xor   |      0|  0|   2|           1|           2|
    |tmp_41_2_5_i_fu_3584_p2     |    xor   |      0|  0|   2|           1|           2|
    |tmp_41_2_6_i_fu_3604_p2     |    xor   |      0|  0|   2|           1|           2|
    |tmp_41_2_7_i_fu_3624_p2     |    xor   |      0|  0|   2|           1|           2|
    |tmp_41_2_i_fu_3484_p2       |    xor   |      0|  0|   2|           1|           2|
    |tmp_41_3_1_i_fu_3660_p2     |    xor   |      0|  0|   2|           1|           2|
    |tmp_41_3_2_i_fu_3680_p2     |    xor   |      0|  0|   2|           1|           2|
    |tmp_41_3_3_i_fu_3700_p2     |    xor   |      0|  0|   2|           1|           2|
    |tmp_41_3_4_i_fu_3720_p2     |    xor   |      0|  0|   2|           1|           2|
    |tmp_41_3_5_i_fu_3740_p2     |    xor   |      0|  0|   2|           1|           2|
    |tmp_41_3_6_i_fu_3760_p2     |    xor   |      0|  0|   2|           1|           2|
    |tmp_41_3_7_i_fu_3780_p2     |    xor   |      0|  0|   2|           1|           2|
    |tmp_41_3_i_fu_3640_p2       |    xor   |      0|  0|   2|           1|           2|
    |tmp_41_4_1_i_fu_3816_p2     |    xor   |      0|  0|   2|           1|           2|
    |tmp_41_4_2_i_fu_3836_p2     |    xor   |      0|  0|   2|           1|           2|
    |tmp_41_4_3_i_fu_3856_p2     |    xor   |      0|  0|   2|           1|           2|
    |tmp_41_4_4_i_fu_3876_p2     |    xor   |      0|  0|   2|           1|           2|
    |tmp_41_4_5_i_fu_3896_p2     |    xor   |      0|  0|   2|           1|           2|
    |tmp_41_4_6_i_fu_3916_p2     |    xor   |      0|  0|   2|           1|           2|
    |tmp_41_4_7_i_fu_3936_p2     |    xor   |      0|  0|   2|           1|           2|
    |tmp_41_4_i_fu_3796_p2       |    xor   |      0|  0|   2|           1|           2|
    |tmp_41_5_1_i_fu_3972_p2     |    xor   |      0|  0|   2|           1|           2|
    |tmp_41_5_2_i_fu_3992_p2     |    xor   |      0|  0|   2|           1|           2|
    |tmp_41_5_3_i_fu_4012_p2     |    xor   |      0|  0|   2|           1|           2|
    |tmp_41_5_4_i_fu_4032_p2     |    xor   |      0|  0|   2|           1|           2|
    |tmp_41_5_5_i_fu_4052_p2     |    xor   |      0|  0|   2|           1|           2|
    |tmp_41_5_6_i_fu_4072_p2     |    xor   |      0|  0|   2|           1|           2|
    |tmp_41_5_7_i_fu_4092_p2     |    xor   |      0|  0|   2|           1|           2|
    |tmp_41_5_i_fu_3952_p2       |    xor   |      0|  0|   2|           1|           2|
    |tmp_41_6_1_i_fu_4128_p2     |    xor   |      0|  0|   2|           1|           2|
    |tmp_41_6_2_i_fu_4148_p2     |    xor   |      0|  0|   2|           1|           2|
    |tmp_41_6_3_i_fu_4168_p2     |    xor   |      0|  0|   2|           1|           2|
    |tmp_41_6_4_i_fu_4188_p2     |    xor   |      0|  0|   2|           1|           2|
    |tmp_41_6_5_i_fu_4208_p2     |    xor   |      0|  0|   2|           1|           2|
    |tmp_41_6_6_i_fu_4228_p2     |    xor   |      0|  0|   2|           1|           2|
    |tmp_41_6_7_i_fu_4248_p2     |    xor   |      0|  0|   2|           1|           2|
    |tmp_41_6_i_fu_4108_p2       |    xor   |      0|  0|   2|           1|           2|
    |tmp_41_7_1_i_fu_4284_p2     |    xor   |      0|  0|   2|           1|           2|
    |tmp_41_7_2_i_fu_4304_p2     |    xor   |      0|  0|   2|           1|           2|
    |tmp_41_7_3_i_fu_4324_p2     |    xor   |      0|  0|   2|           1|           2|
    |tmp_41_7_4_i_fu_4344_p2     |    xor   |      0|  0|   2|           1|           2|
    |tmp_41_7_5_i_fu_4364_p2     |    xor   |      0|  0|   2|           1|           2|
    |tmp_41_7_6_i_fu_4384_p2     |    xor   |      0|  0|   2|           1|           2|
    |tmp_41_7_7_i_fu_4404_p2     |    xor   |      0|  0|   2|           1|           2|
    |tmp_41_7_i_fu_4264_p2       |    xor   |      0|  0|   2|           1|           2|
    |tmp_41_8_1_i_fu_4440_p2     |    xor   |      0|  0|   2|           1|           2|
    |tmp_41_8_2_i_fu_4460_p2     |    xor   |      0|  0|   2|           1|           2|
    |tmp_41_8_3_i_fu_4480_p2     |    xor   |      0|  0|   2|           1|           2|
    |tmp_41_8_4_i_fu_4500_p2     |    xor   |      0|  0|   2|           1|           2|
    |tmp_41_8_5_i_fu_4520_p2     |    xor   |      0|  0|   2|           1|           2|
    |tmp_41_8_6_i_fu_4540_p2     |    xor   |      0|  0|   2|           1|           2|
    |tmp_41_8_7_i_fu_4560_p2     |    xor   |      0|  0|   2|           1|           2|
    |tmp_41_8_i_fu_4420_p2       |    xor   |      0|  0|   2|           1|           2|
    |tmp_41_9_1_i_fu_4596_p2     |    xor   |      0|  0|   2|           1|           2|
    |tmp_41_9_2_i_fu_4616_p2     |    xor   |      0|  0|   2|           1|           2|
    |tmp_41_9_3_i_fu_4636_p2     |    xor   |      0|  0|   2|           1|           2|
    |tmp_41_9_4_i_fu_4656_p2     |    xor   |      0|  0|   2|           1|           2|
    |tmp_41_9_5_i_fu_4676_p2     |    xor   |      0|  0|   2|           1|           2|
    |tmp_41_9_6_i_fu_4696_p2     |    xor   |      0|  0|   2|           1|           2|
    |tmp_41_9_7_i_fu_4716_p2     |    xor   |      0|  0|   2|           1|           2|
    |tmp_41_9_i_fu_4576_p2       |    xor   |      0|  0|   2|           1|           2|
    |tmp_fu_3110_p2              |    xor   |      0|  0|   1|           1|           1|
    +----------------------------+----------+-------+---+----+------------+------------+
    |Total                       |          |      0|  0|1450|        1703|        1716|
    +----------------------------+----------+-------+---+----+------------+------------+

    * Multiplexer: 
    +-----------------------------------------------------+----+-----------+-----+-----------+
    |                         Name                        | LUT| Input Size| Bits| Total Bits|
    +-----------------------------------------------------+----+-----------+-----+-----------+
    |act_m_val_V_phi_fu_1405_p258                         |   8|          2|    8|         16|
    |ap_NS_fsm                                            |   1|          4|    1|          4|
    |ap_enable_reg_pp0_iter4                              |   1|          2|    1|          2|
    |ap_phi_precharge_reg_pp0_iter2_act_m_val_V_reg_1402  |   8|          2|    8|         16|
    |i_i_reg_1391                                         |  32|          2|   32|         64|
    |in_V_V_blk_n                                         |   1|          2|    1|          2|
    |nf_assign_fu_976                                     |  32|          2|   32|         64|
    |out_V_V_blk_n                                        |   1|          2|    1|          2|
    |real_start                                           |   1|          2|    1|          2|
    |reps_blk_n                                           |   1|          2|    1|          2|
    |reps_out_blk_n                                       |   1|          2|    1|          2|
    |sf_3_fu_460                                          |  32|          2|   32|         64|
    |tile_assign_fu_456                                   |  32|          3|   32|         96|
    +-----------------------------------------------------+----+-----------+-----+-----------+
    |Total                                                | 151|         29|  151|        336|
    +-----------------------------------------------------+----+-----------+-----+-----------+

    * Register: 
    +-----------------------------------------------------+----+----+-----+-----------+
    |                         Name                        | FF | LUT| Bits| Const Bits|
    +-----------------------------------------------------+----+----+-----+-----------+
    |accu_0_0_V_reg_9312                                  |  16|   0|   16|          0|
    |accu_0_10_V_reg_9362                                 |  16|   0|   16|          0|
    |accu_0_11_V_reg_9367                                 |  16|   0|   16|          0|
    |accu_0_12_V_reg_9372                                 |  16|   0|   16|          0|
    |accu_0_13_V_reg_9377                                 |  16|   0|   16|          0|
    |accu_0_14_V_reg_9382                                 |  16|   0|   16|          0|
    |accu_0_15_V_reg_9387                                 |  16|   0|   16|          0|
    |accu_0_1_V_reg_9317                                  |  16|   0|   16|          0|
    |accu_0_2_V_reg_9322                                  |  16|   0|   16|          0|
    |accu_0_3_V_reg_9327                                  |  16|   0|   16|          0|
    |accu_0_4_V_reg_9332                                  |  16|   0|   16|          0|
    |accu_0_5_V_reg_9337                                  |  16|   0|   16|          0|
    |accu_0_6_V_reg_9342                                  |  16|   0|   16|          0|
    |accu_0_7_V_reg_9347                                  |  16|   0|   16|          0|
    |accu_0_8_V_reg_9352                                  |  16|   0|   16|          0|
    |accu_0_9_V_reg_9357                                  |  16|   0|   16|          0|
    |accu_V_0_0_i_fu_392                                  |  16|   0|   16|          0|
    |accu_V_0_10_i_fu_432                                 |  16|   0|   16|          0|
    |accu_V_0_11_i_fu_436                                 |  16|   0|   16|          0|
    |accu_V_0_12_i_fu_440                                 |  16|   0|   16|          0|
    |accu_V_0_13_i_fu_444                                 |  16|   0|   16|          0|
    |accu_V_0_14_i_fu_448                                 |  16|   0|   16|          0|
    |accu_V_0_15_i_fu_452                                 |  16|   0|   16|          0|
    |accu_V_0_1_i_fu_396                                  |  16|   0|   16|          0|
    |accu_V_0_2_i_fu_400                                  |  16|   0|   16|          0|
    |accu_V_0_3_i_fu_404                                  |  16|   0|   16|          0|
    |accu_V_0_4_i_fu_408                                  |  16|   0|   16|          0|
    |accu_V_0_5_i_fu_412                                  |  16|   0|   16|          0|
    |accu_V_0_6_i_fu_416                                  |  16|   0|   16|          0|
    |accu_V_0_7_i_fu_420                                  |  16|   0|   16|          0|
    |accu_V_0_8_i_fu_424                                  |  16|   0|   16|          0|
    |accu_V_0_9_i_fu_428                                  |  16|   0|   16|          0|
    |ap_CS_fsm                                            |   3|   0|    3|          0|
    |ap_done_reg                                          |   1|   0|    1|          0|
    |ap_enable_reg_pp0_iter0                              |   1|   0|    1|          0|
    |ap_enable_reg_pp0_iter1                              |   1|   0|    1|          0|
    |ap_enable_reg_pp0_iter2                              |   1|   0|    1|          0|
    |ap_enable_reg_pp0_iter3                              |   1|   0|    1|          0|
    |ap_enable_reg_pp0_iter4                              |   1|   0|    1|          0|
    |ap_phi_precharge_reg_pp0_iter2_act_m_val_V_reg_1402  |   8|   0|    8|          0|
    |ap_pipeline_reg_pp0_iter1_nf_assign_load_reg_8365    |  32|   0|   32|          0|
    |exitcond_i_reg_8319                                  |   1|   0|    1|          0|
    |i_i_reg_1391                                         |  32|   0|   32|          0|
    |inElem_V_2_reg_8375                                  |   8|   0|    8|          0|
    |nf_assign_fu_976                                     |  32|   0|   32|          0|
    |nf_assign_load_reg_8365                              |  32|   0|   32|          0|
    |real_start_status_reg                                |   1|   0|    1|          0|
    |sf_3_fu_460                                          |  32|   0|   32|          0|
    |start_control_reg                                    |   1|   0|    1|          0|
    |start_once_reg                                       |   1|   0|    1|          0|
    |threshs3_m_threshold_11_reg_9417                     |  16|   0|   16|          0|
    |threshs3_m_threshold_13_reg_9422                     |  16|   0|   16|          0|
    |threshs3_m_threshold_15_reg_9427                     |  16|   0|   16|          0|
    |threshs3_m_threshold_17_reg_9432                     |  16|   0|   16|          0|
    |threshs3_m_threshold_19_reg_9437                     |  16|   0|   16|          0|
    |threshs3_m_threshold_1_reg_9392                      |  16|   0|   16|          0|
    |threshs3_m_threshold_21_reg_9442                     |  16|   0|   16|          0|
    |threshs3_m_threshold_23_reg_9447                     |  16|   0|   16|          0|
    |threshs3_m_threshold_25_reg_9452                     |  16|   0|   16|          0|
    |threshs3_m_threshold_27_reg_9457                     |  16|   0|   16|          0|
    |threshs3_m_threshold_29_reg_9462                     |  16|   0|   16|          0|
    |threshs3_m_threshold_31_reg_9467                     |  16|   0|   16|          0|
    |threshs3_m_threshold_3_reg_9397                      |  16|   0|   16|          0|
    |threshs3_m_threshold_5_reg_9402                      |  16|   0|   16|          0|
    |threshs3_m_threshold_7_reg_9407                      |  16|   0|   16|          0|
    |threshs3_m_threshold_9_reg_9412                      |  16|   0|   16|          0|
    |tile_assign_fu_456                                   |  32|   0|   32|          0|
    |tmp_41_0_1_i_reg_8597                                |   1|   0|    1|          0|
    |tmp_41_0_2_i_reg_8602                                |   1|   0|    1|          0|
    |tmp_41_0_3_i_reg_8607                                |   1|   0|    1|          0|
    |tmp_41_0_4_i_reg_8612                                |   1|   0|    1|          0|
    |tmp_41_0_5_i_reg_8617                                |   1|   0|    1|          0|
    |tmp_41_0_6_i_reg_8622                                |   1|   0|    1|          0|
    |tmp_41_0_7_i_reg_8627                                |   1|   0|    1|          0|
    |tmp_41_0_i_reg_8592                                  |   1|   0|    1|          0|
    |tmp_41_10_1_i_reg_8997                               |   1|   0|    1|          0|
    |tmp_41_10_2_i_reg_9002                               |   1|   0|    1|          0|
    |tmp_41_10_3_i_reg_9007                               |   1|   0|    1|          0|
    |tmp_41_10_4_i_reg_9012                               |   1|   0|    1|          0|
    |tmp_41_10_5_i_reg_9017                               |   1|   0|    1|          0|
    |tmp_41_10_6_i_reg_9022                               |   1|   0|    1|          0|
    |tmp_41_10_7_i_reg_9027                               |   1|   0|    1|          0|
    |tmp_41_10_i_reg_8992                                 |   1|   0|    1|          0|
    |tmp_41_11_1_i_reg_9037                               |   1|   0|    1|          0|
    |tmp_41_11_2_i_reg_9042                               |   1|   0|    1|          0|
    |tmp_41_11_3_i_reg_9047                               |   1|   0|    1|          0|
    |tmp_41_11_4_i_reg_9052                               |   1|   0|    1|          0|
    |tmp_41_11_5_i_reg_9057                               |   1|   0|    1|          0|
    |tmp_41_11_6_i_reg_9062                               |   1|   0|    1|          0|
    |tmp_41_11_7_i_reg_9067                               |   1|   0|    1|          0|
    |tmp_41_11_i_reg_9032                                 |   1|   0|    1|          0|
    |tmp_41_12_1_i_reg_9077                               |   1|   0|    1|          0|
    |tmp_41_12_2_i_reg_9082                               |   1|   0|    1|          0|
    |tmp_41_12_3_i_reg_9087                               |   1|   0|    1|          0|
    |tmp_41_12_4_i_reg_9092                               |   1|   0|    1|          0|
    |tmp_41_12_5_i_reg_9097                               |   1|   0|    1|          0|
    |tmp_41_12_6_i_reg_9102                               |   1|   0|    1|          0|
    |tmp_41_12_7_i_reg_9107                               |   1|   0|    1|          0|
    |tmp_41_12_i_reg_9072                                 |   1|   0|    1|          0|
    |tmp_41_13_1_i_reg_9117                               |   1|   0|    1|          0|
    |tmp_41_13_2_i_reg_9122                               |   1|   0|    1|          0|
    |tmp_41_13_3_i_reg_9127                               |   1|   0|    1|          0|
    |tmp_41_13_4_i_reg_9132                               |   1|   0|    1|          0|
    |tmp_41_13_5_i_reg_9137                               |   1|   0|    1|          0|
    |tmp_41_13_6_i_reg_9142                               |   1|   0|    1|          0|
    |tmp_41_13_7_i_reg_9147                               |   1|   0|    1|          0|
    |tmp_41_13_i_reg_9112                                 |   1|   0|    1|          0|
    |tmp_41_14_1_i_reg_9157                               |   1|   0|    1|          0|
    |tmp_41_14_2_i_reg_9162                               |   1|   0|    1|          0|
    |tmp_41_14_3_i_reg_9167                               |   1|   0|    1|          0|
    |tmp_41_14_4_i_reg_9172                               |   1|   0|    1|          0|
    |tmp_41_14_5_i_reg_9177                               |   1|   0|    1|          0|
    |tmp_41_14_6_i_reg_9182                               |   1|   0|    1|          0|
    |tmp_41_14_7_i_reg_9187                               |   1|   0|    1|          0|
    |tmp_41_14_i_reg_9152                                 |   1|   0|    1|          0|
    |tmp_41_15_1_i_reg_9197                               |   1|   0|    1|          0|
    |tmp_41_15_2_i_reg_9202                               |   1|   0|    1|          0|
    |tmp_41_15_3_i_reg_9207                               |   1|   0|    1|          0|
    |tmp_41_15_4_i_reg_9212                               |   1|   0|    1|          0|
    |tmp_41_15_5_i_reg_9217                               |   1|   0|    1|          0|
    |tmp_41_15_6_i_reg_9222                               |   1|   0|    1|          0|
    |tmp_41_15_7_i_reg_9227                               |   1|   0|    1|          0|
    |tmp_41_15_i_reg_9192                                 |   1|   0|    1|          0|
    |tmp_41_1_1_i_reg_8637                                |   1|   0|    1|          0|
    |tmp_41_1_2_i_reg_8642                                |   1|   0|    1|          0|
    |tmp_41_1_3_i_reg_8647                                |   1|   0|    1|          0|
    |tmp_41_1_4_i_reg_8652                                |   1|   0|    1|          0|
    |tmp_41_1_5_i_reg_8657                                |   1|   0|    1|          0|
    |tmp_41_1_6_i_reg_8662                                |   1|   0|    1|          0|
    |tmp_41_1_7_i_reg_8667                                |   1|   0|    1|          0|
    |tmp_41_1_i_reg_8632                                  |   1|   0|    1|          0|
    |tmp_41_2_1_i_reg_8677                                |   1|   0|    1|          0|
    |tmp_41_2_2_i_reg_8682                                |   1|   0|    1|          0|
    |tmp_41_2_3_i_reg_8687                                |   1|   0|    1|          0|
    |tmp_41_2_4_i_reg_8692                                |   1|   0|    1|          0|
    |tmp_41_2_5_i_reg_8697                                |   1|   0|    1|          0|
    |tmp_41_2_6_i_reg_8702                                |   1|   0|    1|          0|
    |tmp_41_2_7_i_reg_8707                                |   1|   0|    1|          0|
    |tmp_41_2_i_reg_8672                                  |   1|   0|    1|          0|
    |tmp_41_3_1_i_reg_8717                                |   1|   0|    1|          0|
    |tmp_41_3_2_i_reg_8722                                |   1|   0|    1|          0|
    |tmp_41_3_3_i_reg_8727                                |   1|   0|    1|          0|
    |tmp_41_3_4_i_reg_8732                                |   1|   0|    1|          0|
    |tmp_41_3_5_i_reg_8737                                |   1|   0|    1|          0|
    |tmp_41_3_6_i_reg_8742                                |   1|   0|    1|          0|
    |tmp_41_3_7_i_reg_8747                                |   1|   0|    1|          0|
    |tmp_41_3_i_reg_8712                                  |   1|   0|    1|          0|
    |tmp_41_4_1_i_reg_8757                                |   1|   0|    1|          0|
    |tmp_41_4_2_i_reg_8762                                |   1|   0|    1|          0|
    |tmp_41_4_3_i_reg_8767                                |   1|   0|    1|          0|
    |tmp_41_4_4_i_reg_8772                                |   1|   0|    1|          0|
    |tmp_41_4_5_i_reg_8777                                |   1|   0|    1|          0|
    |tmp_41_4_6_i_reg_8782                                |   1|   0|    1|          0|
    |tmp_41_4_7_i_reg_8787                                |   1|   0|    1|          0|
    |tmp_41_4_i_reg_8752                                  |   1|   0|    1|          0|
    |tmp_41_5_1_i_reg_8797                                |   1|   0|    1|          0|
    |tmp_41_5_2_i_reg_8802                                |   1|   0|    1|          0|
    |tmp_41_5_3_i_reg_8807                                |   1|   0|    1|          0|
    |tmp_41_5_4_i_reg_8812                                |   1|   0|    1|          0|
    |tmp_41_5_5_i_reg_8817                                |   1|   0|    1|          0|
    |tmp_41_5_6_i_reg_8822                                |   1|   0|    1|          0|
    |tmp_41_5_7_i_reg_8827                                |   1|   0|    1|          0|
    |tmp_41_5_i_reg_8792                                  |   1|   0|    1|          0|
    |tmp_41_6_1_i_reg_8837                                |   1|   0|    1|          0|
    |tmp_41_6_2_i_reg_8842                                |   1|   0|    1|          0|
    |tmp_41_6_3_i_reg_8847                                |   1|   0|    1|          0|
    |tmp_41_6_4_i_reg_8852                                |   1|   0|    1|          0|
    |tmp_41_6_5_i_reg_8857                                |   1|   0|    1|          0|
    |tmp_41_6_6_i_reg_8862                                |   1|   0|    1|          0|
    |tmp_41_6_7_i_reg_8867                                |   1|   0|    1|          0|
    |tmp_41_6_i_reg_8832                                  |   1|   0|    1|          0|
    |tmp_41_7_1_i_reg_8877                                |   1|   0|    1|          0|
    |tmp_41_7_2_i_reg_8882                                |   1|   0|    1|          0|
    |tmp_41_7_3_i_reg_8887                                |   1|   0|    1|          0|
    |tmp_41_7_4_i_reg_8892                                |   1|   0|    1|          0|
    |tmp_41_7_5_i_reg_8897                                |   1|   0|    1|          0|
    |tmp_41_7_6_i_reg_8902                                |   1|   0|    1|          0|
    |tmp_41_7_7_i_reg_8907                                |   1|   0|    1|          0|
    |tmp_41_7_i_reg_8872                                  |   1|   0|    1|          0|
    |tmp_41_8_1_i_reg_8917                                |   1|   0|    1|          0|
    |tmp_41_8_2_i_reg_8922                                |   1|   0|    1|          0|
    |tmp_41_8_3_i_reg_8927                                |   1|   0|    1|          0|
    |tmp_41_8_4_i_reg_8932                                |   1|   0|    1|          0|
    |tmp_41_8_5_i_reg_8937                                |   1|   0|    1|          0|
    |tmp_41_8_6_i_reg_8942                                |   1|   0|    1|          0|
    |tmp_41_8_7_i_reg_8947                                |   1|   0|    1|          0|
    |tmp_41_8_i_reg_8912                                  |   1|   0|    1|          0|
    |tmp_41_9_1_i_reg_8957                                |   1|   0|    1|          0|
    |tmp_41_9_2_i_reg_8962                                |   1|   0|    1|          0|
    |tmp_41_9_3_i_reg_8967                                |   1|   0|    1|          0|
    |tmp_41_9_4_i_reg_8972                                |   1|   0|    1|          0|
    |tmp_41_9_5_i_reg_8977                                |   1|   0|    1|          0|
    |tmp_41_9_6_i_reg_8982                                |   1|   0|    1|          0|
    |tmp_41_9_7_i_reg_8987                                |   1|   0|    1|          0|
    |tmp_41_9_i_reg_8952                                  |   1|   0|    1|          0|
    |tmp_4_i_reg_8341                                     |   1|   0|    1|          0|
    |tmp_5_i_reg_8361                                     |   1|   0|    1|          0|
    |tmp_6149_reg_8314                                    |  23|   0|   32|          9|
    |tmp_6150_reg_8337                                    |   7|   0|    7|          0|
    |tmp_6151_reg_8332                                    |   7|   0|    7|          0|
    |tmp_6_i_reg_8370                                     |   1|   0|    1|          0|
    |tmp_V_100_fu_652                                     |   8|   0|    8|          0|
    |tmp_V_101_fu_656                                     |   8|   0|    8|          0|
    |tmp_V_102_fu_660                                     |   8|   0|    8|          0|
    |tmp_V_103_fu_664                                     |   8|   0|    8|          0|
    |tmp_V_104_fu_668                                     |   8|   0|    8|          0|
    |tmp_V_105_fu_672                                     |   8|   0|    8|          0|
    |tmp_V_106_fu_676                                     |   8|   0|    8|          0|
    |tmp_V_107_fu_680                                     |   8|   0|    8|          0|
    |tmp_V_108_fu_684                                     |   8|   0|    8|          0|
    |tmp_V_109_fu_688                                     |   8|   0|    8|          0|
    |tmp_V_110_fu_692                                     |   8|   0|    8|          0|
    |tmp_V_111_fu_696                                     |   8|   0|    8|          0|
    |tmp_V_112_fu_700                                     |   8|   0|    8|          0|
    |tmp_V_113_fu_704                                     |   8|   0|    8|          0|
    |tmp_V_114_fu_708                                     |   8|   0|    8|          0|
    |tmp_V_115_fu_712                                     |   8|   0|    8|          0|
    |tmp_V_116_fu_716                                     |   8|   0|    8|          0|
    |tmp_V_117_fu_720                                     |   8|   0|    8|          0|
    |tmp_V_118_fu_724                                     |   8|   0|    8|          0|
    |tmp_V_119_fu_728                                     |   8|   0|    8|          0|
    |tmp_V_120_fu_732                                     |   8|   0|    8|          0|
    |tmp_V_121_fu_736                                     |   8|   0|    8|          0|
    |tmp_V_122_fu_740                                     |   8|   0|    8|          0|
    |tmp_V_123_fu_744                                     |   8|   0|    8|          0|
    |tmp_V_124_fu_748                                     |   8|   0|    8|          0|
    |tmp_V_125_fu_752                                     |   8|   0|    8|          0|
    |tmp_V_126_fu_756                                     |   8|   0|    8|          0|
    |tmp_V_127_fu_760                                     |   8|   0|    8|          0|
    |tmp_V_128_fu_764                                     |   8|   0|    8|          0|
    |tmp_V_129_fu_768                                     |   8|   0|    8|          0|
    |tmp_V_130_fu_772                                     |   8|   0|    8|          0|
    |tmp_V_131_fu_776                                     |   8|   0|    8|          0|
    |tmp_V_132_fu_780                                     |   8|   0|    8|          0|
    |tmp_V_133_fu_784                                     |   8|   0|    8|          0|
    |tmp_V_134_fu_788                                     |   8|   0|    8|          0|
    |tmp_V_135_fu_792                                     |   8|   0|    8|          0|
    |tmp_V_136_fu_796                                     |   8|   0|    8|          0|
    |tmp_V_137_fu_800                                     |   8|   0|    8|          0|
    |tmp_V_138_fu_804                                     |   8|   0|    8|          0|
    |tmp_V_139_fu_808                                     |   8|   0|    8|          0|
    |tmp_V_140_fu_812                                     |   8|   0|    8|          0|
    |tmp_V_141_fu_816                                     |   8|   0|    8|          0|
    |tmp_V_142_fu_820                                     |   8|   0|    8|          0|
    |tmp_V_143_fu_824                                     |   8|   0|    8|          0|
    |tmp_V_144_fu_828                                     |   8|   0|    8|          0|
    |tmp_V_145_fu_832                                     |   8|   0|    8|          0|
    |tmp_V_146_fu_836                                     |   8|   0|    8|          0|
    |tmp_V_147_fu_840                                     |   8|   0|    8|          0|
    |tmp_V_148_fu_844                                     |   8|   0|    8|          0|
    |tmp_V_149_fu_848                                     |   8|   0|    8|          0|
    |tmp_V_150_fu_852                                     |   8|   0|    8|          0|
    |tmp_V_151_fu_856                                     |   8|   0|    8|          0|
    |tmp_V_152_fu_860                                     |   8|   0|    8|          0|
    |tmp_V_153_fu_864                                     |   8|   0|    8|          0|
    |tmp_V_154_fu_868                                     |   8|   0|    8|          0|
    |tmp_V_155_fu_872                                     |   8|   0|    8|          0|
    |tmp_V_156_fu_876                                     |   8|   0|    8|          0|
    |tmp_V_157_fu_880                                     |   8|   0|    8|          0|
    |tmp_V_158_fu_884                                     |   8|   0|    8|          0|
    |tmp_V_159_fu_888                                     |   8|   0|    8|          0|
    |tmp_V_160_fu_892                                     |   8|   0|    8|          0|
    |tmp_V_161_fu_896                                     |   8|   0|    8|          0|
    |tmp_V_162_fu_900                                     |   8|   0|    8|          0|
    |tmp_V_163_fu_904                                     |   8|   0|    8|          0|
    |tmp_V_164_fu_908                                     |   8|   0|    8|          0|
    |tmp_V_165_fu_912                                     |   8|   0|    8|          0|
    |tmp_V_166_fu_916                                     |   8|   0|    8|          0|
    |tmp_V_167_fu_920                                     |   8|   0|    8|          0|
    |tmp_V_168_fu_924                                     |   8|   0|    8|          0|
    |tmp_V_169_fu_928                                     |   8|   0|    8|          0|
    |tmp_V_170_fu_932                                     |   8|   0|    8|          0|
    |tmp_V_171_fu_936                                     |   8|   0|    8|          0|
    |tmp_V_172_fu_940                                     |   8|   0|    8|          0|
    |tmp_V_173_fu_944                                     |   8|   0|    8|          0|
    |tmp_V_174_fu_948                                     |   8|   0|    8|          0|
    |tmp_V_175_fu_952                                     |   8|   0|    8|          0|
    |tmp_V_176_fu_956                                     |   8|   0|    8|          0|
    |tmp_V_177_fu_960                                     |   8|   0|    8|          0|
    |tmp_V_178_fu_964                                     |   8|   0|    8|          0|
    |tmp_V_179_fu_968                                     |   8|   0|    8|          0|
    |tmp_V_180_fu_972                                     |   8|   0|    8|          0|
    |tmp_V_54_fu_468                                      |   8|   0|    8|          0|
    |tmp_V_55_fu_472                                      |   8|   0|    8|          0|
    |tmp_V_56_fu_476                                      |   8|   0|    8|          0|
    |tmp_V_57_fu_480                                      |   8|   0|    8|          0|
    |tmp_V_58_fu_484                                      |   8|   0|    8|          0|
    |tmp_V_59_fu_488                                      |   8|   0|    8|          0|
    |tmp_V_60_fu_492                                      |   8|   0|    8|          0|
    |tmp_V_61_fu_496                                      |   8|   0|    8|          0|
    |tmp_V_62_fu_500                                      |   8|   0|    8|          0|
    |tmp_V_63_fu_504                                      |   8|   0|    8|          0|
    |tmp_V_64_fu_508                                      |   8|   0|    8|          0|
    |tmp_V_65_fu_512                                      |   8|   0|    8|          0|
    |tmp_V_66_fu_516                                      |   8|   0|    8|          0|
    |tmp_V_67_fu_520                                      |   8|   0|    8|          0|
    |tmp_V_68_fu_524                                      |   8|   0|    8|          0|
    |tmp_V_69_fu_528                                      |   8|   0|    8|          0|
    |tmp_V_70_fu_532                                      |   8|   0|    8|          0|
    |tmp_V_71_fu_536                                      |   8|   0|    8|          0|
    |tmp_V_72_fu_540                                      |   8|   0|    8|          0|
    |tmp_V_73_fu_544                                      |   8|   0|    8|          0|
    |tmp_V_74_fu_548                                      |   8|   0|    8|          0|
    |tmp_V_75_fu_552                                      |   8|   0|    8|          0|
    |tmp_V_76_fu_556                                      |   8|   0|    8|          0|
    |tmp_V_77_fu_560                                      |   8|   0|    8|          0|
    |tmp_V_78_fu_564                                      |   8|   0|    8|          0|
    |tmp_V_79_fu_568                                      |   8|   0|    8|          0|
    |tmp_V_80_fu_572                                      |   8|   0|    8|          0|
    |tmp_V_81_fu_576                                      |   8|   0|    8|          0|
    |tmp_V_82_fu_580                                      |   8|   0|    8|          0|
    |tmp_V_83_fu_584                                      |   8|   0|    8|          0|
    |tmp_V_84_fu_588                                      |   8|   0|    8|          0|
    |tmp_V_85_fu_592                                      |   8|   0|    8|          0|
    |tmp_V_86_fu_596                                      |   8|   0|    8|          0|
    |tmp_V_87_fu_600                                      |   8|   0|    8|          0|
    |tmp_V_88_fu_604                                      |   8|   0|    8|          0|
    |tmp_V_89_fu_608                                      |   8|   0|    8|          0|
    |tmp_V_90_fu_612                                      |   8|   0|    8|          0|
    |tmp_V_91_fu_616                                      |   8|   0|    8|          0|
    |tmp_V_92_fu_620                                      |   8|   0|    8|          0|
    |tmp_V_93_fu_624                                      |   8|   0|    8|          0|
    |tmp_V_94_fu_628                                      |   8|   0|    8|          0|
    |tmp_V_95_fu_632                                      |   8|   0|    8|          0|
    |tmp_V_96_fu_636                                      |   8|   0|    8|          0|
    |tmp_V_97_fu_640                                      |   8|   0|    8|          0|
    |tmp_V_98_fu_644                                      |   8|   0|    8|          0|
    |tmp_V_99_fu_648                                      |   8|   0|    8|          0|
    |tmp_V_fu_464                                         |   8|   0|    8|          0|
    |tmp_i_reg_8328                                       |   1|   0|    1|          0|
    |exitcond_i_reg_8319                                  |   0|   1|    1|          0|
    |tmp_4_i_reg_8341                                     |   0|   1|    1|          0|
    |tmp_5_i_reg_8361                                     |   0|   1|    1|          0|
    |tmp_i_reg_8328                                       |   0|   1|    1|          0|
    +-----------------------------------------------------+----+----+-----+-----------+
    |Total                                                |2182|   4| 2195|          9|
    +-----------------------------------------------------+----+----+-----+-----------+



================================================================
== Interface
================================================================
* Summary: 
+----------------------------------+-----+-----+------------+-------------------------+--------------+
|             RTL Ports            | Dir | Bits|  Protocol  |      Source Object      |    C Type    |
+----------------------------------+-----+-----+------------+-------------------------+--------------+
|ap_clk                            |  in |    1| ap_ctrl_hs |  Matrix_Vector_Activa.1 | return value |
|ap_rst                            |  in |    1| ap_ctrl_hs |  Matrix_Vector_Activa.1 | return value |
|ap_start                          |  in |    1| ap_ctrl_hs |  Matrix_Vector_Activa.1 | return value |
|start_full_n                      |  in |    1| ap_ctrl_hs |  Matrix_Vector_Activa.1 | return value |
|ap_ready                          | out |    1| ap_ctrl_hs |  Matrix_Vector_Activa.1 | return value |
|ap_done                           | out |    1| ap_ctrl_hs |  Matrix_Vector_Activa.1 | return value |
|ap_continue                       |  in |    1| ap_ctrl_hs |  Matrix_Vector_Activa.1 | return value |
|ap_idle                           | out |    1| ap_ctrl_hs |  Matrix_Vector_Activa.1 | return value |
|start_out                         | out |    1| ap_ctrl_hs |  Matrix_Vector_Activa.1 | return value |
|start_write                       | out |    1| ap_ctrl_hs |  Matrix_Vector_Activa.1 | return value |
|in_V_V_dout                       |  in |    8|   ap_fifo  |          in_V_V         |    pointer   |
|in_V_V_empty_n                    |  in |    1|   ap_fifo  |          in_V_V         |    pointer   |
|in_V_V_read                       | out |    1|   ap_fifo  |          in_V_V         |    pointer   |
|out_V_V_din                       | out |   16|   ap_fifo  |         out_V_V         |    pointer   |
|out_V_V_full_n                    |  in |    1|   ap_fifo  |         out_V_V         |    pointer   |
|out_V_V_write                     | out |    1|   ap_fifo  |         out_V_V         |    pointer   |
|reps_dout                         |  in |   32|   ap_fifo  |           reps          |    pointer   |
|reps_empty_n                      |  in |    1|   ap_fifo  |           reps          |    pointer   |
|reps_read                         | out |    1|   ap_fifo  |           reps          |    pointer   |
|reps_out_din                      | out |   32|   ap_fifo  |         reps_out        |    pointer   |
|reps_out_full_n                   |  in |    1|   ap_fifo  |         reps_out        |    pointer   |
|reps_out_write                    | out |    1|   ap_fifo  |         reps_out        |    pointer   |
|weights3_m_weights_V_address0     | out |    9|  ap_memory |   weights3_m_weights_V  |     array    |
|weights3_m_weights_V_ce0          | out |    1|  ap_memory |   weights3_m_weights_V  |     array    |
|weights3_m_weights_V_q0           |  in |    8|  ap_memory |   weights3_m_weights_V  |     array    |
|weights3_m_weights_V_1_address0   | out |    9|  ap_memory |  weights3_m_weights_V_1 |     array    |
|weights3_m_weights_V_1_ce0        | out |    1|  ap_memory |  weights3_m_weights_V_1 |     array    |
|weights3_m_weights_V_1_q0         |  in |    8|  ap_memory |  weights3_m_weights_V_1 |     array    |
|weights3_m_weights_V_2_address0   | out |    9|  ap_memory |  weights3_m_weights_V_2 |     array    |
|weights3_m_weights_V_2_ce0        | out |    1|  ap_memory |  weights3_m_weights_V_2 |     array    |
|weights3_m_weights_V_2_q0         |  in |    8|  ap_memory |  weights3_m_weights_V_2 |     array    |
|weights3_m_weights_V_3_address0   | out |    9|  ap_memory |  weights3_m_weights_V_3 |     array    |
|weights3_m_weights_V_3_ce0        | out |    1|  ap_memory |  weights3_m_weights_V_3 |     array    |
|weights3_m_weights_V_3_q0         |  in |    8|  ap_memory |  weights3_m_weights_V_3 |     array    |
|weights3_m_weights_V_4_address0   | out |    9|  ap_memory |  weights3_m_weights_V_4 |     array    |
|weights3_m_weights_V_4_ce0        | out |    1|  ap_memory |  weights3_m_weights_V_4 |     array    |
|weights3_m_weights_V_4_q0         |  in |    8|  ap_memory |  weights3_m_weights_V_4 |     array    |
|weights3_m_weights_V_5_address0   | out |    9|  ap_memory |  weights3_m_weights_V_5 |     array    |
|weights3_m_weights_V_5_ce0        | out |    1|  ap_memory |  weights3_m_weights_V_5 |     array    |
|weights3_m_weights_V_5_q0         |  in |    8|  ap_memory |  weights3_m_weights_V_5 |     array    |
|weights3_m_weights_V_6_address0   | out |    9|  ap_memory |  weights3_m_weights_V_6 |     array    |
|weights3_m_weights_V_6_ce0        | out |    1|  ap_memory |  weights3_m_weights_V_6 |     array    |
|weights3_m_weights_V_6_q0         |  in |    8|  ap_memory |  weights3_m_weights_V_6 |     array    |
|weights3_m_weights_V_7_address0   | out |    9|  ap_memory |  weights3_m_weights_V_7 |     array    |
|weights3_m_weights_V_7_ce0        | out |    1|  ap_memory |  weights3_m_weights_V_7 |     array    |
|weights3_m_weights_V_7_q0         |  in |    8|  ap_memory |  weights3_m_weights_V_7 |     array    |
|weights3_m_weights_V_8_address0   | out |    9|  ap_memory |  weights3_m_weights_V_8 |     array    |
|weights3_m_weights_V_8_ce0        | out |    1|  ap_memory |  weights3_m_weights_V_8 |     array    |
|weights3_m_weights_V_8_q0         |  in |    8|  ap_memory |  weights3_m_weights_V_8 |     array    |
|weights3_m_weights_V_9_address0   | out |    9|  ap_memory |  weights3_m_weights_V_9 |     array    |
|weights3_m_weights_V_9_ce0        | out |    1|  ap_memory |  weights3_m_weights_V_9 |     array    |
|weights3_m_weights_V_9_q0         |  in |    8|  ap_memory |  weights3_m_weights_V_9 |     array    |
|weights3_m_weights_V_10_address0  | out |    9|  ap_memory | weights3_m_weights_V_10 |     array    |
|weights3_m_weights_V_10_ce0       | out |    1|  ap_memory | weights3_m_weights_V_10 |     array    |
|weights3_m_weights_V_10_q0        |  in |    8|  ap_memory | weights3_m_weights_V_10 |     array    |
|weights3_m_weights_V_11_address0  | out |    9|  ap_memory | weights3_m_weights_V_11 |     array    |
|weights3_m_weights_V_11_ce0       | out |    1|  ap_memory | weights3_m_weights_V_11 |     array    |
|weights3_m_weights_V_11_q0        |  in |    8|  ap_memory | weights3_m_weights_V_11 |     array    |
|weights3_m_weights_V_12_address0  | out |    9|  ap_memory | weights3_m_weights_V_12 |     array    |
|weights3_m_weights_V_12_ce0       | out |    1|  ap_memory | weights3_m_weights_V_12 |     array    |
|weights3_m_weights_V_12_q0        |  in |    8|  ap_memory | weights3_m_weights_V_12 |     array    |
|weights3_m_weights_V_13_address0  | out |    9|  ap_memory | weights3_m_weights_V_13 |     array    |
|weights3_m_weights_V_13_ce0       | out |    1|  ap_memory | weights3_m_weights_V_13 |     array    |
|weights3_m_weights_V_13_q0        |  in |    8|  ap_memory | weights3_m_weights_V_13 |     array    |
|weights3_m_weights_V_14_address0  | out |    9|  ap_memory | weights3_m_weights_V_14 |     array    |
|weights3_m_weights_V_14_ce0       | out |    1|  ap_memory | weights3_m_weights_V_14 |     array    |
|weights3_m_weights_V_14_q0        |  in |    8|  ap_memory | weights3_m_weights_V_14 |     array    |
|weights3_m_weights_V_15_address0  | out |    9|  ap_memory | weights3_m_weights_V_15 |     array    |
|weights3_m_weights_V_15_ce0       | out |    1|  ap_memory | weights3_m_weights_V_15 |     array    |
|weights3_m_weights_V_15_q0        |  in |    8|  ap_memory | weights3_m_weights_V_15 |     array    |
|threshs3_m_threshold_15_address0  | out |    2|  ap_memory | threshs3_m_threshold_15 |     array    |
|threshs3_m_threshold_15_ce0       | out |    1|  ap_memory | threshs3_m_threshold_15 |     array    |
|threshs3_m_threshold_15_q0        |  in |   16|  ap_memory | threshs3_m_threshold_15 |     array    |
|threshs3_m_threshold_14_address0  | out |    2|  ap_memory | threshs3_m_threshold_14 |     array    |
|threshs3_m_threshold_14_ce0       | out |    1|  ap_memory | threshs3_m_threshold_14 |     array    |
|threshs3_m_threshold_14_q0        |  in |   16|  ap_memory | threshs3_m_threshold_14 |     array    |
|threshs3_m_threshold_7_address0   | out |    2|  ap_memory |  threshs3_m_threshold_7 |     array    |
|threshs3_m_threshold_7_ce0        | out |    1|  ap_memory |  threshs3_m_threshold_7 |     array    |
|threshs3_m_threshold_7_q0         |  in |   16|  ap_memory |  threshs3_m_threshold_7 |     array    |
|threshs3_m_threshold_6_address0   | out |    2|  ap_memory |  threshs3_m_threshold_6 |     array    |
|threshs3_m_threshold_6_ce0        | out |    1|  ap_memory |  threshs3_m_threshold_6 |     array    |
|threshs3_m_threshold_6_q0         |  in |   16|  ap_memory |  threshs3_m_threshold_6 |     array    |
|threshs3_m_threshold_5_address0   | out |    2|  ap_memory |  threshs3_m_threshold_5 |     array    |
|threshs3_m_threshold_5_ce0        | out |    1|  ap_memory |  threshs3_m_threshold_5 |     array    |
|threshs3_m_threshold_5_q0         |  in |   16|  ap_memory |  threshs3_m_threshold_5 |     array    |
|threshs3_m_threshold_4_address0   | out |    2|  ap_memory |  threshs3_m_threshold_4 |     array    |
|threshs3_m_threshold_4_ce0        | out |    1|  ap_memory |  threshs3_m_threshold_4 |     array    |
|threshs3_m_threshold_4_q0         |  in |   16|  ap_memory |  threshs3_m_threshold_4 |     array    |
|threshs3_m_threshold_3_address0   | out |    2|  ap_memory |  threshs3_m_threshold_3 |     array    |
|threshs3_m_threshold_3_ce0        | out |    1|  ap_memory |  threshs3_m_threshold_3 |     array    |
|threshs3_m_threshold_3_q0         |  in |   16|  ap_memory |  threshs3_m_threshold_3 |     array    |
|threshs3_m_threshold_2_address0   | out |    2|  ap_memory |  threshs3_m_threshold_2 |     array    |
|threshs3_m_threshold_2_ce0        | out |    1|  ap_memory |  threshs3_m_threshold_2 |     array    |
|threshs3_m_threshold_2_q0         |  in |   16|  ap_memory |  threshs3_m_threshold_2 |     array    |
|threshs3_m_threshold_1_address0   | out |    2|  ap_memory |  threshs3_m_threshold_1 |     array    |
|threshs3_m_threshold_1_ce0        | out |    1|  ap_memory |  threshs3_m_threshold_1 |     array    |
|threshs3_m_threshold_1_q0         |  in |   16|  ap_memory |  threshs3_m_threshold_1 |     array    |
|threshs3_m_threshold_address0     | out |    2|  ap_memory |   threshs3_m_threshold  |     array    |
|threshs3_m_threshold_ce0          | out |    1|  ap_memory |   threshs3_m_threshold  |     array    |
|threshs3_m_threshold_q0           |  in |   16|  ap_memory |   threshs3_m_threshold  |     array    |
|threshs3_m_threshold_13_address0  | out |    2|  ap_memory | threshs3_m_threshold_13 |     array    |
|threshs3_m_threshold_13_ce0       | out |    1|  ap_memory | threshs3_m_threshold_13 |     array    |
|threshs3_m_threshold_13_q0        |  in |   16|  ap_memory | threshs3_m_threshold_13 |     array    |
|threshs3_m_threshold_12_address0  | out |    2|  ap_memory | threshs3_m_threshold_12 |     array    |
|threshs3_m_threshold_12_ce0       | out |    1|  ap_memory | threshs3_m_threshold_12 |     array    |
|threshs3_m_threshold_12_q0        |  in |   16|  ap_memory | threshs3_m_threshold_12 |     array    |
|threshs3_m_threshold_11_address0  | out |    2|  ap_memory | threshs3_m_threshold_11 |     array    |
|threshs3_m_threshold_11_ce0       | out |    1|  ap_memory | threshs3_m_threshold_11 |     array    |
|threshs3_m_threshold_11_q0        |  in |   16|  ap_memory | threshs3_m_threshold_11 |     array    |
|threshs3_m_threshold_10_address0  | out |    2|  ap_memory | threshs3_m_threshold_10 |     array    |
|threshs3_m_threshold_10_ce0       | out |    1|  ap_memory | threshs3_m_threshold_10 |     array    |
|threshs3_m_threshold_10_q0        |  in |   16|  ap_memory | threshs3_m_threshold_10 |     array    |
|threshs3_m_threshold_9_address0   | out |    2|  ap_memory |  threshs3_m_threshold_9 |     array    |
|threshs3_m_threshold_9_ce0        | out |    1|  ap_memory |  threshs3_m_threshold_9 |     array    |
|threshs3_m_threshold_9_q0         |  in |   16|  ap_memory |  threshs3_m_threshold_9 |     array    |
|threshs3_m_threshold_8_address0   | out |    2|  ap_memory |  threshs3_m_threshold_8 |     array    |
|threshs3_m_threshold_8_ce0        | out |    1|  ap_memory |  threshs3_m_threshold_8 |     array    |
|threshs3_m_threshold_8_q0         |  in |   16|  ap_memory |  threshs3_m_threshold_8 |     array    |
+----------------------------------+-----+-----+------------+-------------------------+--------------+

