

================================================================
== Vivado HLS Report for 'Mem2Stream'
================================================================
* Date:           Thu May  7 18:31:31 2020

* Version:        2016.3 (Build 1682563 on Mon Oct 10 19:41:59 MDT 2016)
* Project:        lfcW1A1-pynqZ1-Z2
* Solution:       sol1
* Product family: zynq
* Target device:  xc7z020clg400-1


================================================================
== Performance Estimates
================================================================
+ Timing (ns): 
    * Summary: 
    +--------+-------+----------+------------+
    |  Clock | Target| Estimated| Uncertainty|
    +--------+-------+----------+------------+
    |ap_clk  |   5.00|      4.38|        0.62|
    +--------+-------+----------+------------+

+ Latency (clock cycles): 
    * Summary: 
    +-----+-----+-----+-----+---------+
    |  Latency  |  Interval | Pipeline|
    | min | max | min | max |   Type  |
    +-----+-----+-----+-----+---------+
    |   23|   23|   23|   23|   none  |
    +-----+-----+-----+-----+---------+

    + Detail: 
        * Instance: 
        N/A

        * Loop: 
        +----------+-----+-----+----------+-----------+-----------+------+----------+
        |          |  Latency  | Iteration|  Initiation Interval  | Trip |          |
        | Loop Name| min | max |  Latency |  achieved |   target  | Count| Pipelined|
        +----------+-----+-----+----------+-----------+-----------+------+----------+
        |- Loop 1  |   14|   14|         3|          1|          1|    13|    yes   |
        +----------+-----+-----+----------+-----------+-----------+------+----------+



================================================================
== Utilization Estimates
================================================================
* Summary: 
+-----------------+---------+-------+--------+-------+
|       Name      | BRAM_18K| DSP48E|   FF   |  LUT  |
+-----------------+---------+-------+--------+-------+
|DSP              |        -|      -|       -|      -|
|Expression       |        -|      -|       0|     68|
|FIFO             |        -|      -|       -|      -|
|Instance         |        -|      -|       -|      -|
|Memory           |        -|      -|       -|      -|
|Multiplexer      |        -|      -|       -|     13|
|Register         |        -|      -|     146|      -|
+-----------------+---------+-------+--------+-------+
|Total            |        0|      0|     146|     81|
+-----------------+---------+-------+--------+-------+
|Available        |      280|    220|  106400|  53200|
+-----------------+---------+-------+--------+-------+
|Utilization (%)  |        0|      0|   ~0   |   ~0  |
+-----------------+---------+-------+--------+-------+

+ Detail: 
    * Instance: 
    N/A

    * DSP48: 
    N/A

    * Memory: 
    N/A

    * FIFO: 
    N/A

    * Expression: 
    +----------------+----------+-------+---+----+------------+------------+
    |  Variable Name | Operation| DSP48E| FF| LUT| Bitwidth P0| Bitwidth P1|
    +----------------+----------+-------+---+----+------------+------------+
    |i_3_fu_134_p2   |     +    |      0|  0|   4|           4|           1|
    |sum1_fu_112_p2  |     +    |      0|  0|  62|          62|          62|
    |tmp_fu_128_p2   |   icmp   |      0|  0|   2|           4|           3|
    +----------------+----------+-------+---+----+------------+------------+
    |Total           |          |      0|  0|  68|          70|          66|
    +----------------+----------+-------+---+----+------------+------------+

    * Multiplexer: 
    +-----------------------------------+----+-----------+-----+-----------+
    |                Name               | LUT| Input Size| Bits| Total Bits|
    +-----------------------------------+----+-----------+-----+-----------+
    |ap_NS_fsm                          |   4|         11|    1|         11|
    |ap_enable_reg_pp0_iter2            |   1|          2|    1|          2|
    |ap_sig_ioackin_m_axi_in_V_ARREADY  |   1|          2|    1|          2|
    |i_reg_93                           |   4|          2|    4|          8|
    |in_V_blk_n_AR                      |   1|          2|    1|          2|
    |in_V_blk_n_R                       |   1|          2|    1|          2|
    |out_V_V_blk_n                      |   1|          2|    1|          2|
    +-----------------------------------+----+-----------+-----+-----------+
    |Total                              |  13|         23|   10|         29|
    +-----------------------------------+----+-----------+-----+-----------+

    * Register: 
    +---------------------------------------+----+----+-----+-----------+
    |                  Name                 | FF | LUT| Bits| Const Bits|
    +---------------------------------------+----+----+-----+-----------+
    |ap_CS_fsm                              |  10|   0|   10|          0|
    |ap_enable_reg_pp0_iter0                |   1|   0|    1|          0|
    |ap_enable_reg_pp0_iter1                |   1|   0|    1|          0|
    |ap_enable_reg_pp0_iter2                |   1|   0|    1|          0|
    |ap_pipeline_reg_pp0_iter1_tmp_reg_151  |   1|   0|    1|          0|
    |ap_reg_ioackin_m_axi_in_V_ARREADY      |   1|   0|    1|          0|
    |e_V_reg_160                            |  64|   0|   64|          0|
    |i_reg_93                               |   4|   0|    4|          0|
    |sum1_reg_140                           |  62|   0|   62|          0|
    |tmp_reg_151                            |   1|   0|    1|          0|
    +---------------------------------------+----+----+-----+-----------+
    |Total                                  | 146|   0|  146|          0|
    +---------------------------------------+----+----+-----+-----------+



================================================================
== Interface
================================================================
* Summary: 
+---------------------+-----+-----+------------+--------------+--------------+
|      RTL Ports      | Dir | Bits|  Protocol  | Source Object|    C Type    |
+---------------------+-----+-----+------------+--------------+--------------+
|ap_clk               |  in |    1| ap_ctrl_hs |  Mem2Stream  | return value |
|ap_rst               |  in |    1| ap_ctrl_hs |  Mem2Stream  | return value |
|ap_start             |  in |    1| ap_ctrl_hs |  Mem2Stream  | return value |
|ap_done              | out |    1| ap_ctrl_hs |  Mem2Stream  | return value |
|ap_idle              | out |    1| ap_ctrl_hs |  Mem2Stream  | return value |
|ap_ready             | out |    1| ap_ctrl_hs |  Mem2Stream  | return value |
|m_axi_in_V_AWVALID   | out |    1|    m_axi   |     in_V     |    pointer   |
|m_axi_in_V_AWREADY   |  in |    1|    m_axi   |     in_V     |    pointer   |
|m_axi_in_V_AWADDR    | out |   64|    m_axi   |     in_V     |    pointer   |
|m_axi_in_V_AWID      | out |    1|    m_axi   |     in_V     |    pointer   |
|m_axi_in_V_AWLEN     | out |   32|    m_axi   |     in_V     |    pointer   |
|m_axi_in_V_AWSIZE    | out |    3|    m_axi   |     in_V     |    pointer   |
|m_axi_in_V_AWBURST   | out |    2|    m_axi   |     in_V     |    pointer   |
|m_axi_in_V_AWLOCK    | out |    2|    m_axi   |     in_V     |    pointer   |
|m_axi_in_V_AWCACHE   | out |    4|    m_axi   |     in_V     |    pointer   |
|m_axi_in_V_AWPROT    | out |    3|    m_axi   |     in_V     |    pointer   |
|m_axi_in_V_AWQOS     | out |    4|    m_axi   |     in_V     |    pointer   |
|m_axi_in_V_AWREGION  | out |    4|    m_axi   |     in_V     |    pointer   |
|m_axi_in_V_AWUSER    | out |    1|    m_axi   |     in_V     |    pointer   |
|m_axi_in_V_WVALID    | out |    1|    m_axi   |     in_V     |    pointer   |
|m_axi_in_V_WREADY    |  in |    1|    m_axi   |     in_V     |    pointer   |
|m_axi_in_V_WDATA     | out |   64|    m_axi   |     in_V     |    pointer   |
|m_axi_in_V_WSTRB     | out |    8|    m_axi   |     in_V     |    pointer   |
|m_axi_in_V_WLAST     | out |    1|    m_axi   |     in_V     |    pointer   |
|m_axi_in_V_WID       | out |    1|    m_axi   |     in_V     |    pointer   |
|m_axi_in_V_WUSER     | out |    1|    m_axi   |     in_V     |    pointer   |
|m_axi_in_V_ARVALID   | out |    1|    m_axi   |     in_V     |    pointer   |
|m_axi_in_V_ARREADY   |  in |    1|    m_axi   |     in_V     |    pointer   |
|m_axi_in_V_ARADDR    | out |   64|    m_axi   |     in_V     |    pointer   |
|m_axi_in_V_ARID      | out |    1|    m_axi   |     in_V     |    pointer   |
|m_axi_in_V_ARLEN     | out |   32|    m_axi   |     in_V     |    pointer   |
|m_axi_in_V_ARSIZE    | out |    3|    m_axi   |     in_V     |    pointer   |
|m_axi_in_V_ARBURST   | out |    2|    m_axi   |     in_V     |    pointer   |
|m_axi_in_V_ARLOCK    | out |    2|    m_axi   |     in_V     |    pointer   |
|m_axi_in_V_ARCACHE   | out |    4|    m_axi   |     in_V     |    pointer   |
|m_axi_in_V_ARPROT    | out |    3|    m_axi   |     in_V     |    pointer   |
|m_axi_in_V_ARQOS     | out |    4|    m_axi   |     in_V     |    pointer   |
|m_axi_in_V_ARREGION  | out |    4|    m_axi   |     in_V     |    pointer   |
|m_axi_in_V_ARUSER    | out |    1|    m_axi   |     in_V     |    pointer   |
|m_axi_in_V_RVALID    |  in |    1|    m_axi   |     in_V     |    pointer   |
|m_axi_in_V_RREADY    | out |    1|    m_axi   |     in_V     |    pointer   |
|m_axi_in_V_RDATA     |  in |   64|    m_axi   |     in_V     |    pointer   |
|m_axi_in_V_RLAST     |  in |    1|    m_axi   |     in_V     |    pointer   |
|m_axi_in_V_RID       |  in |    1|    m_axi   |     in_V     |    pointer   |
|m_axi_in_V_RUSER     |  in |    1|    m_axi   |     in_V     |    pointer   |
|m_axi_in_V_RRESP     |  in |    2|    m_axi   |     in_V     |    pointer   |
|m_axi_in_V_BVALID    |  in |    1|    m_axi   |     in_V     |    pointer   |
|m_axi_in_V_BREADY    | out |    1|    m_axi   |     in_V     |    pointer   |
|m_axi_in_V_BRESP     |  in |    2|    m_axi   |     in_V     |    pointer   |
|m_axi_in_V_BID       |  in |    1|    m_axi   |     in_V     |    pointer   |
|m_axi_in_V_BUSER     |  in |    1|    m_axi   |     in_V     |    pointer   |
|in_V1                |  in |   61|   ap_none  |     in_V1    |    scalar    |
|tmp_8                |  in |   32|   ap_none  |     tmp_8    |    scalar    |
|out_V_V_din          | out |   64|   ap_fifo  |    out_V_V   |    pointer   |
|out_V_V_full_n       |  in |    1|   ap_fifo  |    out_V_V   |    pointer   |
|out_V_V_write        | out |    1|   ap_fifo  |    out_V_V   |    pointer   |
+---------------------+-----+-----+------------+--------------+--------------+

