

================================================================
== Vivado HLS Report for 'StreamingDataWidthCo_1'
================================================================
* Date:           Thu May  7 18:41:04 2020

* Version:        2016.3 (Build 1682563 on Mon Oct 10 19:41:59 MDT 2016)
* Project:        lfcW1A1-pynqZ1-Z2
* Solution:       sol1
* Product family: zynq
* Target device:  xc7z020clg400-1


================================================================
== Performance Estimates
================================================================
+ Timing (ns): 
    * Summary: 
    +--------+-------+----------+------------+
    |  Clock | Target| Estimated| Uncertainty|
    +--------+-------+----------+------------+
    |ap_clk  |   5.00|      4.96|        0.62|
    +--------+-------+----------+------------+

+ Latency (clock cycles): 
    * Summary: 
    +-----+-----+-----+-----+---------+
    |  Latency  |  Interval | Pipeline|
    | min | max | min | max |   Type  |
    +-----+-----+-----+-----+---------+
    |    ?|    ?|    ?|    ?|   none  |
    +-----+-----+-----+-----+---------+

    + Detail: 
        * Instance: 
        N/A

        * Loop: 
        +----------+-----+-----+----------+-----------+-----------+------+----------+
        |          |  Latency  | Iteration|  Initiation Interval  | Trip |          |
        | Loop Name| min | max |  Latency |  achieved |   target  | Count| Pipelined|
        +----------+-----+-----+----------+-----------+-----------+------+----------+
        |- Loop 1  |    ?|    ?|         2|          1|          1|     ?|    yes   |
        +----------+-----+-----+----------+-----------+-----------+------+----------+



================================================================
== Utilization Estimates
================================================================
* Summary: 
+-----------------+---------+-------+--------+-------+
|       Name      | BRAM_18K| DSP48E|   FF   |  LUT  |
+-----------------+---------+-------+--------+-------+
|DSP              |        -|      -|       -|      -|
|Expression       |        -|      -|       0|     88|
|FIFO             |        -|      -|       -|      -|
|Instance         |        -|      -|       -|      -|
|Memory           |        -|      -|       -|      -|
|Multiplexer      |        -|      -|       -|    117|
|Register         |        -|      -|     150|      -|
+-----------------+---------+-------+--------+-------+
|Total            |        0|      0|     150|    205|
+-----------------+---------+-------+--------+-------+
|Available        |      280|    220|  106400|  53200|
+-----------------+---------+-------+--------+-------+
|Utilization (%)  |        0|      0|   ~0   |   ~0  |
+-----------------+---------+-------+--------+-------+

+ Detail: 
    * Instance: 
    N/A

    * DSP48: 
    N/A

    * Memory: 
    N/A

    * FIFO: 
    N/A

    * Expression: 
    +----------------------+----------+-------+---+----+------------+------------+
    |     Variable Name    | Operation| DSP48E| FF| LUT| Bitwidth P0| Bitwidth P1|
    +----------------------+----------+-------+---+----+------------+------------+
    |i_fu_131_p2           |     +    |      0|  0|  32|          32|           1|
    |t_fu_122_p2           |     +    |      0|  0|  32|          32|           1|
    |exitcond_i_fu_117_p2  |   icmp   |      0|  0|  11|          32|          32|
    |tmp_i_fu_137_p2       |   icmp   |      0|  0|  11|          32|           3|
    |ap_condition_79       |    or    |      0|  0|   1|           1|           1|
    |ap_condition_90       |    or    |      0|  0|   1|           1|           1|
    +----------------------+----------+-------+---+----+------------+------------+
    |Total                 |          |      0|  0|  88|         130|          39|
    +----------------------+----------+-------+---+----+------------+------------+

    * Multiplexer: 
    +-------------------+----+-----------+-----+-----------+
    |        Name       | LUT| Input Size| Bits| Total Bits|
    +-------------------+----+-----------+-----+-----------+
    |ap_NS_fsm          |   1|          4|    1|          4|
    |i_1_fu_52          |  32|          2|   32|         64|
    |in_V_V_blk_n       |   1|          2|    1|          2|
    |numReps_blk_n      |   1|          2|    1|          2|
    |numReps_out_blk_n  |   1|          2|    1|          2|
    |out_V_V_blk_n      |   1|          2|    1|          2|
    |r_V_reg_83         |  48|          2|   48|         96|
    |t_i_reg_95         |  32|          2|   32|         64|
    +-------------------+----+-----------+-----+-----------+
    |Total              | 117|         18|  117|        236|
    +-------------------+----+-----------+-----+-----------+

    * Register: 
    +-------------------------+----+----+-----+-----------+
    |           Name          | FF | LUT| Bits| Const Bits|
    +-------------------------+----+----+-----+-----------+
    |ap_CS_fsm                |   3|   0|    3|          0|
    |ap_done_reg              |   1|   0|    1|          0|
    |ap_enable_reg_pp0_iter0  |   1|   0|    1|          0|
    |ap_enable_reg_pp0_iter1  |   1|   0|    1|          0|
    |exitcond_i_reg_187       |   1|   0|    1|          0|
    |i_1_fu_52                |  32|   0|   32|          0|
    |r_V_reg_83               |  48|   0|   48|          0|
    |t_i_reg_95               |  32|   0|   32|          0|
    |tmp_i_reg_196            |   1|   0|    1|          0|
    |tmp_reg_182              |  30|   0|   32|          2|
    +-------------------------+----+----+-----+-----------+
    |Total                    | 150|   0|  152|          2|
    +-------------------------+----+----+-----+-----------+



================================================================
== Interface
================================================================
* Summary: 
+--------------------+-----+-----+------------+------------------------+--------------+
|      RTL Ports     | Dir | Bits|  Protocol  |      Source Object     |    C Type    |
+--------------------+-----+-----+------------+------------------------+--------------+
|ap_clk              |  in |    1| ap_ctrl_hs | StreamingDataWidthCo.1 | return value |
|ap_rst              |  in |    1| ap_ctrl_hs | StreamingDataWidthCo.1 | return value |
|ap_start            |  in |    1| ap_ctrl_hs | StreamingDataWidthCo.1 | return value |
|ap_done             | out |    1| ap_ctrl_hs | StreamingDataWidthCo.1 | return value |
|ap_continue         |  in |    1| ap_ctrl_hs | StreamingDataWidthCo.1 | return value |
|ap_idle             | out |    1| ap_ctrl_hs | StreamingDataWidthCo.1 | return value |
|ap_ready            | out |    1| ap_ctrl_hs | StreamingDataWidthCo.1 | return value |
|in_V_V_dout         |  in |   16|   ap_fifo  |         in_V_V         |    pointer   |
|in_V_V_empty_n      |  in |    1|   ap_fifo  |         in_V_V         |    pointer   |
|in_V_V_read         | out |    1|   ap_fifo  |         in_V_V         |    pointer   |
|out_V_V_din         | out |   64|   ap_fifo  |         out_V_V        |    pointer   |
|out_V_V_full_n      |  in |    1|   ap_fifo  |         out_V_V        |    pointer   |
|out_V_V_write       | out |    1|   ap_fifo  |         out_V_V        |    pointer   |
|numReps_dout        |  in |   32|   ap_fifo  |         numReps        |    pointer   |
|numReps_empty_n     |  in |    1|   ap_fifo  |         numReps        |    pointer   |
|numReps_read        | out |    1|   ap_fifo  |         numReps        |    pointer   |
|numReps_out_din     | out |   32|   ap_fifo  |       numReps_out      |    pointer   |
|numReps_out_full_n  |  in |    1|   ap_fifo  |       numReps_out      |    pointer   |
|numReps_out_write   | out |    1|   ap_fifo  |       numReps_out      |    pointer   |
+--------------------+-----+-----+------------+------------------------+--------------+

