

================================================================
== Vivado HLS Report for 'Stream2Mem_Batch'
================================================================
* Date:           Thu May  7 18:41:07 2020

* Version:        2016.3 (Build 1682563 on Mon Oct 10 19:41:59 MDT 2016)
* Project:        lfcW1A1-pynqZ1-Z2
* Solution:       sol1
* Product family: zynq
* Target device:  xc7z020clg400-1


================================================================
== Performance Estimates
================================================================
+ Timing (ns): 
    * Summary: 
    +--------+-------+----------+------------+
    |  Clock | Target| Estimated| Uncertainty|
    +--------+-------+----------+------------+
    |ap_clk  |   5.00|      4.38|        0.62|
    +--------+-------+----------+------------+

+ Latency (clock cycles): 
    * Summary: 
    +-----+-----+-----+-----+---------+
    |  Latency  |  Interval | Pipeline|
    | min | max | min | max |   Type  |
    +-----+-----+-----+-----+---------+
    |    ?|    ?|    ?|    ?|   none  |
    +-----+-----+-----+-----+---------+

    + Detail: 
        * Instance: 
        +-------------------------------+---------------------+-----+-----+-----+-----+----------+
        |                               |                     |  Latency  |  Interval | Pipeline |
        |            Instance           |        Module       | min | max | min | max |   Type   |
        +-------------------------------+---------------------+-----+-----+-----+-----+----------+
        |grp_Stream2Mem_fu_58           |Stream2Mem           |   24|   24|   24|   24|   none   |
        |grp_Stream2Mem_64u_8u_s_fu_68  |Stream2Mem_64u_8u_s  |    7|    7|    1|    1| function |
        +-------------------------------+---------------------+-----+-----+-----+-----+----------+

        * Loop: 
        +----------+-----+-----+----------+-----------+-----------+------+----------+
        |          |  Latency  | Iteration|  Initiation Interval  | Trip |          |
        | Loop Name| min | max |  Latency |  achieved |   target  | Count| Pipelined|
        +----------+-----+-----+----------+-----------+-----------+------+----------+
        |- Loop 1  |    ?|    ?|  9 ~ 27  |          -|          -|     ?|    no    |
        +----------+-----+-----+----------+-----------+-----------+------+----------+



================================================================
== Utilization Estimates
================================================================
* Summary: 
+-----------------+---------+-------+--------+-------+
|       Name      | BRAM_18K| DSP48E|   FF   |  LUT  |
+-----------------+---------+-------+--------+-------+
|DSP              |        -|      -|       -|      -|
|Expression       |        -|      -|       0|    112|
|FIFO             |        -|      -|       -|      -|
|Instance         |        -|      -|     282|    157|
|Memory           |        -|      -|       -|      -|
|Multiplexer      |        -|      -|       -|    243|
|Register         |        -|      -|     172|      -|
+-----------------+---------+-------+--------+-------+
|Total            |        0|      0|     454|    512|
+-----------------+---------+-------+--------+-------+
|Available        |      280|    220|  106400|  53200|
+-----------------+---------+-------+--------+-------+
|Utilization (%)  |        0|      0|   ~0   |   ~0  |
+-----------------+---------+-------+--------+-------+

+ Detail: 
    * Instance: 
    +-------------------------------+---------------------+---------+-------+-----+----+
    |            Instance           |        Module       | BRAM_18K| DSP48E|  FF | LUT|
    +-------------------------------+---------------------+---------+-------+-----+----+
    |grp_Stream2Mem_fu_58           |Stream2Mem           |        0|      0|  146|  87|
    |grp_Stream2Mem_64u_8u_s_fu_68  |Stream2Mem_64u_8u_s  |        0|      0|  136|  70|
    +-------------------------------+---------------------+---------+-------+-----+----+
    |Total                          |                     |        0|      0|  282| 157|
    +-------------------------------+---------------------+---------+-------+-----+----+

    * DSP48: 
    N/A

    * Memory: 
    N/A

    * FIFO: 
    N/A

    * Expression: 
    +-----------------------+----------+-------+---+----+------------+------------+
    |     Variable Name     | Operation| DSP48E| FF| LUT| Bitwidth P0| Bitwidth P1|
    +-----------------------+----------+-------+---+----+------------+------------+
    |rep_1_fu_117_p2        |     +    |      0|  0|  32|          32|           5|
    |rep_2_fu_107_p2        |     +    |      0|  0|  32|          32|           1|
    |repsLeft_fu_92_p2      |     -    |      0|  0|  32|          32|          32|
    |ap_condition_400       |    and   |      0|  0|   1|           1|           1|
    |tmp_1_i_i_i_fu_101_p2  |   icmp   |      0|  0|   2|           4|           1|
    |tmp_i_i_i_fu_87_p2     |   icmp   |      0|  0|  11|          32|          32|
    |ap_condition_148       |    or    |      0|  0|   1|           1|           1|
    |ap_condition_388       |    or    |      0|  0|   1|           1|           1|
    +-----------------------+----------+-------+---+----+------------+------------+
    |Total                  |          |      0|  0| 112|         135|          74|
    +-----------------------+----------+-------+---+----+------------+------------+

    * Multiplexer: 
    +-------------------------+----+-----------+-----+-----------+
    |           Name          | LUT| Input Size| Bits| Total Bits|
    +-------------------------+----+-----------+-----+-----------+
    |ap_NS_fsm                |   6|         12|    1|         12|
    |in_V_blk_n_AW            |   1|          2|    1|          2|
    |in_V_blk_n_B             |   1|          2|    1|          2|
    |in_V_blk_n_W             |   1|          2|    1|          2|
    |m_axi_in_V_AWADDR        |  64|          3|   64|        192|
    |m_axi_in_V_AWBURST       |   2|          3|    2|          6|
    |m_axi_in_V_AWCACHE       |   4|          3|    4|         12|
    |m_axi_in_V_AWID          |   1|          3|    1|          3|
    |m_axi_in_V_AWLEN         |  32|          3|   32|         96|
    |m_axi_in_V_AWLOCK        |   2|          3|    2|          6|
    |m_axi_in_V_AWPROT        |   3|          3|    3|          9|
    |m_axi_in_V_AWQOS         |   4|          3|    4|         12|
    |m_axi_in_V_AWREGION      |   4|          3|    4|         12|
    |m_axi_in_V_AWSIZE        |   3|          3|    3|          9|
    |m_axi_in_V_AWUSER        |   1|          3|    1|          3|
    |m_axi_in_V_AWVALID       |   1|          3|    1|          3|
    |m_axi_in_V_BREADY        |   1|          3|    1|          3|
    |m_axi_in_V_WDATA         |  64|          3|   64|        192|
    |m_axi_in_V_WID           |   1|          3|    1|          3|
    |m_axi_in_V_WLAST         |   1|          3|    1|          3|
    |m_axi_in_V_WSTRB         |   8|          3|    8|         24|
    |m_axi_in_V_WUSER         |   1|          3|    1|          3|
    |m_axi_in_V_WVALID        |   1|          3|    1|          3|
    |memOutStrm_V_V_blk_n     |   1|          2|    1|          2|
    |memOutStrm_V_V_read      |   1|          3|    1|          3|
    |numReps_channel22_blk_n  |   1|          2|    1|          2|
    |out_V3_blk_n             |   1|          2|    1|          2|
    |rep_fu_42                |  32|          3|   32|         96|
    +-------------------------+----+-----------+-----+-----------+
    |Total                    | 243|         87|  238|        717|
    +-------------------------+----+-----------+-----+-----------+

    * Register: 
    +-----------------------------------------------+----+----+-----+-----------+
    |                      Name                     | FF | LUT| Bits| Const Bits|
    +-----------------------------------------------+----+----+-----+-----------+
    |ap_CS_fsm                                      |  11|   0|   11|          0|
    |ap_done_reg                                    |   1|   0|    1|          0|
    |ap_reg_grp_Stream2Mem_64u_8u_s_fu_68_ap_start  |   1|   0|    1|          0|
    |ap_reg_grp_Stream2Mem_fu_58_ap_start           |   1|   0|    1|          0|
    |numReps_channel22_re_reg_141                   |  32|   0|   32|          0|
    |out_V3_read_reg_135                            |  61|   0|   61|          0|
    |rep_fu_42                                      |  32|   0|   32|          0|
    |rep_load_reg_147                               |  32|   0|   32|          0|
    |tmp_1_i_i_i_reg_158                            |   1|   0|    1|          0|
    +-----------------------------------------------+----+----+-----+-----------+
    |Total                                          | 172|   0|  172|          0|
    +-----------------------------------------------+----+----+-----+-----------+



================================================================
== Interface
================================================================
* Summary: 
+---------------------------+-----+-----+------------+-------------------+--------------+
|         RTL Ports         | Dir | Bits|  Protocol  |   Source Object   |    C Type    |
+---------------------------+-----+-----+------------+-------------------+--------------+
|ap_clk                     |  in |    1| ap_ctrl_hs |  Stream2Mem_Batch | return value |
|ap_rst                     |  in |    1| ap_ctrl_hs |  Stream2Mem_Batch | return value |
|ap_start                   |  in |    1| ap_ctrl_hs |  Stream2Mem_Batch | return value |
|ap_done                    | out |    1| ap_ctrl_hs |  Stream2Mem_Batch | return value |
|ap_continue                |  in |    1| ap_ctrl_hs |  Stream2Mem_Batch | return value |
|ap_idle                    | out |    1| ap_ctrl_hs |  Stream2Mem_Batch | return value |
|ap_ready                   | out |    1| ap_ctrl_hs |  Stream2Mem_Batch | return value |
|memOutStrm_V_V_dout        |  in |   64|   ap_fifo  |   memOutStrm_V_V  |    pointer   |
|memOutStrm_V_V_empty_n     |  in |    1|   ap_fifo  |   memOutStrm_V_V  |    pointer   |
|memOutStrm_V_V_read        | out |    1|   ap_fifo  |   memOutStrm_V_V  |    pointer   |
|m_axi_in_V_AWVALID         | out |    1|    m_axi   |        in_V       |    pointer   |
|m_axi_in_V_AWREADY         |  in |    1|    m_axi   |        in_V       |    pointer   |
|m_axi_in_V_AWADDR          | out |   64|    m_axi   |        in_V       |    pointer   |
|m_axi_in_V_AWID            | out |    1|    m_axi   |        in_V       |    pointer   |
|m_axi_in_V_AWLEN           | out |   32|    m_axi   |        in_V       |    pointer   |
|m_axi_in_V_AWSIZE          | out |    3|    m_axi   |        in_V       |    pointer   |
|m_axi_in_V_AWBURST         | out |    2|    m_axi   |        in_V       |    pointer   |
|m_axi_in_V_AWLOCK          | out |    2|    m_axi   |        in_V       |    pointer   |
|m_axi_in_V_AWCACHE         | out |    4|    m_axi   |        in_V       |    pointer   |
|m_axi_in_V_AWPROT          | out |    3|    m_axi   |        in_V       |    pointer   |
|m_axi_in_V_AWQOS           | out |    4|    m_axi   |        in_V       |    pointer   |
|m_axi_in_V_AWREGION        | out |    4|    m_axi   |        in_V       |    pointer   |
|m_axi_in_V_AWUSER          | out |    1|    m_axi   |        in_V       |    pointer   |
|m_axi_in_V_WVALID          | out |    1|    m_axi   |        in_V       |    pointer   |
|m_axi_in_V_WREADY          |  in |    1|    m_axi   |        in_V       |    pointer   |
|m_axi_in_V_WDATA           | out |   64|    m_axi   |        in_V       |    pointer   |
|m_axi_in_V_WSTRB           | out |    8|    m_axi   |        in_V       |    pointer   |
|m_axi_in_V_WLAST           | out |    1|    m_axi   |        in_V       |    pointer   |
|m_axi_in_V_WID             | out |    1|    m_axi   |        in_V       |    pointer   |
|m_axi_in_V_WUSER           | out |    1|    m_axi   |        in_V       |    pointer   |
|m_axi_in_V_ARVALID         | out |    1|    m_axi   |        in_V       |    pointer   |
|m_axi_in_V_ARREADY         |  in |    1|    m_axi   |        in_V       |    pointer   |
|m_axi_in_V_ARADDR          | out |   64|    m_axi   |        in_V       |    pointer   |
|m_axi_in_V_ARID            | out |    1|    m_axi   |        in_V       |    pointer   |
|m_axi_in_V_ARLEN           | out |   32|    m_axi   |        in_V       |    pointer   |
|m_axi_in_V_ARSIZE          | out |    3|    m_axi   |        in_V       |    pointer   |
|m_axi_in_V_ARBURST         | out |    2|    m_axi   |        in_V       |    pointer   |
|m_axi_in_V_ARLOCK          | out |    2|    m_axi   |        in_V       |    pointer   |
|m_axi_in_V_ARCACHE         | out |    4|    m_axi   |        in_V       |    pointer   |
|m_axi_in_V_ARPROT          | out |    3|    m_axi   |        in_V       |    pointer   |
|m_axi_in_V_ARQOS           | out |    4|    m_axi   |        in_V       |    pointer   |
|m_axi_in_V_ARREGION        | out |    4|    m_axi   |        in_V       |    pointer   |
|m_axi_in_V_ARUSER          | out |    1|    m_axi   |        in_V       |    pointer   |
|m_axi_in_V_RVALID          |  in |    1|    m_axi   |        in_V       |    pointer   |
|m_axi_in_V_RREADY          | out |    1|    m_axi   |        in_V       |    pointer   |
|m_axi_in_V_RDATA           |  in |   64|    m_axi   |        in_V       |    pointer   |
|m_axi_in_V_RLAST           |  in |    1|    m_axi   |        in_V       |    pointer   |
|m_axi_in_V_RID             |  in |    1|    m_axi   |        in_V       |    pointer   |
|m_axi_in_V_RUSER           |  in |    1|    m_axi   |        in_V       |    pointer   |
|m_axi_in_V_RRESP           |  in |    2|    m_axi   |        in_V       |    pointer   |
|m_axi_in_V_BVALID          |  in |    1|    m_axi   |        in_V       |    pointer   |
|m_axi_in_V_BREADY          | out |    1|    m_axi   |        in_V       |    pointer   |
|m_axi_in_V_BRESP           |  in |    2|    m_axi   |        in_V       |    pointer   |
|m_axi_in_V_BID             |  in |    1|    m_axi   |        in_V       |    pointer   |
|m_axi_in_V_BUSER           |  in |    1|    m_axi   |        in_V       |    pointer   |
|out_V3_dout                |  in |   61|   ap_fifo  |       out_V3      |    pointer   |
|out_V3_empty_n             |  in |    1|   ap_fifo  |       out_V3      |    pointer   |
|out_V3_read                | out |    1|   ap_fifo  |       out_V3      |    pointer   |
|numReps_channel22_dout     |  in |   32|   ap_fifo  | numReps_channel22 |    pointer   |
|numReps_channel22_empty_n  |  in |    1|   ap_fifo  | numReps_channel22 |    pointer   |
|numReps_channel22_read     | out |    1|   ap_fifo  | numReps_channel22 |    pointer   |
+---------------------------+-----+-----+------------+-------------------+--------------+

