

================================================================
== Vivado HLS Report for 'Stream2Mem_64u_8u_s'
================================================================
* Date:           Thu May  7 18:41:05 2020

* Version:        2016.3 (Build 1682563 on Mon Oct 10 19:41:59 MDT 2016)
* Project:        lfcW1A1-pynqZ1-Z2
* Solution:       sol1
* Product family: zynq
* Target device:  xc7z020clg400-1


================================================================
== Performance Estimates
================================================================
+ Timing (ns): 
    * Summary: 
    +--------+-------+----------+------------+
    |  Clock | Target| Estimated| Uncertainty|
    +--------+-------+----------+------------+
    |ap_clk  |   5.00|      4.38|        0.62|
    +--------+-------+----------+------------+

+ Latency (clock cycles): 
    * Summary: 
    +-----+-----+-----+-----+----------+
    |  Latency  |  Interval | Pipeline |
    | min | max | min | max |   Type   |
    +-----+-----+-----+-----+----------+
    |    7|    7|    1|    1| function |
    +-----+-----+-----+-----+----------+

    + Detail: 
        * Instance: 
        N/A

        * Loop: 
        N/A



================================================================
== Utilization Estimates
================================================================
* Summary: 
+-----------------+---------+-------+--------+-------+
|       Name      | BRAM_18K| DSP48E|   FF   |  LUT  |
+-----------------+---------+-------+--------+-------+
|DSP              |        -|      -|       -|      -|
|Expression       |        -|      -|       0|     64|
|FIFO             |        -|      -|       -|      -|
|Instance         |        -|      -|       -|      -|
|Memory           |        -|      -|       -|      -|
|Multiplexer      |        -|      -|       -|      6|
|Register         |        -|      -|     136|      -|
+-----------------+---------+-------+--------+-------+
|Total            |        0|      0|     136|     70|
+-----------------+---------+-------+--------+-------+
|Available        |      280|    220|  106400|  53200|
+-----------------+---------+-------+--------+-------+
|Utilization (%)  |        0|      0|   ~0   |   ~0  |
+-----------------+---------+-------+--------+-------+

+ Detail: 
    * Instance: 
    N/A

    * DSP48: 
    N/A

    * Memory: 
    N/A

    * FIFO: 
    N/A

    * Expression: 
    +------------------+----------+-------+---+----+------------+------------+
    |   Variable Name  | Operation| DSP48E| FF| LUT| Bitwidth P0| Bitwidth P1|
    +------------------+----------+-------+---+----+------------+------------+
    |sum_fu_91_p2      |     +    |      0|  0|  62|          62|          62|
    |ap_condition_210  |    and   |      0|  0|   1|           1|           1|
    |ap_condition_216  |    and   |      0|  0|   1|           1|           1|
    +------------------+----------+-------+---+----+------------+------------+
    |Total             |          |      0|  0|  64|          64|          64|
    +------------------+----------+-------+---+----+------------+------------+

    * Multiplexer: 
    +------------------------------------+----+-----------+-----+-----------+
    |                Name                | LUT| Input Size| Bits| Total Bits|
    +------------------------------------+----+-----------+-----+-----------+
    |ap_sig_ioackin_m_axi_out_V_AWREADY  |   1|          2|    1|          2|
    |ap_sig_ioackin_m_axi_out_V_WREADY   |   1|          2|    1|          2|
    |in_V_V_blk_n                        |   1|          2|    1|          2|
    |out_V_blk_n_AW                      |   1|          2|    1|          2|
    |out_V_blk_n_B                       |   1|          2|    1|          2|
    |out_V_blk_n_W                       |   1|          2|    1|          2|
    +------------------------------------+----+-----------+-----+-----------+
    |Total                               |   6|         12|    6|         12|
    +------------------------------------+----+-----------+-----+-----------+

    * Register: 
    +------------------------------------+----+----+-----+-----------+
    |                Name                | FF | LUT| Bits| Const Bits|
    +------------------------------------+----+----+-----+-----------+
    |ap_CS_fsm                           |   1|   0|    1|          0|
    |ap_enable_reg_pp0_iter1             |   1|   0|    1|          0|
    |ap_enable_reg_pp0_iter2             |   1|   0|    1|          0|
    |ap_enable_reg_pp0_iter3             |   1|   0|    1|          0|
    |ap_enable_reg_pp0_iter4             |   1|   0|    1|          0|
    |ap_enable_reg_pp0_iter5             |   1|   0|    1|          0|
    |ap_enable_reg_pp0_iter6             |   1|   0|    1|          0|
    |ap_enable_reg_pp0_iter7             |   1|   0|    1|          0|
    |ap_reg_ioackin_m_axi_out_V_AWREADY  |   1|   0|    1|          0|
    |ap_reg_ioackin_m_axi_out_V_WREADY   |   1|   0|    1|          0|
    |sum_reg_107                         |  62|   0|   62|          0|
    |tmp_V_reg_117                       |  64|   0|   64|          0|
    +------------------------------------+----+----+-----+-----------+
    |Total                               | 136|   0|  136|          0|
    +------------------------------------+----+----+-----+-----------+



================================================================
== Interface
================================================================
* Summary: 
+----------------------+-----+-----+------------+---------------------+--------------+
|       RTL Ports      | Dir | Bits|  Protocol  |    Source Object    |    C Type    |
+----------------------+-----+-----+------------+---------------------+--------------+
|ap_clk                |  in |    1| ap_ctrl_hs | Stream2Mem<64u, 8u> | return value |
|ap_rst                |  in |    1| ap_ctrl_hs | Stream2Mem<64u, 8u> | return value |
|ap_start              |  in |    1| ap_ctrl_hs | Stream2Mem<64u, 8u> | return value |
|ap_done               | out |    1| ap_ctrl_hs | Stream2Mem<64u, 8u> | return value |
|ap_idle               | out |    1| ap_ctrl_hs | Stream2Mem<64u, 8u> | return value |
|ap_ready              | out |    1| ap_ctrl_hs | Stream2Mem<64u, 8u> | return value |
|in_V_V_blk_n          | out |    1| ap_ctrl_hs | Stream2Mem<64u, 8u> | return value |
|out_V_blk_n_AW        | out |    1| ap_ctrl_hs | Stream2Mem<64u, 8u> | return value |
|out_V_blk_n_W         | out |    1| ap_ctrl_hs | Stream2Mem<64u, 8u> | return value |
|out_V_blk_n_B         | out |    1| ap_ctrl_hs | Stream2Mem<64u, 8u> | return value |
|in_V_V_dout           |  in |   64|   ap_fifo  |        in_V_V       |    pointer   |
|in_V_V_empty_n        |  in |    1|   ap_fifo  |        in_V_V       |    pointer   |
|in_V_V_read           | out |    1|   ap_fifo  |        in_V_V       |    pointer   |
|m_axi_out_V_AWVALID   | out |    1|    m_axi   |        out_V        |    pointer   |
|m_axi_out_V_AWREADY   |  in |    1|    m_axi   |        out_V        |    pointer   |
|m_axi_out_V_AWADDR    | out |   64|    m_axi   |        out_V        |    pointer   |
|m_axi_out_V_AWID      | out |    1|    m_axi   |        out_V        |    pointer   |
|m_axi_out_V_AWLEN     | out |   32|    m_axi   |        out_V        |    pointer   |
|m_axi_out_V_AWSIZE    | out |    3|    m_axi   |        out_V        |    pointer   |
|m_axi_out_V_AWBURST   | out |    2|    m_axi   |        out_V        |    pointer   |
|m_axi_out_V_AWLOCK    | out |    2|    m_axi   |        out_V        |    pointer   |
|m_axi_out_V_AWCACHE   | out |    4|    m_axi   |        out_V        |    pointer   |
|m_axi_out_V_AWPROT    | out |    3|    m_axi   |        out_V        |    pointer   |
|m_axi_out_V_AWQOS     | out |    4|    m_axi   |        out_V        |    pointer   |
|m_axi_out_V_AWREGION  | out |    4|    m_axi   |        out_V        |    pointer   |
|m_axi_out_V_AWUSER    | out |    1|    m_axi   |        out_V        |    pointer   |
|m_axi_out_V_WVALID    | out |    1|    m_axi   |        out_V        |    pointer   |
|m_axi_out_V_WREADY    |  in |    1|    m_axi   |        out_V        |    pointer   |
|m_axi_out_V_WDATA     | out |   64|    m_axi   |        out_V        |    pointer   |
|m_axi_out_V_WSTRB     | out |    8|    m_axi   |        out_V        |    pointer   |
|m_axi_out_V_WLAST     | out |    1|    m_axi   |        out_V        |    pointer   |
|m_axi_out_V_WID       | out |    1|    m_axi   |        out_V        |    pointer   |
|m_axi_out_V_WUSER     | out |    1|    m_axi   |        out_V        |    pointer   |
|m_axi_out_V_ARVALID   | out |    1|    m_axi   |        out_V        |    pointer   |
|m_axi_out_V_ARREADY   |  in |    1|    m_axi   |        out_V        |    pointer   |
|m_axi_out_V_ARADDR    | out |   64|    m_axi   |        out_V        |    pointer   |
|m_axi_out_V_ARID      | out |    1|    m_axi   |        out_V        |    pointer   |
|m_axi_out_V_ARLEN     | out |   32|    m_axi   |        out_V        |    pointer   |
|m_axi_out_V_ARSIZE    | out |    3|    m_axi   |        out_V        |    pointer   |
|m_axi_out_V_ARBURST   | out |    2|    m_axi   |        out_V        |    pointer   |
|m_axi_out_V_ARLOCK    | out |    2|    m_axi   |        out_V        |    pointer   |
|m_axi_out_V_ARCACHE   | out |    4|    m_axi   |        out_V        |    pointer   |
|m_axi_out_V_ARPROT    | out |    3|    m_axi   |        out_V        |    pointer   |
|m_axi_out_V_ARQOS     | out |    4|    m_axi   |        out_V        |    pointer   |
|m_axi_out_V_ARREGION  | out |    4|    m_axi   |        out_V        |    pointer   |
|m_axi_out_V_ARUSER    | out |    1|    m_axi   |        out_V        |    pointer   |
|m_axi_out_V_RVALID    |  in |    1|    m_axi   |        out_V        |    pointer   |
|m_axi_out_V_RREADY    | out |    1|    m_axi   |        out_V        |    pointer   |
|m_axi_out_V_RDATA     |  in |   64|    m_axi   |        out_V        |    pointer   |
|m_axi_out_V_RLAST     |  in |    1|    m_axi   |        out_V        |    pointer   |
|m_axi_out_V_RID       |  in |    1|    m_axi   |        out_V        |    pointer   |
|m_axi_out_V_RUSER     |  in |    1|    m_axi   |        out_V        |    pointer   |
|m_axi_out_V_RRESP     |  in |    2|    m_axi   |        out_V        |    pointer   |
|m_axi_out_V_BVALID    |  in |    1|    m_axi   |        out_V        |    pointer   |
|m_axi_out_V_BREADY    | out |    1|    m_axi   |        out_V        |    pointer   |
|m_axi_out_V_BRESP     |  in |    2|    m_axi   |        out_V        |    pointer   |
|m_axi_out_V_BID       |  in |    1|    m_axi   |        out_V        |    pointer   |
|m_axi_out_V_BUSER     |  in |    1|    m_axi   |        out_V        |    pointer   |
|out_V3                |  in |   61|   ap_none  |        out_V3       |    scalar    |
|tmp_3                 |  in |   32|   ap_none  |        tmp_3        |    scalar    |
+----------------------+-----+-----+------------+---------------------+--------------+

