Copyright 1986-2016 Xilinx, Inc. All Rights Reserved.
----------------------------------------------------------------------------------------------
| Tool Version : Vivado v.2016.3 (lin64) Build 1682563 Mon Oct 10 19:07:26 MDT 2016
| Date         : Fri May  8 12:57:13 2020
| Host         : ee-beholder1.ee.ic.ac.uk running 64-bit CentOS Linux release 7.7.1908 (Core)
| Command      : report_drc -file procsys_wrapper_drc_opted.rpt
| Design       : procsys_wrapper
| Device       : xc7z020clg400-1
| Speed File   : -1
| Design State : Synthesized
----------------------------------------------------------------------------------------------

Report DRC

Table of Contents
-----------------
1. REPORT SUMMARY
2. REPORT DETAILS

1. REPORT SUMMARY
-----------------
            Netlist: netlist
          Floorplan: design_1
      Design limits: <entire design considered>
           Ruledeck: default
             Max violations: <unlimited>
             Violations found: 21
+-----------+----------+----------------------------+------------+
| Rule      | Severity | Description                | Violations |
+-----------+----------+----------------------------+------------+
| CHECK-3   | Warning  | Report rule limit reached  | 1          |
| REQP-1839 | Warning  | RAMB36 async control check | 20         |
+-----------+----------+----------------------------+------------+

2. REPORT DETAILS
-----------------
CHECK-3#1 Warning
Report rule limit reached  
REQP-1839 rule limit reached: 20 violations have been found.
Related violations: <none>

REQP-1839#1 Warning
RAMB36 async control check  
The RAMB36E1 procsys_i/BlackBoxJam_0/inst/BlackBoxJam_hostmem_m_axi_U/bus_read/buff_rdata/mem_reg has an input control pin procsys_i/BlackBoxJam_0/inst/BlackBoxJam_hostmem_m_axi_U/bus_read/buff_rdata/mem_reg/WEBWE[4] (net: procsys_i/BlackBoxJam_0/inst/BlackBoxJam_hostmem_m_axi_U/bus_read/buff_rdata/m_axi_hostmem_RVALID) which is driven by a register (procsys_i/axi_mem_intercon/s00_couplers/auto_pc/inst/gen_axi4_axi3.axi3_conv_inst/USE_READ.USE_SPLIT_R.read_addr_inst/USE_R_CHANNEL.cmd_queue/inst/fifo_gen_inst/inst_fifo_gen/gconvfifo.rf/grf.rf/gntv_or_sync_fifo.gl0.rd/gr1.gr1_int.rfwft/empty_fwft_i_reg) that has an active asychronous set or reset. This may cause corruption of the memory contents and/or read values when the set/reset is asserted and is not analyzed by the default static timing analysis. It is suggested to eliminate the use of a set/reset to registers driving this RAMB pin or else use a synchronous reset in which the assertion of the reset is timed by default.
Related violations: <none>

REQP-1839#2 Warning
RAMB36 async control check  
The RAMB36E1 procsys_i/BlackBoxJam_0/inst/BlackBoxJam_hostmem_m_axi_U/bus_read/buff_rdata/mem_reg has an input control pin procsys_i/BlackBoxJam_0/inst/BlackBoxJam_hostmem_m_axi_U/bus_read/buff_rdata/mem_reg/WEBWE[4] (net: procsys_i/BlackBoxJam_0/inst/BlackBoxJam_hostmem_m_axi_U/bus_read/buff_rdata/m_axi_hostmem_RVALID) which is driven by a register (procsys_i/axi_mem_intercon/s00_couplers/auto_pc/inst/gen_axi4_axi3.axi3_conv_inst/USE_READ.USE_SPLIT_R.read_addr_inst/USE_R_CHANNEL.cmd_queue/inst/fifo_gen_inst/inst_fifo_gen/gconvfifo.rf/grf.rf/gntv_or_sync_fifo.gl0.wr/gwss.wsts/ram_full_i_reg) that has an active asychronous set or reset. This may cause corruption of the memory contents and/or read values when the set/reset is asserted and is not analyzed by the default static timing analysis. It is suggested to eliminate the use of a set/reset to registers driving this RAMB pin or else use a synchronous reset in which the assertion of the reset is timed by default.
Related violations: <none>

REQP-1839#3 Warning
RAMB36 async control check  
The RAMB36E1 procsys_i/BlackBoxJam_0/inst/BlackBoxJam_hostmem_m_axi_U/bus_read/buff_rdata/mem_reg has an input control pin procsys_i/BlackBoxJam_0/inst/BlackBoxJam_hostmem_m_axi_U/bus_read/buff_rdata/mem_reg/WEBWE[4] (net: procsys_i/BlackBoxJam_0/inst/BlackBoxJam_hostmem_m_axi_U/bus_read/buff_rdata/m_axi_hostmem_RVALID) which is driven by a register (procsys_i/axi_mem_intercon/s00_couplers/auto_pc/inst/gen_axi4_axi3.axi3_conv_inst/USE_WRITE.write_addr_inst/USE_BURSTS.cmd_queue/inst/fifo_gen_inst/inst_fifo_gen/gconvfifo.rf/grf.rf/gntv_or_sync_fifo.gl0.rd/gr1.gr1_int.rfwft/empty_fwft_i_reg) that has an active asychronous set or reset. This may cause corruption of the memory contents and/or read values when the set/reset is asserted and is not analyzed by the default static timing analysis. It is suggested to eliminate the use of a set/reset to registers driving this RAMB pin or else use a synchronous reset in which the assertion of the reset is timed by default.
Related violations: <none>

REQP-1839#4 Warning
RAMB36 async control check  
The RAMB36E1 procsys_i/BlackBoxJam_0/inst/BlackBoxJam_hostmem_m_axi_U/bus_read/buff_rdata/mem_reg has an input control pin procsys_i/BlackBoxJam_0/inst/BlackBoxJam_hostmem_m_axi_U/bus_read/buff_rdata/mem_reg/WEBWE[4] (net: procsys_i/BlackBoxJam_0/inst/BlackBoxJam_hostmem_m_axi_U/bus_read/buff_rdata/m_axi_hostmem_RVALID) which is driven by a register (procsys_i/axi_mem_intercon/s00_couplers/auto_pc/inst/gen_axi4_axi3.axi3_conv_inst/USE_WRITE.write_addr_inst/USE_BURSTS.cmd_queue/inst/fifo_gen_inst/inst_fifo_gen/gconvfifo.rf/grf.rf/gntv_or_sync_fifo.gl0.wr/gwss.wsts/ram_full_i_reg) that has an active asychronous set or reset. This may cause corruption of the memory contents and/or read values when the set/reset is asserted and is not analyzed by the default static timing analysis. It is suggested to eliminate the use of a set/reset to registers driving this RAMB pin or else use a synchronous reset in which the assertion of the reset is timed by default.
Related violations: <none>

REQP-1839#5 Warning
RAMB36 async control check  
The RAMB36E1 procsys_i/BlackBoxJam_0/inst/BlackBoxJam_hostmem_m_axi_U/bus_read/buff_rdata/mem_reg has an input control pin procsys_i/BlackBoxJam_0/inst/BlackBoxJam_hostmem_m_axi_U/bus_read/buff_rdata/mem_reg/WEBWE[4] (net: procsys_i/BlackBoxJam_0/inst/BlackBoxJam_hostmem_m_axi_U/bus_read/buff_rdata/m_axi_hostmem_RVALID) which is driven by a register (procsys_i/axi_mem_intercon/s00_couplers/auto_pc/inst/gen_axi4_axi3.axi3_conv_inst/USE_WRITE.write_addr_inst/USE_B_CHANNEL.cmd_b_queue/inst/fifo_gen_inst/inst_fifo_gen/gconvfifo.rf/grf.rf/gntv_or_sync_fifo.gl0.wr/gwss.wsts/ram_full_i_reg) that has an active asychronous set or reset. This may cause corruption of the memory contents and/or read values when the set/reset is asserted and is not analyzed by the default static timing analysis. It is suggested to eliminate the use of a set/reset to registers driving this RAMB pin or else use a synchronous reset in which the assertion of the reset is timed by default.
Related violations: <none>

REQP-1839#6 Warning
RAMB36 async control check  
The RAMB36E1 procsys_i/BlackBoxJam_0/inst/BlackBoxJam_hostmem_m_axi_U/bus_read/buff_rdata/mem_reg has an input control pin procsys_i/BlackBoxJam_0/inst/BlackBoxJam_hostmem_m_axi_U/bus_read/buff_rdata/mem_reg/WEBWE[5] (net: procsys_i/BlackBoxJam_0/inst/BlackBoxJam_hostmem_m_axi_U/bus_read/buff_rdata/m_axi_hostmem_RVALID) which is driven by a register (procsys_i/axi_mem_intercon/s00_couplers/auto_pc/inst/gen_axi4_axi3.axi3_conv_inst/USE_READ.USE_SPLIT_R.read_addr_inst/USE_R_CHANNEL.cmd_queue/inst/fifo_gen_inst/inst_fifo_gen/gconvfifo.rf/grf.rf/gntv_or_sync_fifo.gl0.rd/gr1.gr1_int.rfwft/empty_fwft_i_reg) that has an active asychronous set or reset. This may cause corruption of the memory contents and/or read values when the set/reset is asserted and is not analyzed by the default static timing analysis. It is suggested to eliminate the use of a set/reset to registers driving this RAMB pin or else use a synchronous reset in which the assertion of the reset is timed by default.
Related violations: <none>

REQP-1839#7 Warning
RAMB36 async control check  
The RAMB36E1 procsys_i/BlackBoxJam_0/inst/BlackBoxJam_hostmem_m_axi_U/bus_read/buff_rdata/mem_reg has an input control pin procsys_i/BlackBoxJam_0/inst/BlackBoxJam_hostmem_m_axi_U/bus_read/buff_rdata/mem_reg/WEBWE[5] (net: procsys_i/BlackBoxJam_0/inst/BlackBoxJam_hostmem_m_axi_U/bus_read/buff_rdata/m_axi_hostmem_RVALID) which is driven by a register (procsys_i/axi_mem_intercon/s00_couplers/auto_pc/inst/gen_axi4_axi3.axi3_conv_inst/USE_READ.USE_SPLIT_R.read_addr_inst/USE_R_CHANNEL.cmd_queue/inst/fifo_gen_inst/inst_fifo_gen/gconvfifo.rf/grf.rf/gntv_or_sync_fifo.gl0.wr/gwss.wsts/ram_full_i_reg) that has an active asychronous set or reset. This may cause corruption of the memory contents and/or read values when the set/reset is asserted and is not analyzed by the default static timing analysis. It is suggested to eliminate the use of a set/reset to registers driving this RAMB pin or else use a synchronous reset in which the assertion of the reset is timed by default.
Related violations: <none>

REQP-1839#8 Warning
RAMB36 async control check  
The RAMB36E1 procsys_i/BlackBoxJam_0/inst/BlackBoxJam_hostmem_m_axi_U/bus_read/buff_rdata/mem_reg has an input control pin procsys_i/BlackBoxJam_0/inst/BlackBoxJam_hostmem_m_axi_U/bus_read/buff_rdata/mem_reg/WEBWE[5] (net: procsys_i/BlackBoxJam_0/inst/BlackBoxJam_hostmem_m_axi_U/bus_read/buff_rdata/m_axi_hostmem_RVALID) which is driven by a register (procsys_i/axi_mem_intercon/s00_couplers/auto_pc/inst/gen_axi4_axi3.axi3_conv_inst/USE_WRITE.write_addr_inst/USE_BURSTS.cmd_queue/inst/fifo_gen_inst/inst_fifo_gen/gconvfifo.rf/grf.rf/gntv_or_sync_fifo.gl0.rd/gr1.gr1_int.rfwft/empty_fwft_i_reg) that has an active asychronous set or reset. This may cause corruption of the memory contents and/or read values when the set/reset is asserted and is not analyzed by the default static timing analysis. It is suggested to eliminate the use of a set/reset to registers driving this RAMB pin or else use a synchronous reset in which the assertion of the reset is timed by default.
Related violations: <none>

REQP-1839#9 Warning
RAMB36 async control check  
The RAMB36E1 procsys_i/BlackBoxJam_0/inst/BlackBoxJam_hostmem_m_axi_U/bus_read/buff_rdata/mem_reg has an input control pin procsys_i/BlackBoxJam_0/inst/BlackBoxJam_hostmem_m_axi_U/bus_read/buff_rdata/mem_reg/WEBWE[5] (net: procsys_i/BlackBoxJam_0/inst/BlackBoxJam_hostmem_m_axi_U/bus_read/buff_rdata/m_axi_hostmem_RVALID) which is driven by a register (procsys_i/axi_mem_intercon/s00_couplers/auto_pc/inst/gen_axi4_axi3.axi3_conv_inst/USE_WRITE.write_addr_inst/USE_BURSTS.cmd_queue/inst/fifo_gen_inst/inst_fifo_gen/gconvfifo.rf/grf.rf/gntv_or_sync_fifo.gl0.wr/gwss.wsts/ram_full_i_reg) that has an active asychronous set or reset. This may cause corruption of the memory contents and/or read values when the set/reset is asserted and is not analyzed by the default static timing analysis. It is suggested to eliminate the use of a set/reset to registers driving this RAMB pin or else use a synchronous reset in which the assertion of the reset is timed by default.
Related violations: <none>

REQP-1839#10 Warning
RAMB36 async control check  
The RAMB36E1 procsys_i/BlackBoxJam_0/inst/BlackBoxJam_hostmem_m_axi_U/bus_read/buff_rdata/mem_reg has an input control pin procsys_i/BlackBoxJam_0/inst/BlackBoxJam_hostmem_m_axi_U/bus_read/buff_rdata/mem_reg/WEBWE[5] (net: procsys_i/BlackBoxJam_0/inst/BlackBoxJam_hostmem_m_axi_U/bus_read/buff_rdata/m_axi_hostmem_RVALID) which is driven by a register (procsys_i/axi_mem_intercon/s00_couplers/auto_pc/inst/gen_axi4_axi3.axi3_conv_inst/USE_WRITE.write_addr_inst/USE_B_CHANNEL.cmd_b_queue/inst/fifo_gen_inst/inst_fifo_gen/gconvfifo.rf/grf.rf/gntv_or_sync_fifo.gl0.wr/gwss.wsts/ram_full_i_reg) that has an active asychronous set or reset. This may cause corruption of the memory contents and/or read values when the set/reset is asserted and is not analyzed by the default static timing analysis. It is suggested to eliminate the use of a set/reset to registers driving this RAMB pin or else use a synchronous reset in which the assertion of the reset is timed by default.
Related violations: <none>

REQP-1839#11 Warning
RAMB36 async control check  
The RAMB36E1 procsys_i/BlackBoxJam_0/inst/BlackBoxJam_hostmem_m_axi_U/bus_read/buff_rdata/mem_reg has an input control pin procsys_i/BlackBoxJam_0/inst/BlackBoxJam_hostmem_m_axi_U/bus_read/buff_rdata/mem_reg/WEBWE[6] (net: procsys_i/BlackBoxJam_0/inst/BlackBoxJam_hostmem_m_axi_U/bus_read/buff_rdata/m_axi_hostmem_RVALID) which is driven by a register (procsys_i/axi_mem_intercon/s00_couplers/auto_pc/inst/gen_axi4_axi3.axi3_conv_inst/USE_READ.USE_SPLIT_R.read_addr_inst/USE_R_CHANNEL.cmd_queue/inst/fifo_gen_inst/inst_fifo_gen/gconvfifo.rf/grf.rf/gntv_or_sync_fifo.gl0.rd/gr1.gr1_int.rfwft/empty_fwft_i_reg) that has an active asychronous set or reset. This may cause corruption of the memory contents and/or read values when the set/reset is asserted and is not analyzed by the default static timing analysis. It is suggested to eliminate the use of a set/reset to registers driving this RAMB pin or else use a synchronous reset in which the assertion of the reset is timed by default.
Related violations: <none>

REQP-1839#12 Warning
RAMB36 async control check  
The RAMB36E1 procsys_i/BlackBoxJam_0/inst/BlackBoxJam_hostmem_m_axi_U/bus_read/buff_rdata/mem_reg has an input control pin procsys_i/BlackBoxJam_0/inst/BlackBoxJam_hostmem_m_axi_U/bus_read/buff_rdata/mem_reg/WEBWE[6] (net: procsys_i/BlackBoxJam_0/inst/BlackBoxJam_hostmem_m_axi_U/bus_read/buff_rdata/m_axi_hostmem_RVALID) which is driven by a register (procsys_i/axi_mem_intercon/s00_couplers/auto_pc/inst/gen_axi4_axi3.axi3_conv_inst/USE_READ.USE_SPLIT_R.read_addr_inst/USE_R_CHANNEL.cmd_queue/inst/fifo_gen_inst/inst_fifo_gen/gconvfifo.rf/grf.rf/gntv_or_sync_fifo.gl0.wr/gwss.wsts/ram_full_i_reg) that has an active asychronous set or reset. This may cause corruption of the memory contents and/or read values when the set/reset is asserted and is not analyzed by the default static timing analysis. It is suggested to eliminate the use of a set/reset to registers driving this RAMB pin or else use a synchronous reset in which the assertion of the reset is timed by default.
Related violations: <none>

REQP-1839#13 Warning
RAMB36 async control check  
The RAMB36E1 procsys_i/BlackBoxJam_0/inst/BlackBoxJam_hostmem_m_axi_U/bus_read/buff_rdata/mem_reg has an input control pin procsys_i/BlackBoxJam_0/inst/BlackBoxJam_hostmem_m_axi_U/bus_read/buff_rdata/mem_reg/WEBWE[6] (net: procsys_i/BlackBoxJam_0/inst/BlackBoxJam_hostmem_m_axi_U/bus_read/buff_rdata/m_axi_hostmem_RVALID) which is driven by a register (procsys_i/axi_mem_intercon/s00_couplers/auto_pc/inst/gen_axi4_axi3.axi3_conv_inst/USE_WRITE.write_addr_inst/USE_BURSTS.cmd_queue/inst/fifo_gen_inst/inst_fifo_gen/gconvfifo.rf/grf.rf/gntv_or_sync_fifo.gl0.rd/gr1.gr1_int.rfwft/empty_fwft_i_reg) that has an active asychronous set or reset. This may cause corruption of the memory contents and/or read values when the set/reset is asserted and is not analyzed by the default static timing analysis. It is suggested to eliminate the use of a set/reset to registers driving this RAMB pin or else use a synchronous reset in which the assertion of the reset is timed by default.
Related violations: <none>

REQP-1839#14 Warning
RAMB36 async control check  
The RAMB36E1 procsys_i/BlackBoxJam_0/inst/BlackBoxJam_hostmem_m_axi_U/bus_read/buff_rdata/mem_reg has an input control pin procsys_i/BlackBoxJam_0/inst/BlackBoxJam_hostmem_m_axi_U/bus_read/buff_rdata/mem_reg/WEBWE[6] (net: procsys_i/BlackBoxJam_0/inst/BlackBoxJam_hostmem_m_axi_U/bus_read/buff_rdata/m_axi_hostmem_RVALID) which is driven by a register (procsys_i/axi_mem_intercon/s00_couplers/auto_pc/inst/gen_axi4_axi3.axi3_conv_inst/USE_WRITE.write_addr_inst/USE_BURSTS.cmd_queue/inst/fifo_gen_inst/inst_fifo_gen/gconvfifo.rf/grf.rf/gntv_or_sync_fifo.gl0.wr/gwss.wsts/ram_full_i_reg) that has an active asychronous set or reset. This may cause corruption of the memory contents and/or read values when the set/reset is asserted and is not analyzed by the default static timing analysis. It is suggested to eliminate the use of a set/reset to registers driving this RAMB pin or else use a synchronous reset in which the assertion of the reset is timed by default.
Related violations: <none>

REQP-1839#15 Warning
RAMB36 async control check  
The RAMB36E1 procsys_i/BlackBoxJam_0/inst/BlackBoxJam_hostmem_m_axi_U/bus_read/buff_rdata/mem_reg has an input control pin procsys_i/BlackBoxJam_0/inst/BlackBoxJam_hostmem_m_axi_U/bus_read/buff_rdata/mem_reg/WEBWE[6] (net: procsys_i/BlackBoxJam_0/inst/BlackBoxJam_hostmem_m_axi_U/bus_read/buff_rdata/m_axi_hostmem_RVALID) which is driven by a register (procsys_i/axi_mem_intercon/s00_couplers/auto_pc/inst/gen_axi4_axi3.axi3_conv_inst/USE_WRITE.write_addr_inst/USE_B_CHANNEL.cmd_b_queue/inst/fifo_gen_inst/inst_fifo_gen/gconvfifo.rf/grf.rf/gntv_or_sync_fifo.gl0.wr/gwss.wsts/ram_full_i_reg) that has an active asychronous set or reset. This may cause corruption of the memory contents and/or read values when the set/reset is asserted and is not analyzed by the default static timing analysis. It is suggested to eliminate the use of a set/reset to registers driving this RAMB pin or else use a synchronous reset in which the assertion of the reset is timed by default.
Related violations: <none>

REQP-1839#16 Warning
RAMB36 async control check  
The RAMB36E1 procsys_i/BlackBoxJam_0/inst/BlackBoxJam_hostmem_m_axi_U/bus_read/buff_rdata/mem_reg has an input control pin procsys_i/BlackBoxJam_0/inst/BlackBoxJam_hostmem_m_axi_U/bus_read/buff_rdata/mem_reg/WEBWE[7] (net: procsys_i/BlackBoxJam_0/inst/BlackBoxJam_hostmem_m_axi_U/bus_read/buff_rdata/m_axi_hostmem_RVALID) which is driven by a register (procsys_i/axi_mem_intercon/s00_couplers/auto_pc/inst/gen_axi4_axi3.axi3_conv_inst/USE_READ.USE_SPLIT_R.read_addr_inst/USE_R_CHANNEL.cmd_queue/inst/fifo_gen_inst/inst_fifo_gen/gconvfifo.rf/grf.rf/gntv_or_sync_fifo.gl0.rd/gr1.gr1_int.rfwft/empty_fwft_i_reg) that has an active asychronous set or reset. This may cause corruption of the memory contents and/or read values when the set/reset is asserted and is not analyzed by the default static timing analysis. It is suggested to eliminate the use of a set/reset to registers driving this RAMB pin or else use a synchronous reset in which the assertion of the reset is timed by default.
Related violations: <none>

REQP-1839#17 Warning
RAMB36 async control check  
The RAMB36E1 procsys_i/BlackBoxJam_0/inst/BlackBoxJam_hostmem_m_axi_U/bus_read/buff_rdata/mem_reg has an input control pin procsys_i/BlackBoxJam_0/inst/BlackBoxJam_hostmem_m_axi_U/bus_read/buff_rdata/mem_reg/WEBWE[7] (net: procsys_i/BlackBoxJam_0/inst/BlackBoxJam_hostmem_m_axi_U/bus_read/buff_rdata/m_axi_hostmem_RVALID) which is driven by a register (procsys_i/axi_mem_intercon/s00_couplers/auto_pc/inst/gen_axi4_axi3.axi3_conv_inst/USE_READ.USE_SPLIT_R.read_addr_inst/USE_R_CHANNEL.cmd_queue/inst/fifo_gen_inst/inst_fifo_gen/gconvfifo.rf/grf.rf/gntv_or_sync_fifo.gl0.wr/gwss.wsts/ram_full_i_reg) that has an active asychronous set or reset. This may cause corruption of the memory contents and/or read values when the set/reset is asserted and is not analyzed by the default static timing analysis. It is suggested to eliminate the use of a set/reset to registers driving this RAMB pin or else use a synchronous reset in which the assertion of the reset is timed by default.
Related violations: <none>

REQP-1839#18 Warning
RAMB36 async control check  
The RAMB36E1 procsys_i/BlackBoxJam_0/inst/BlackBoxJam_hostmem_m_axi_U/bus_read/buff_rdata/mem_reg has an input control pin procsys_i/BlackBoxJam_0/inst/BlackBoxJam_hostmem_m_axi_U/bus_read/buff_rdata/mem_reg/WEBWE[7] (net: procsys_i/BlackBoxJam_0/inst/BlackBoxJam_hostmem_m_axi_U/bus_read/buff_rdata/m_axi_hostmem_RVALID) which is driven by a register (procsys_i/axi_mem_intercon/s00_couplers/auto_pc/inst/gen_axi4_axi3.axi3_conv_inst/USE_WRITE.write_addr_inst/USE_BURSTS.cmd_queue/inst/fifo_gen_inst/inst_fifo_gen/gconvfifo.rf/grf.rf/gntv_or_sync_fifo.gl0.rd/gr1.gr1_int.rfwft/empty_fwft_i_reg) that has an active asychronous set or reset. This may cause corruption of the memory contents and/or read values when the set/reset is asserted and is not analyzed by the default static timing analysis. It is suggested to eliminate the use of a set/reset to registers driving this RAMB pin or else use a synchronous reset in which the assertion of the reset is timed by default.
Related violations: <none>

REQP-1839#19 Warning
RAMB36 async control check  
The RAMB36E1 procsys_i/BlackBoxJam_0/inst/BlackBoxJam_hostmem_m_axi_U/bus_read/buff_rdata/mem_reg has an input control pin procsys_i/BlackBoxJam_0/inst/BlackBoxJam_hostmem_m_axi_U/bus_read/buff_rdata/mem_reg/WEBWE[7] (net: procsys_i/BlackBoxJam_0/inst/BlackBoxJam_hostmem_m_axi_U/bus_read/buff_rdata/m_axi_hostmem_RVALID) which is driven by a register (procsys_i/axi_mem_intercon/s00_couplers/auto_pc/inst/gen_axi4_axi3.axi3_conv_inst/USE_WRITE.write_addr_inst/USE_BURSTS.cmd_queue/inst/fifo_gen_inst/inst_fifo_gen/gconvfifo.rf/grf.rf/gntv_or_sync_fifo.gl0.wr/gwss.wsts/ram_full_i_reg) that has an active asychronous set or reset. This may cause corruption of the memory contents and/or read values when the set/reset is asserted and is not analyzed by the default static timing analysis. It is suggested to eliminate the use of a set/reset to registers driving this RAMB pin or else use a synchronous reset in which the assertion of the reset is timed by default.
Related violations: <none>

REQP-1839#20 Warning
RAMB36 async control check  
The RAMB36E1 procsys_i/BlackBoxJam_0/inst/BlackBoxJam_hostmem_m_axi_U/bus_read/buff_rdata/mem_reg has an input control pin procsys_i/BlackBoxJam_0/inst/BlackBoxJam_hostmem_m_axi_U/bus_read/buff_rdata/mem_reg/WEBWE[7] (net: procsys_i/BlackBoxJam_0/inst/BlackBoxJam_hostmem_m_axi_U/bus_read/buff_rdata/m_axi_hostmem_RVALID) which is driven by a register (procsys_i/axi_mem_intercon/s00_couplers/auto_pc/inst/gen_axi4_axi3.axi3_conv_inst/USE_WRITE.write_addr_inst/USE_B_CHANNEL.cmd_b_queue/inst/fifo_gen_inst/inst_fifo_gen/gconvfifo.rf/grf.rf/gntv_or_sync_fifo.gl0.wr/gwss.wsts/ram_full_i_reg) that has an active asychronous set or reset. This may cause corruption of the memory contents and/or read values when the set/reset is asserted and is not analyzed by the default static timing analysis. It is suggested to eliminate the use of a set/reset to registers driving this RAMB pin or else use a synchronous reset in which the assertion of the reset is timed by default.
Related violations: <none>


