

================================================================
== Vivado HLS Report for 'Stream2Mem_Batch'
================================================================
* Date:           Thu May  7 18:29:36 2020

* Version:        2016.3 (Build 1682563 on Mon Oct 10 19:41:59 MDT 2016)
* Project:        lfcW1A1-pynqZ1-Z2
* Solution:       sol1
* Product family: zynq
* Target device:  xc7z020clg400-1


================================================================
== Performance Estimates
================================================================
+ Timing (ns): 
    * Summary: 
    +--------+-------+----------+------------+
    |  Clock | Target| Estimated| Uncertainty|
    +--------+-------+----------+------------+
    |ap_clk  |   5.00|      4.38|        0.62|
    +--------+-------+----------+------------+

+ Latency (clock cycles): 
    * Summary: 
    +-----+-----+-----+-----+---------+
    |  Latency  |  Interval | Pipeline|
    | min | max | min | max |   Type  |
    +-----+-----+-----+-----+---------+
    |    ?|    ?|    ?|    ?|   none  |
    +-----+-----+-----+-----+---------+

    + Detail: 
        * Instance: 
        N/A

        * Loop: 
        +----------+-----+-----+----------+-----------+-----------+------+----------+
        |          |  Latency  | Iteration|  Initiation Interval  | Trip |          |
        | Loop Name| min | max |  Latency |  achieved |   target  | Count| Pipelined|
        +----------+-----+-----+----------+-----------+-----------+------+----------+
        |- Loop 1  |    ?|    ?|  9 ~ 27  |          -|          -|     ?|    no    |
        +----------+-----+-----+----------+-----------+-----------+------+----------+

============================================================
+ Verbose Summary: Synthesis Manager
============================================================
InlineROM: 1
ExposeGlobal: 0
============================================================
+ Verbose Summary: CDFG Model
============================================================
IsTopModel: 0
ResetActiveHigh: 1
IsCombinational: 2
IsDatapathOnly: 0
HasWiredReturn: 1
HasMFsm: 0
HasVarLatency: 1
IsPipeline: 0
IsRtlPipelined: 0
IsInstanceOverlapped: 0
IsDontTouch: 0
HasImplIP: 0
IsGatedGlobalClock: 0


============================================================
+ Verbose Summary: Schedule
============================================================
* Number of FSM states: 11
* Pipeline: 0
* Dataflow Pipeline: 0

* FSM state transitions: 
1 --> 
	2  / true
2 --> 
	3  / (!tmp_i_i_i & !tmp_1_i_i_i)
	11  / (!tmp_i_i_i & tmp_1_i_i_i)
3 --> 
	4  / true
4 --> 
	5  / true
5 --> 
	6  / true
6 --> 
	7  / true
7 --> 
	8  / true
8 --> 
	9  / true
9 --> 
	10  / true
10 --> 
	2  / true
11 --> 
	10  / true
* FSM state operations: 

 <State 1>: 1.57ns
ST_1: rep (5)  [1/1] 0.00ns
entry:0  %rep = alloca i32

ST_1: StgValue_13 (6)  [1/1] 0.00ns
entry:1  call void (...)* @_ssdm_op_SpecInterface(i64* %memOutStrm_V_V, [8 x i8]* @ap_fifo_str, i32 0, i32 0, [1 x i8]* @p_str, i32 0, i32 0, [1 x i8]* @p_str, [1 x i8]* @p_str, [1 x i8]* @p_str, i32 2, i32 2, i32 16, i32 16, [1 x i8]* @p_str, [1 x i8]* @p_str)

ST_1: StgValue_14 (7)  [1/1] 0.00ns
entry:2  call void (...)* @_ssdm_op_SpecInterface(i64* %in_V, [6 x i8]* @p_str16, i32 0, i32 0, [1 x i8]* @p_str13, i32 0, i32 256, [8 x i8]* @p_str17, [6 x i8]* @p_str18, [1 x i8]* @p_str13, i32 16, i32 16, i32 16, i32 16, [1 x i8]* @p_str13, [1 x i8]* @p_str13)

ST_1: StgValue_15 (8)  [1/1] 0.00ns
entry:3  call void (...)* @_ssdm_op_SpecInterface(i64* %in_V, [6 x i8]* @p_str16, i32 0, i32 0, [1 x i8]* @p_str13, i32 0, i32 256, [8 x i8]* @p_str17, [6 x i8]* @p_str18, [1 x i8]* @p_str13, i32 16, i32 16, i32 16, i32 16, [1 x i8]* @p_str13, [1 x i8]* @p_str13)

ST_1: StgValue_16 (9)  [1/1] 0.00ns
entry:4  call void (...)* @_ssdm_op_SpecInterface(i32* %numReps_channel22, [8 x i8]* @ap_fifo_str, i32 0, i32 0, [1 x i8]* @p_str, i32 0, i32 0, [1 x i8]* @p_str, [1 x i8]* @p_str, [1 x i8]* @p_str, i32 2, i32 2, i32 16, i32 16, [1 x i8]* @p_str, [1 x i8]* @p_str)

ST_1: StgValue_17 (10)  [1/1] 0.00ns
entry:5  call void (...)* @_ssdm_op_SpecInterface(i61* %out_V3, [8 x i8]* @ap_fifo_str, i32 0, i32 0, [1 x i8]* @p_str, i32 0, i32 0, [1 x i8]* @p_str, [1 x i8]* @p_str, [1 x i8]* @p_str, i32 2, i32 2, i32 16, i32 16, [1 x i8]* @p_str, [1 x i8]* @p_str)

ST_1: out_V3_read (11)  [1/1] 1.00ns
entry:6  %out_V3_read = call i61 @_ssdm_op_Read.ap_fifo.i61P(i61* %out_V3)

ST_1: StgValue_19 (12)  [1/1] 0.00ns
entry:7  call void (...)* @_ssdm_op_SpecInterface(i64* %memOutStrm_V_V, [8 x i8]* @ap_fifo_str, i32 0, i32 0, [1 x i8]* @p_str, i32 0, i32 0, [1 x i8]* @p_str, [1 x i8]* @p_str, [1 x i8]* @p_str, i32 2, i32 2, i32 16, i32 16, [1 x i8]* @p_str, [1 x i8]* @p_str)

ST_1: StgValue_20 (13)  [1/1] 0.00ns
entry:8  call void (...)* @_ssdm_op_SpecInterface(i64* %in_V, [6 x i8]* @p_str16, i32 0, i32 0, [1 x i8]* @p_str13, i32 0, i32 256, [8 x i8]* @p_str17, [6 x i8]* @p_str18, [1 x i8]* @p_str13, i32 16, i32 16, i32 16, i32 16, [1 x i8]* @p_str13, [1 x i8]* @p_str13)

ST_1: StgValue_21 (14)  [1/1] 0.00ns
entry:9  call void (...)* @_ssdm_op_SpecInterface(i32* %numReps_channel22, [8 x i8]* @ap_fifo_str, i32 0, i32 0, [1 x i8]* @p_str, i32 0, i32 0, [1 x i8]* @p_str, [1 x i8]* @p_str, [1 x i8]* @p_str, i32 2, i32 2, i32 16, i32 16, [1 x i8]* @p_str, [1 x i8]* @p_str)

ST_1: numReps_channel22_re (15)  [1/1] 1.00ns
entry:10  %numReps_channel22_re = call i32 @_ssdm_op_Read.ap_fifo.i32P(i32* %numReps_channel22)

ST_1: StgValue_23 (16)  [1/1] 0.00ns
entry:11  call void (...)* @_ssdm_op_SpecInterface(i64* %in_V, [6 x i8]* @p_str16, i32 0, i32 0, [1 x i8]* @p_str13, i32 0, i32 256, [8 x i8]* @p_str17, [6 x i8]* @p_str18, [1 x i8]* @p_str13, i32 16, i32 16, i32 16, i32 16, [1 x i8]* @p_str13, [1 x i8]* @p_str13)

ST_1: StgValue_24 (17)  [1/1] 1.57ns
entry:12  store i32 0, i32* %rep

ST_1: StgValue_25 (18)  [1/1] 0.00ns  loc: /home/jf2715/BNN-PYNQ/bnn/src//library/finn-hlslib/dma.h:187->/home/jf2715/BNN-PYNQ/bnn/src//network/lfcW1A1/hw/top.cpp:142
entry:13  br label %.backedge.i.i.i


 <State 2>: 4.32ns
ST_2: rep_load (20)  [1/1] 0.00ns  loc: /home/jf2715/BNN-PYNQ/bnn/src//library/finn-hlslib/dma.h:192->/home/jf2715/BNN-PYNQ/bnn/src//network/lfcW1A1/hw/top.cpp:142
.backedge.i.i.i:0  %rep_load = load i32* %rep

ST_2: tmp_i_i_i (21)  [1/1] 2.52ns  loc: /home/jf2715/BNN-PYNQ/bnn/src//library/finn-hlslib/dma.h:187->/home/jf2715/BNN-PYNQ/bnn/src//network/lfcW1A1/hw/top.cpp:142
.backedge.i.i.i:1  %tmp_i_i_i = icmp eq i32 %rep_load, %numReps_channel22_re

ST_2: StgValue_28 (22)  [1/1] 0.00ns  loc: /home/jf2715/BNN-PYNQ/bnn/src//library/finn-hlslib/dma.h:187->/home/jf2715/BNN-PYNQ/bnn/src//network/lfcW1A1/hw/top.cpp:142
.backedge.i.i.i:2  br i1 %tmp_i_i_i, label %.exit, label %0

ST_2: repsLeft (24)  [1/1] 2.44ns  loc: /home/jf2715/BNN-PYNQ/bnn/src//library/finn-hlslib/dma.h:188->/home/jf2715/BNN-PYNQ/bnn/src//network/lfcW1A1/hw/top.cpp:142
:0  %repsLeft = sub i32 %numReps_channel22_re, %rep_load

ST_2: tmp (25)  [1/1] 0.00ns  loc: /home/jf2715/BNN-PYNQ/bnn/src//library/finn-hlslib/dma.h:188->/home/jf2715/BNN-PYNQ/bnn/src//network/lfcW1A1/hw/top.cpp:142
:1  %tmp = trunc i32 %repsLeft to i4

ST_2: tmp_1_i_i_i (26)  [1/1] 1.88ns  loc: /home/jf2715/BNN-PYNQ/bnn/src//library/finn-hlslib/dma.h:189->/home/jf2715/BNN-PYNQ/bnn/src//network/lfcW1A1/hw/top.cpp:142
:2  %tmp_1_i_i_i = icmp eq i4 %tmp, 0

ST_2: StgValue_32 (27)  [1/1] 0.00ns  loc: /home/jf2715/BNN-PYNQ/bnn/src//library/finn-hlslib/dma.h:189->/home/jf2715/BNN-PYNQ/bnn/src//network/lfcW1A1/hw/top.cpp:142
:3  br i1 %tmp_1_i_i_i, label %1, label %2

ST_2: StgValue_33 (34)  [2/2] 3.40ns  loc: /home/jf2715/BNN-PYNQ/bnn/src//library/finn-hlslib/dma.h:191->/home/jf2715/BNN-PYNQ/bnn/src//network/lfcW1A1/hw/top.cpp:142
:0  call fastcc void @Stream2Mem(i64* %memOutStrm_V_V, i64* %in_V, i61 %out_V3_read, i32 %rep_load)

ST_2: StgValue_34 (41)  [1/1] 0.00ns
.exit:0  ret void


 <State 3>: 4.01ns
ST_3: StgValue_35 (29)  [8/8] 3.40ns  loc: /home/jf2715/BNN-PYNQ/bnn/src//library/finn-hlslib/dma.h:195->/home/jf2715/BNN-PYNQ/bnn/src//network/lfcW1A1/hw/top.cpp:142
:0  call fastcc void @"Stream2Mem<64u, 8u>"(i64* %memOutStrm_V_V, i64* %in_V, i61 %out_V3_read, i32 %rep_load)

ST_3: rep_2 (30)  [1/1] 2.44ns  loc: /home/jf2715/BNN-PYNQ/bnn/src//library/finn-hlslib/dma.h:196->/home/jf2715/BNN-PYNQ/bnn/src//network/lfcW1A1/hw/top.cpp:142
:1  %rep_2 = add i32 %rep_load, 1

ST_3: StgValue_37 (31)  [1/1] 1.57ns  loc: /home/jf2715/BNN-PYNQ/bnn/src//library/finn-hlslib/dma.h:196->/home/jf2715/BNN-PYNQ/bnn/src//network/lfcW1A1/hw/top.cpp:142
:2  store i32 %rep_2, i32* %rep


 <State 4>: 0.00ns
ST_4: StgValue_38 (29)  [7/8] 0.00ns  loc: /home/jf2715/BNN-PYNQ/bnn/src//library/finn-hlslib/dma.h:195->/home/jf2715/BNN-PYNQ/bnn/src//network/lfcW1A1/hw/top.cpp:142
:0  call fastcc void @"Stream2Mem<64u, 8u>"(i64* %memOutStrm_V_V, i64* %in_V, i61 %out_V3_read, i32 %rep_load)


 <State 5>: 0.00ns
ST_5: StgValue_39 (29)  [6/8] 0.00ns  loc: /home/jf2715/BNN-PYNQ/bnn/src//library/finn-hlslib/dma.h:195->/home/jf2715/BNN-PYNQ/bnn/src//network/lfcW1A1/hw/top.cpp:142
:0  call fastcc void @"Stream2Mem<64u, 8u>"(i64* %memOutStrm_V_V, i64* %in_V, i61 %out_V3_read, i32 %rep_load)


 <State 6>: 0.00ns
ST_6: StgValue_40 (29)  [5/8] 0.00ns  loc: /home/jf2715/BNN-PYNQ/bnn/src//library/finn-hlslib/dma.h:195->/home/jf2715/BNN-PYNQ/bnn/src//network/lfcW1A1/hw/top.cpp:142
:0  call fastcc void @"Stream2Mem<64u, 8u>"(i64* %memOutStrm_V_V, i64* %in_V, i61 %out_V3_read, i32 %rep_load)


 <State 7>: 0.00ns
ST_7: StgValue_41 (29)  [4/8] 0.00ns  loc: /home/jf2715/BNN-PYNQ/bnn/src//library/finn-hlslib/dma.h:195->/home/jf2715/BNN-PYNQ/bnn/src//network/lfcW1A1/hw/top.cpp:142
:0  call fastcc void @"Stream2Mem<64u, 8u>"(i64* %memOutStrm_V_V, i64* %in_V, i61 %out_V3_read, i32 %rep_load)


 <State 8>: 0.00ns
ST_8: StgValue_42 (29)  [3/8] 0.00ns  loc: /home/jf2715/BNN-PYNQ/bnn/src//library/finn-hlslib/dma.h:195->/home/jf2715/BNN-PYNQ/bnn/src//network/lfcW1A1/hw/top.cpp:142
:0  call fastcc void @"Stream2Mem<64u, 8u>"(i64* %memOutStrm_V_V, i64* %in_V, i61 %out_V3_read, i32 %rep_load)


 <State 9>: 0.00ns
ST_9: StgValue_43 (29)  [2/8] 0.00ns  loc: /home/jf2715/BNN-PYNQ/bnn/src//library/finn-hlslib/dma.h:195->/home/jf2715/BNN-PYNQ/bnn/src//network/lfcW1A1/hw/top.cpp:142
:0  call fastcc void @"Stream2Mem<64u, 8u>"(i64* %memOutStrm_V_V, i64* %in_V, i61 %out_V3_read, i32 %rep_load)


 <State 10>: 0.00ns
ST_10: StgValue_44 (29)  [1/8] 0.00ns  loc: /home/jf2715/BNN-PYNQ/bnn/src//library/finn-hlslib/dma.h:195->/home/jf2715/BNN-PYNQ/bnn/src//network/lfcW1A1/hw/top.cpp:142
:0  call fastcc void @"Stream2Mem<64u, 8u>"(i64* %memOutStrm_V_V, i64* %in_V, i61 %out_V3_read, i32 %rep_load)

ST_10: StgValue_45 (32)  [1/1] 0.00ns
:3  br label %.backedge.i.i.i.backedge

ST_10: StgValue_46 (39)  [1/1] 0.00ns
.backedge.i.i.i.backedge:0  br label %.backedge.i.i.i


 <State 11>: 4.01ns
ST_11: StgValue_47 (34)  [1/2] 0.00ns  loc: /home/jf2715/BNN-PYNQ/bnn/src//library/finn-hlslib/dma.h:191->/home/jf2715/BNN-PYNQ/bnn/src//network/lfcW1A1/hw/top.cpp:142
:0  call fastcc void @Stream2Mem(i64* %memOutStrm_V_V, i64* %in_V, i61 %out_V3_read, i32 %rep_load)

ST_11: rep_1 (35)  [1/1] 2.44ns  loc: /home/jf2715/BNN-PYNQ/bnn/src//library/finn-hlslib/dma.h:192->/home/jf2715/BNN-PYNQ/bnn/src//network/lfcW1A1/hw/top.cpp:142
:1  %rep_1 = add i32 %rep_load, 16

ST_11: StgValue_49 (36)  [1/1] 1.57ns  loc: /home/jf2715/BNN-PYNQ/bnn/src//library/finn-hlslib/dma.h:192->/home/jf2715/BNN-PYNQ/bnn/src//network/lfcW1A1/hw/top.cpp:142
:2  store i32 %rep_1, i32* %rep

ST_11: StgValue_50 (37)  [1/1] 0.00ns  loc: /home/jf2715/BNN-PYNQ/bnn/src//library/finn-hlslib/dma.h:193->/home/jf2715/BNN-PYNQ/bnn/src//network/lfcW1A1/hw/top.cpp:142
:3  br label %.backedge.i.i.i.backedge



============================================================
+ Verbose Summary: Timing violations
============================================================
Target clock period: 5ns, clock uncertainty: 0.625ns.

 <State 1>: 1.57ns
The critical path consists of the following:
	'alloca' operation ('rep') [5]  (0 ns)
	'store' operation of constant 0 on local variable 'rep' [17]  (1.57 ns)

 <State 2>: 4.32ns
The critical path consists of the following:
	'load' operation ('rep_load', /home/jf2715/BNN-PYNQ/bnn/src//library/finn-hlslib/dma.h:192->/home/jf2715/BNN-PYNQ/bnn/src//network/lfcW1A1/hw/top.cpp:142) on local variable 'rep' [20]  (0 ns)
	'sub' operation ('repsLeft', /home/jf2715/BNN-PYNQ/bnn/src//library/finn-hlslib/dma.h:188->/home/jf2715/BNN-PYNQ/bnn/src//network/lfcW1A1/hw/top.cpp:142) [24]  (2.44 ns)
	'icmp' operation ('tmp_1_i_i_i', /home/jf2715/BNN-PYNQ/bnn/src//library/finn-hlslib/dma.h:189->/home/jf2715/BNN-PYNQ/bnn/src//network/lfcW1A1/hw/top.cpp:142) [26]  (1.88 ns)

 <State 3>: 4.01ns
The critical path consists of the following:
	'add' operation ('rep', /home/jf2715/BNN-PYNQ/bnn/src//library/finn-hlslib/dma.h:196->/home/jf2715/BNN-PYNQ/bnn/src//network/lfcW1A1/hw/top.cpp:142) [30]  (2.44 ns)
	'store' operation (/home/jf2715/BNN-PYNQ/bnn/src//library/finn-hlslib/dma.h:196->/home/jf2715/BNN-PYNQ/bnn/src//network/lfcW1A1/hw/top.cpp:142) of variable 'rep', /home/jf2715/BNN-PYNQ/bnn/src//library/finn-hlslib/dma.h:196->/home/jf2715/BNN-PYNQ/bnn/src//network/lfcW1A1/hw/top.cpp:142 on local variable 'rep' [31]  (1.57 ns)

 <State 4>: 0ns
The critical path consists of the following:

 <State 5>: 0ns
The critical path consists of the following:

 <State 6>: 0ns
The critical path consists of the following:

 <State 7>: 0ns
The critical path consists of the following:

 <State 8>: 0ns
The critical path consists of the following:

 <State 9>: 0ns
The critical path consists of the following:

 <State 10>: 0ns
The critical path consists of the following:

 <State 11>: 4.01ns
The critical path consists of the following:
	'add' operation ('rep', /home/jf2715/BNN-PYNQ/bnn/src//library/finn-hlslib/dma.h:192->/home/jf2715/BNN-PYNQ/bnn/src//network/lfcW1A1/hw/top.cpp:142) [35]  (2.44 ns)
	'store' operation (/home/jf2715/BNN-PYNQ/bnn/src//library/finn-hlslib/dma.h:192->/home/jf2715/BNN-PYNQ/bnn/src//network/lfcW1A1/hw/top.cpp:142) of variable 'rep', /home/jf2715/BNN-PYNQ/bnn/src//library/finn-hlslib/dma.h:192->/home/jf2715/BNN-PYNQ/bnn/src//network/lfcW1A1/hw/top.cpp:142 on local variable 'rep' [36]  (1.57 ns)


============================================================
+ Verbose Summary: Binding
============================================================
N/A
* FSMD analyzer results:
  - Output states:
 - Input state : 
  - Chain level:
	State 1
	State 2
	State 3
	State 4
	State 5
	State 6
	State 7
	State 8
	State 9
	State 10
	State 11


============================================================
+ Verbose Summary: Datapath Resource usage 
============================================================
N/A
